DEBUG - 2025-06-15 13:26:44 --> Session: Class initialized using 'CodeIgniter\Session\Handlers\FileHandler' driver.
CRITICAL - 2025-06-15 14:21:59 --> CodeIgniter\Exceptions\ModelException: You cannot use "getCompiledSelect()" in "App\Models\RiwayatModel". This is a method of the Query Builder Class.
[Method: GET, Route: api/perangkat/lantai/1]
in SYSTEMPATH\Model.php on line 946.
 1 SYSTEMPATH\Model.php(946): CodeIgniter\Exceptions\ModelException::forMethodNotAvailable('App\\Models\\RiwayatModel', 'getCompiledSelect()')
 2 SYSTEMPATH\Model.php(926): CodeIgniter\Model->checkBuilderMethod('getCompiledSelect')
 3 APPPATH\Controllers\API\ApiController.php(54): CodeIgniter\Model->__call('getCompiledSelect', [])
 4 SYSTEMPATH\CodeIgniter.php(933): App\Controllers\API\ApiController->getPerangkatByLantai('1')
 5 SYSTEMPATH\CodeIgniter.php(507): CodeIgniter\CodeIgniter->runController(Object(App\Controllers\API\ApiController))
 6 SYSTEMPATH\CodeIgniter.php(354): CodeIgniter\CodeIgniter->handleRequest(null, Object(Config\Cache), false)
 7 SYSTEMPATH\Boot.php(334): CodeIgniter\CodeIgniter->run()
 8 SYSTEMPATH\Boot.php(67): CodeIgniter\Boot::runCodeIgniter(Object(CodeIgniter\CodeIgniter))
 9 FCPATH\index.php(56): CodeIgniter\Boot::bootWeb(Object(Config\Paths))
ERROR - 2025-06-15 14:29:55 --> mysqli_sql_exception: Cannot delete or update a parent row: a foreign key constraint fails (`monitor_bencana`.`riwayat_perangkat`, CONSTRAINT `riwayat_perangkat_ibfk_1` FOREIGN KEY (`id_perangkat`) REFERENCES `perangkat` (`id_perangkat`)) in C:\xampp\htdocs\sistem-monitoring-kebencanaan\system\Database\MySQLi\Connection.php:327
Stack trace:
#0 C:\xampp\htdocs\sistem-monitoring-kebencanaan\system\Database\MySQLi\Connection.php(327): mysqli->query('DELETE FROM `pe...', 0)
#1 C:\xampp\htdocs\sistem-monitoring-kebencanaan\system\Database\BaseConnection.php(738): CodeIgniter\Database\MySQLi\Connection->execute('DELETE FROM `pe...')
#2 C:\xampp\htdocs\sistem-monitoring-kebencanaan\system\Database\BaseConnection.php(652): CodeIgniter\Database\BaseConnection->simpleQuery('DELETE FROM `pe...')
#3 C:\xampp\htdocs\sistem-monitoring-kebencanaan\system\Database\BaseBuilder.php(2848): CodeIgniter\Database\BaseConnection->query('DELETE FROM `pe...', Array, false)
#4 C:\xampp\htdocs\sistem-monitoring-kebencanaan\system\Model.php(521): CodeIgniter\Database\BaseBuilder->delete()
#5 C:\xampp\htdocs\sistem-monitoring-kebencanaan\system\BaseModel.php(1157): CodeIgniter\Model->doDelete(Array, false)
#6 C:\xampp\htdocs\sistem-monitoring-kebencanaan\app\Controllers\PerangkatController.php(96): CodeIgniter\BaseModel->delete(Array)
#7 C:\xampp\htdocs\sistem-monitoring-kebencanaan\system\CodeIgniter.php(933): App\Controllers\PerangkatController->hapus('14')
#8 C:\xampp\htdocs\sistem-monitoring-kebencanaan\system\CodeIgniter.php(507): CodeIgniter\CodeIgniter->runController(Object(App\Controllers\PerangkatController))
#9 C:\xampp\htdocs\sistem-monitoring-kebencanaan\system\CodeIgniter.php(354): CodeIgniter\CodeIgniter->handleRequest(NULL, Object(Config\Cache), false)
#10 C:\xampp\htdocs\sistem-monitoring-kebencanaan\system\Boot.php(334): CodeIgniter\CodeIgniter->run()
#11 C:\xampp\htdocs\sistem-monitoring-kebencanaan\system\Boot.php(67): CodeIgniter\Boot::runCodeIgniter(Object(CodeIgniter\CodeIgniter))
#12 C:\xampp\htdocs\sistem-monitoring-kebencanaan\public\index.php(56): CodeIgniter\Boot::bootWeb(Object(Config\Paths))
#13 {main}
CRITICAL - 2025-06-15 14:29:55 --> CodeIgniter\Database\Exceptions\DatabaseException: Cannot delete or update a parent row: a foreign key constraint fails (`monitor_bencana`.`riwayat_perangkat`, CONSTRAINT `riwayat_perangkat_ibfk_1` FOREIGN KEY (`id_perangkat`) REFERENCES `perangkat` (`id_perangkat`))
[Method: DELETE, Route: perangkat/hapus/14]
in SYSTEMPATH\Database\BaseConnection.php on line 692.
 1 SYSTEMPATH\Database\BaseBuilder.php(2848): CodeIgniter\Database\BaseConnection->query('DELETE FROM `perangkat`
WHERE `id_perangkat` IN :id_perangkat:', [...], false)
 2 SYSTEMPATH\Model.php(521): CodeIgniter\Database\BaseBuilder->delete()
 3 SYSTEMPATH\BaseModel.php(1157): CodeIgniter\Model->doDelete([...], false)
 4 APPPATH\Controllers\PerangkatController.php(96): CodeIgniter\BaseModel->delete([...])
 5 SYSTEMPATH\CodeIgniter.php(933): App\Controllers\PerangkatController->hapus('14')
 6 SYSTEMPATH\CodeIgniter.php(507): CodeIgniter\CodeIgniter->runController(Object(App\Controllers\PerangkatController))
 7 SYSTEMPATH\CodeIgniter.php(354): CodeIgniter\CodeIgniter->handleRequest(null, Object(Config\Cache), false)
 8 SYSTEMPATH\Boot.php(334): CodeIgniter\CodeIgniter->run()
 9 SYSTEMPATH\Boot.php(67): CodeIgniter\Boot::runCodeIgniter(Object(CodeIgniter\CodeIgniter))
10 FCPATH\index.php(56): CodeIgniter\Boot::bootWeb(Object(Config\Paths))
CRITICAL - 2025-06-15 14:29:55 --> [Caused by] CodeIgniter\Database\Exceptions\DatabaseException: Cannot delete or update a parent row: a foreign key constraint fails (`monitor_bencana`.`riwayat_perangkat`, CONSTRAINT `riwayat_perangkat_ibfk_1` FOREIGN KEY (`id_perangkat`) REFERENCES `perangkat` (`id_perangkat`))
in SYSTEMPATH\Database\MySQLi\Connection.php on line 332.
 1 SYSTEMPATH\Database\BaseConnection.php(738): CodeIgniter\Database\MySQLi\Connection->execute('DELETE FROM `perangkat`
WHERE `id_perangkat` IN (\'14\')')
 2 SYSTEMPATH\Database\BaseConnection.php(652): CodeIgniter\Database\BaseConnection->simpleQuery('DELETE FROM `perangkat`
WHERE `id_perangkat` IN (\'14\')')
 3 SYSTEMPATH\Database\BaseBuilder.php(2848): CodeIgniter\Database\BaseConnection->query('DELETE FROM `perangkat`
WHERE `id_perangkat` IN :id_perangkat:', [...], false)
 4 SYSTEMPATH\Model.php(521): CodeIgniter\Database\BaseBuilder->delete()
 5 SYSTEMPATH\BaseModel.php(1157): CodeIgniter\Model->doDelete([...], false)
 6 APPPATH\Controllers\PerangkatController.php(96): CodeIgniter\BaseModel->delete([...])
 7 SYSTEMPATH\CodeIgniter.php(933): App\Controllers\PerangkatController->hapus('14')
 8 SYSTEMPATH\CodeIgniter.php(507): CodeIgniter\CodeIgniter->runController(Object(App\Controllers\PerangkatController))
 9 SYSTEMPATH\CodeIgniter.php(354): CodeIgniter\CodeIgniter->handleRequest(null, Object(Config\Cache), false)
10 SYSTEMPATH\Boot.php(334): CodeIgniter\CodeIgniter->run()
11 SYSTEMPATH\Boot.php(67): CodeIgniter\Boot::runCodeIgniter(Object(CodeIgniter\CodeIgniter))
12 FCPATH\index.php(56): CodeIgniter\Boot::bootWeb(Object(Config\Paths))
CRITICAL - 2025-06-15 14:29:55 --> [Caused by] mysqli_sql_exception: Cannot delete or update a parent row: a foreign key constraint fails (`monitor_bencana`.`riwayat_perangkat`, CONSTRAINT `riwayat_perangkat_ibfk_1` FOREIGN KEY (`id_perangkat`) REFERENCES `perangkat` (`id_perangkat`))
in SYSTEMPATH\Database\MySQLi\Connection.php on line 327.
 1 SYSTEMPATH\Database\MySQLi\Connection.php(327): mysqli->query('DELETE FROM `perangkat`
WHERE `id_perangkat` IN (\'14\')', 0)
 2 SYSTEMPATH\Database\BaseConnection.php(738): CodeIgniter\Database\MySQLi\Connection->execute('DELETE FROM `perangkat`
WHERE `id_perangkat` IN (\'14\')')
 3 SYSTEMPATH\Database\BaseConnection.php(652): CodeIgniter\Database\BaseConnection->simpleQuery('DELETE FROM `perangkat`
WHERE `id_perangkat` IN (\'14\')')
 4 SYSTEMPATH\Database\BaseBuilder.php(2848): CodeIgniter\Database\BaseConnection->query('DELETE FROM `perangkat`
WHERE `id_perangkat` IN :id_perangkat:', [...], false)
 5 SYSTEMPATH\Model.php(521): CodeIgniter\Database\BaseBuilder->delete()
 6 SYSTEMPATH\BaseModel.php(1157): CodeIgniter\Model->doDelete([...], false)
 7 APPPATH\Controllers\PerangkatController.php(96): CodeIgniter\BaseModel->delete([...])
 8 SYSTEMPATH\CodeIgniter.php(933): App\Controllers\PerangkatController->hapus('14')
 9 SYSTEMPATH\CodeIgniter.php(507): CodeIgniter\CodeIgniter->runController(Object(App\Controllers\PerangkatController))
10 SYSTEMPATH\CodeIgniter.php(354): CodeIgniter\CodeIgniter->handleRequest(null, Object(Config\Cache), false)
11 SYSTEMPATH\Boot.php(334): CodeIgniter\CodeIgniter->run()
12 SYSTEMPATH\Boot.php(67): CodeIgniter\Boot::runCodeIgniter(Object(CodeIgniter\CodeIgniter))
13 FCPATH\index.php(56): CodeIgniter\Boot::bootWeb(Object(Config\Paths))
ERROR - 2025-06-15 14:30:27 --> mysqli_sql_exception: Cannot delete or update a parent row: a foreign key constraint fails (`monitor_bencana`.`riwayat_perangkat`, CONSTRAINT `riwayat_perangkat_ibfk_1` FOREIGN KEY (`id_perangkat`) REFERENCES `perangkat` (`id_perangkat`)) in C:\xampp\htdocs\sistem-monitoring-kebencanaan\system\Database\MySQLi\Connection.php:327
Stack trace:
#0 C:\xampp\htdocs\sistem-monitoring-kebencanaan\system\Database\MySQLi\Connection.php(327): mysqli->query('DELETE FROM `pe...', 0)
#1 C:\xampp\htdocs\sistem-monitoring-kebencanaan\system\Database\BaseConnection.php(738): CodeIgniter\Database\MySQLi\Connection->execute('DELETE FROM `pe...')
#2 C:\xampp\htdocs\sistem-monitoring-kebencanaan\system\Database\BaseConnection.php(652): CodeIgniter\Database\BaseConnection->simpleQuery('DELETE FROM `pe...')
#3 C:\xampp\htdocs\sistem-monitoring-kebencanaan\system\Database\BaseBuilder.php(2848): CodeIgniter\Database\BaseConnection->query('DELETE FROM `pe...', Array, false)
#4 C:\xampp\htdocs\sistem-monitoring-kebencanaan\system\Model.php(521): CodeIgniter\Database\BaseBuilder->delete()
#5 C:\xampp\htdocs\sistem-monitoring-kebencanaan\system\BaseModel.php(1157): CodeIgniter\Model->doDelete(Array, false)
#6 C:\xampp\htdocs\sistem-monitoring-kebencanaan\app\Controllers\PerangkatController.php(96): CodeIgniter\BaseModel->delete(Array)
#7 C:\xampp\htdocs\sistem-monitoring-kebencanaan\system\CodeIgniter.php(933): App\Controllers\PerangkatController->hapus('14')
#8 C:\xampp\htdocs\sistem-monitoring-kebencanaan\system\CodeIgniter.php(507): CodeIgniter\CodeIgniter->runController(Object(App\Controllers\PerangkatController))
#9 C:\xampp\htdocs\sistem-monitoring-kebencanaan\system\CodeIgniter.php(354): CodeIgniter\CodeIgniter->handleRequest(NULL, Object(Config\Cache), false)
#10 C:\xampp\htdocs\sistem-monitoring-kebencanaan\system\Boot.php(334): CodeIgniter\CodeIgniter->run()
#11 C:\xampp\htdocs\sistem-monitoring-kebencanaan\system\Boot.php(67): CodeIgniter\Boot::runCodeIgniter(Object(CodeIgniter\CodeIgniter))
#12 C:\xampp\htdocs\sistem-monitoring-kebencanaan\public\index.php(56): CodeIgniter\Boot::bootWeb(Object(Config\Paths))
#13 {main}
CRITICAL - 2025-06-15 14:30:27 --> CodeIgniter\Database\Exceptions\DatabaseException: Cannot delete or update a parent row: a foreign key constraint fails (`monitor_bencana`.`riwayat_perangkat`, CONSTRAINT `riwayat_perangkat_ibfk_1` FOREIGN KEY (`id_perangkat`) REFERENCES `perangkat` (`id_perangkat`))
[Method: DELETE, Route: perangkat/hapus/14]
in SYSTEMPATH\Database\BaseConnection.php on line 692.
 1 SYSTEMPATH\Database\BaseBuilder.php(2848): CodeIgniter\Database\BaseConnection->query('DELETE FROM `perangkat`
WHERE `id_perangkat` IN :id_perangkat:', [...], false)
 2 SYSTEMPATH\Model.php(521): CodeIgniter\Database\BaseBuilder->delete()
 3 SYSTEMPATH\BaseModel.php(1157): CodeIgniter\Model->doDelete([...], false)
 4 APPPATH\Controllers\PerangkatController.php(96): CodeIgniter\BaseModel->delete([...])
 5 SYSTEMPATH\CodeIgniter.php(933): App\Controllers\PerangkatController->hapus('14')
 6 SYSTEMPATH\CodeIgniter.php(507): CodeIgniter\CodeIgniter->runController(Object(App\Controllers\PerangkatController))
 7 SYSTEMPATH\CodeIgniter.php(354): CodeIgniter\CodeIgniter->handleRequest(null, Object(Config\Cache), false)
 8 SYSTEMPATH\Boot.php(334): CodeIgniter\CodeIgniter->run()
 9 SYSTEMPATH\Boot.php(67): CodeIgniter\Boot::runCodeIgniter(Object(CodeIgniter\CodeIgniter))
10 FCPATH\index.php(56): CodeIgniter\Boot::bootWeb(Object(Config\Paths))
CRITICAL - 2025-06-15 14:30:27 --> [Caused by] CodeIgniter\Database\Exceptions\DatabaseException: Cannot delete or update a parent row: a foreign key constraint fails (`monitor_bencana`.`riwayat_perangkat`, CONSTRAINT `riwayat_perangkat_ibfk_1` FOREIGN KEY (`id_perangkat`) REFERENCES `perangkat` (`id_perangkat`))
in SYSTEMPATH\Database\MySQLi\Connection.php on line 332.
 1 SYSTEMPATH\Database\BaseConnection.php(738): CodeIgniter\Database\MySQLi\Connection->execute('DELETE FROM `perangkat`
WHERE `id_perangkat` IN (\'14\')')
 2 SYSTEMPATH\Database\BaseConnection.php(652): CodeIgniter\Database\BaseConnection->simpleQuery('DELETE FROM `perangkat`
WHERE `id_perangkat` IN (\'14\')')
 3 SYSTEMPATH\Database\BaseBuilder.php(2848): CodeIgniter\Database\BaseConnection->query('DELETE FROM `perangkat`
WHERE `id_perangkat` IN :id_perangkat:', [...], false)
 4 SYSTEMPATH\Model.php(521): CodeIgniter\Database\BaseBuilder->delete()
 5 SYSTEMPATH\BaseModel.php(1157): CodeIgniter\Model->doDelete([...], false)
 6 APPPATH\Controllers\PerangkatController.php(96): CodeIgniter\BaseModel->delete([...])
 7 SYSTEMPATH\CodeIgniter.php(933): App\Controllers\PerangkatController->hapus('14')
 8 SYSTEMPATH\CodeIgniter.php(507): CodeIgniter\CodeIgniter->runController(Object(App\Controllers\PerangkatController))
 9 SYSTEMPATH\CodeIgniter.php(354): CodeIgniter\CodeIgniter->handleRequest(null, Object(Config\Cache), false)
10 SYSTEMPATH\Boot.php(334): CodeIgniter\CodeIgniter->run()
11 SYSTEMPATH\Boot.php(67): CodeIgniter\Boot::runCodeIgniter(Object(CodeIgniter\CodeIgniter))
12 FCPATH\index.php(56): CodeIgniter\Boot::bootWeb(Object(Config\Paths))
CRITICAL - 2025-06-15 14:30:27 --> [Caused by] mysqli_sql_exception: Cannot delete or update a parent row: a foreign key constraint fails (`monitor_bencana`.`riwayat_perangkat`, CONSTRAINT `riwayat_perangkat_ibfk_1` FOREIGN KEY (`id_perangkat`) REFERENCES `perangkat` (`id_perangkat`))
in SYSTEMPATH\Database\MySQLi\Connection.php on line 327.
 1 SYSTEMPATH\Database\MySQLi\Connection.php(327): mysqli->query('DELETE FROM `perangkat`
WHERE `id_perangkat` IN (\'14\')', 0)
 2 SYSTEMPATH\Database\BaseConnection.php(738): CodeIgniter\Database\MySQLi\Connection->execute('DELETE FROM `perangkat`
WHERE `id_perangkat` IN (\'14\')')
 3 SYSTEMPATH\Database\BaseConnection.php(652): CodeIgniter\Database\BaseConnection->simpleQuery('DELETE FROM `perangkat`
WHERE `id_perangkat` IN (\'14\')')
 4 SYSTEMPATH\Database\BaseBuilder.php(2848): CodeIgniter\Database\BaseConnection->query('DELETE FROM `perangkat`
WHERE `id_perangkat` IN :id_perangkat:', [...], false)
 5 SYSTEMPATH\Model.php(521): CodeIgniter\Database\BaseBuilder->delete()
 6 SYSTEMPATH\BaseModel.php(1157): CodeIgniter\Model->doDelete([...], false)
 7 APPPATH\Controllers\PerangkatController.php(96): CodeIgniter\BaseModel->delete([...])
 8 SYSTEMPATH\CodeIgniter.php(933): App\Controllers\PerangkatController->hapus('14')
 9 SYSTEMPATH\CodeIgniter.php(507): CodeIgniter\CodeIgniter->runController(Object(App\Controllers\PerangkatController))
10 SYSTEMPATH\CodeIgniter.php(354): CodeIgniter\CodeIgniter->handleRequest(null, Object(Config\Cache), false)
11 SYSTEMPATH\Boot.php(334): CodeIgniter\CodeIgniter->run()
12 SYSTEMPATH\Boot.php(67): CodeIgniter\Boot::runCodeIgniter(Object(CodeIgniter\CodeIgniter))
13 FCPATH\index.php(56): CodeIgniter\Boot::bootWeb(Object(Config\Paths))
ERROR - 2025-06-15 14:38:43 --> mysqli_sql_exception: Cannot delete or update a parent row: a foreign key constraint fails (`monitor_bencana`.`riwayat_perangkat`, CONSTRAINT `riwayat_perangkat_ibfk_1` FOREIGN KEY (`id_perangkat`) REFERENCES `perangkat` (`id_perangkat`)) in C:\xampp\htdocs\sistem-monitoring-kebencanaan\system\Database\MySQLi\Connection.php:327
Stack trace:
#0 C:\xampp\htdocs\sistem-monitoring-kebencanaan\system\Database\MySQLi\Connection.php(327): mysqli->query('DELETE FROM `pe...', 0)
#1 C:\xampp\htdocs\sistem-monitoring-kebencanaan\system\Database\BaseConnection.php(738): CodeIgniter\Database\MySQLi\Connection->execute('DELETE FROM `pe...')
#2 C:\xampp\htdocs\sistem-monitoring-kebencanaan\system\Database\BaseConnection.php(652): CodeIgniter\Database\BaseConnection->simpleQuery('DELETE FROM `pe...')
#3 C:\xampp\htdocs\sistem-monitoring-kebencanaan\system\Database\BaseBuilder.php(2848): CodeIgniter\Database\BaseConnection->query('DELETE FROM `pe...', Array, false)
#4 C:\xampp\htdocs\sistem-monitoring-kebencanaan\system\Model.php(521): CodeIgniter\Database\BaseBuilder->delete()
#5 C:\xampp\htdocs\sistem-monitoring-kebencanaan\system\BaseModel.php(1157): CodeIgniter\Model->doDelete(Array, false)
#6 C:\xampp\htdocs\sistem-monitoring-kebencanaan\app\Controllers\PerangkatController.php(96): CodeIgniter\BaseModel->delete(Array)
#7 C:\xampp\htdocs\sistem-monitoring-kebencanaan\system\CodeIgniter.php(933): App\Controllers\PerangkatController->hapus('14')
#8 C:\xampp\htdocs\sistem-monitoring-kebencanaan\system\CodeIgniter.php(507): CodeIgniter\CodeIgniter->runController(Object(App\Controllers\PerangkatController))
#9 C:\xampp\htdocs\sistem-monitoring-kebencanaan\system\CodeIgniter.php(354): CodeIgniter\CodeIgniter->handleRequest(NULL, Object(Config\Cache), false)
#10 C:\xampp\htdocs\sistem-monitoring-kebencanaan\system\Boot.php(334): CodeIgniter\CodeIgniter->run()
#11 C:\xampp\htdocs\sistem-monitoring-kebencanaan\system\Boot.php(67): CodeIgniter\Boot::runCodeIgniter(Object(CodeIgniter\CodeIgniter))
#12 C:\xampp\htdocs\sistem-monitoring-kebencanaan\public\index.php(56): CodeIgniter\Boot::bootWeb(Object(Config\Paths))
#13 {main}
CRITICAL - 2025-06-15 14:38:43 --> CodeIgniter\Database\Exceptions\DatabaseException: Cannot delete or update a parent row: a foreign key constraint fails (`monitor_bencana`.`riwayat_perangkat`, CONSTRAINT `riwayat_perangkat_ibfk_1` FOREIGN KEY (`id_perangkat`) REFERENCES `perangkat` (`id_perangkat`))
[Method: DELETE, Route: perangkat/hapus/14]
in SYSTEMPATH\Database\BaseConnection.php on line 692.
 1 SYSTEMPATH\Database\BaseBuilder.php(2848): CodeIgniter\Database\BaseConnection->query('DELETE FROM `perangkat`
WHERE `id_perangkat` IN :id_perangkat:', [...], false)
 2 SYSTEMPATH\Model.php(521): CodeIgniter\Database\BaseBuilder->delete()
 3 SYSTEMPATH\BaseModel.php(1157): CodeIgniter\Model->doDelete([...], false)
 4 APPPATH\Controllers\PerangkatController.php(96): CodeIgniter\BaseModel->delete([...])
 5 SYSTEMPATH\CodeIgniter.php(933): App\Controllers\PerangkatController->hapus('14')
 6 SYSTEMPATH\CodeIgniter.php(507): CodeIgniter\CodeIgniter->runController(Object(App\Controllers\PerangkatController))
 7 SYSTEMPATH\CodeIgniter.php(354): CodeIgniter\CodeIgniter->handleRequest(null, Object(Config\Cache), false)
 8 SYSTEMPATH\Boot.php(334): CodeIgniter\CodeIgniter->run()
 9 SYSTEMPATH\Boot.php(67): CodeIgniter\Boot::runCodeIgniter(Object(CodeIgniter\CodeIgniter))
10 FCPATH\index.php(56): CodeIgniter\Boot::bootWeb(Object(Config\Paths))
CRITICAL - 2025-06-15 14:38:43 --> [Caused by] CodeIgniter\Database\Exceptions\DatabaseException: Cannot delete or update a parent row: a foreign key constraint fails (`monitor_bencana`.`riwayat_perangkat`, CONSTRAINT `riwayat_perangkat_ibfk_1` FOREIGN KEY (`id_perangkat`) REFERENCES `perangkat` (`id_perangkat`))
in SYSTEMPATH\Database\MySQLi\Connection.php on line 332.
 1 SYSTEMPATH\Database\BaseConnection.php(738): CodeIgniter\Database\MySQLi\Connection->execute('DELETE FROM `perangkat`
WHERE `id_perangkat` IN (\'14\')')
 2 SYSTEMPATH\Database\BaseConnection.php(652): CodeIgniter\Database\BaseConnection->simpleQuery('DELETE FROM `perangkat`
WHERE `id_perangkat` IN (\'14\')')
 3 SYSTEMPATH\Database\BaseBuilder.php(2848): CodeIgniter\Database\BaseConnection->query('DELETE FROM `perangkat`
WHERE `id_perangkat` IN :id_perangkat:', [...], false)
 4 SYSTEMPATH\Model.php(521): CodeIgniter\Database\BaseBuilder->delete()
 5 SYSTEMPATH\BaseModel.php(1157): CodeIgniter\Model->doDelete([...], false)
 6 APPPATH\Controllers\PerangkatController.php(96): CodeIgniter\BaseModel->delete([...])
 7 SYSTEMPATH\CodeIgniter.php(933): App\Controllers\PerangkatController->hapus('14')
 8 SYSTEMPATH\CodeIgniter.php(507): CodeIgniter\CodeIgniter->runController(Object(App\Controllers\PerangkatController))
 9 SYSTEMPATH\CodeIgniter.php(354): CodeIgniter\CodeIgniter->handleRequest(null, Object(Config\Cache), false)
10 SYSTEMPATH\Boot.php(334): CodeIgniter\CodeIgniter->run()
11 SYSTEMPATH\Boot.php(67): CodeIgniter\Boot::runCodeIgniter(Object(CodeIgniter\CodeIgniter))
12 FCPATH\index.php(56): CodeIgniter\Boot::bootWeb(Object(Config\Paths))
CRITICAL - 2025-06-15 14:38:43 --> [Caused by] mysqli_sql_exception: Cannot delete or update a parent row: a foreign key constraint fails (`monitor_bencana`.`riwayat_perangkat`, CONSTRAINT `riwayat_perangkat_ibfk_1` FOREIGN KEY (`id_perangkat`) REFERENCES `perangkat` (`id_perangkat`))
in SYSTEMPATH\Database\MySQLi\Connection.php on line 327.
 1 SYSTEMPATH\Database\MySQLi\Connection.php(327): mysqli->query('DELETE FROM `perangkat`
WHERE `id_perangkat` IN (\'14\')', 0)
 2 SYSTEMPATH\Database\BaseConnection.php(738): CodeIgniter\Database\MySQLi\Connection->execute('DELETE FROM `perangkat`
WHERE `id_perangkat` IN (\'14\')')
 3 SYSTEMPATH\Database\BaseConnection.php(652): CodeIgniter\Database\BaseConnection->simpleQuery('DELETE FROM `perangkat`
WHERE `id_perangkat` IN (\'14\')')
 4 SYSTEMPATH\Database\BaseBuilder.php(2848): CodeIgniter\Database\BaseConnection->query('DELETE FROM `perangkat`
WHERE `id_perangkat` IN :id_perangkat:', [...], false)
 5 SYSTEMPATH\Model.php(521): CodeIgniter\Database\BaseBuilder->delete()
 6 SYSTEMPATH\BaseModel.php(1157): CodeIgniter\Model->doDelete([...], false)
 7 APPPATH\Controllers\PerangkatController.php(96): CodeIgniter\BaseModel->delete([...])
 8 SYSTEMPATH\CodeIgniter.php(933): App\Controllers\PerangkatController->hapus('14')
 9 SYSTEMPATH\CodeIgniter.php(507): CodeIgniter\CodeIgniter->runController(Object(App\Controllers\PerangkatController))
10 SYSTEMPATH\CodeIgniter.php(354): CodeIgniter\CodeIgniter->handleRequest(null, Object(Config\Cache), false)
11 SYSTEMPATH\Boot.php(334): CodeIgniter\CodeIgniter->run()
12 SYSTEMPATH\Boot.php(67): CodeIgniter\Boot::runCodeIgniter(Object(CodeIgniter\CodeIgniter))
13 FCPATH\index.php(56): CodeIgniter\Boot::bootWeb(Object(Config\Paths))
ERROR - 2025-06-15 14:48:06 --> mysqli_sql_exception: Unknown column 'created_at' in 'field list' in C:\xampp\htdocs\sistem-monitoring-kebencanaan\system\Database\MySQLi\Connection.php:327
Stack trace:
#0 C:\xampp\htdocs\sistem-monitoring-kebencanaan\system\Database\MySQLi\Connection.php(327): mysqli->query('INSERT INTO `pe...', 0)
#1 C:\xampp\htdocs\sistem-monitoring-kebencanaan\system\Database\BaseConnection.php(738): CodeIgniter\Database\MySQLi\Connection->execute('INSERT INTO `pe...')
#2 C:\xampp\htdocs\sistem-monitoring-kebencanaan\system\Database\BaseConnection.php(652): CodeIgniter\Database\BaseConnection->simpleQuery('INSERT INTO `pe...')
#3 C:\xampp\htdocs\sistem-monitoring-kebencanaan\system\Database\BaseBuilder.php(2345): CodeIgniter\Database\BaseConnection->query('INSERT INTO `pe...', Array, false)
#4 C:\xampp\htdocs\sistem-monitoring-kebencanaan\system\Model.php(394): CodeIgniter\Database\BaseBuilder->insert()
#5 C:\xampp\htdocs\sistem-monitoring-kebencanaan\system\BaseModel.php(839): CodeIgniter\Model->doInsert(Array)
#6 C:\xampp\htdocs\sistem-monitoring-kebencanaan\system\Model.php(800): CodeIgniter\BaseModel->insert(Array, false)
#7 C:\xampp\htdocs\sistem-monitoring-kebencanaan\system\BaseModel.php(750): CodeIgniter\Model->insert(Array, false)
#8 C:\xampp\htdocs\sistem-monitoring-kebencanaan\app\Controllers\PerangkatController.php(72): CodeIgniter\BaseModel->save(Array)
#9 C:\xampp\htdocs\sistem-monitoring-kebencanaan\system\CodeIgniter.php(933): App\Controllers\PerangkatController->simpan()
#10 C:\xampp\htdocs\sistem-monitoring-kebencanaan\system\CodeIgniter.php(507): CodeIgniter\CodeIgniter->runController(Object(App\Controllers\PerangkatController))
#11 C:\xampp\htdocs\sistem-monitoring-kebencanaan\system\CodeIgniter.php(354): CodeIgniter\CodeIgniter->handleRequest(NULL, Object(Config\Cache), false)
#12 C:\xampp\htdocs\sistem-monitoring-kebencanaan\system\Boot.php(334): CodeIgniter\CodeIgniter->run()
#13 C:\xampp\htdocs\sistem-monitoring-kebencanaan\system\Boot.php(67): CodeIgniter\Boot::runCodeIgniter(Object(CodeIgniter\CodeIgniter))
#14 C:\xampp\htdocs\sistem-monitoring-kebencanaan\public\index.php(56): CodeIgniter\Boot::bootWeb(Object(Config\Paths))
#15 {main}
CRITICAL - 2025-06-15 14:48:06 --> CodeIgniter\Database\Exceptions\DatabaseException: Unknown column 'created_at' in 'field list'
[Method: POST, Route: perangkat/simpan]
in SYSTEMPATH\Database\BaseConnection.php on line 692.
 1 SYSTEMPATH\Database\BaseBuilder.php(2345): CodeIgniter\Database\BaseConnection->query('INSERT INTO `perangkat` (`nama_perangkat`, `id_ruangan`, `jenis_perangkat`, `pos_x`, `pos_y`, `created_at`, `updated_at`) VALUES (:nama_perangkat:, :id_ruangan:, :jenis_perangkat:, :pos_x:, :pos_y:, :created_at:, :updated_at:)', [...], false)
 2 SYSTEMPATH\Model.php(394): CodeIgniter\Database\BaseBuilder->insert()
 3 SYSTEMPATH\BaseModel.php(839): CodeIgniter\Model->doInsert([...])
 4 SYSTEMPATH\Model.php(800): CodeIgniter\BaseModel->insert([...], false)
 5 SYSTEMPATH\BaseModel.php(750): CodeIgniter\Model->insert([...], false)
 6 APPPATH\Controllers\PerangkatController.php(72): CodeIgniter\BaseModel->save([...])
 7 SYSTEMPATH\CodeIgniter.php(933): App\Controllers\PerangkatController->simpan()
 8 SYSTEMPATH\CodeIgniter.php(507): CodeIgniter\CodeIgniter->runController(Object(App\Controllers\PerangkatController))
 9 SYSTEMPATH\CodeIgniter.php(354): CodeIgniter\CodeIgniter->handleRequest(null, Object(Config\Cache), false)
10 SYSTEMPATH\Boot.php(334): CodeIgniter\CodeIgniter->run()
11 SYSTEMPATH\Boot.php(67): CodeIgniter\Boot::runCodeIgniter(Object(CodeIgniter\CodeIgniter))
12 FCPATH\index.php(56): CodeIgniter\Boot::bootWeb(Object(Config\Paths))
CRITICAL - 2025-06-15 14:48:06 --> [Caused by] CodeIgniter\Database\Exceptions\DatabaseException: Unknown column 'created_at' in 'field list'
in SYSTEMPATH\Database\MySQLi\Connection.php on line 332.
 1 SYSTEMPATH\Database\BaseConnection.php(738): CodeIgniter\Database\MySQLi\Connection->execute('INSERT INTO `perangkat` (`nama_perangkat`, `id_ruangan`, `jenis_perangkat`, `pos_x`, `pos_y`, `created_at`, `updated_at`) VALUES (\'sensor2\', \'1\', \'sensor\', \'3.95\', \'82.42\', \'2025-06-15 14:48:06\', \'2025-06-15 14:48:06\')')
 2 SYSTEMPATH\Database\BaseConnection.php(652): CodeIgniter\Database\BaseConnection->simpleQuery('INSERT INTO `perangkat` (`nama_perangkat`, `id_ruangan`, `jenis_perangkat`, `pos_x`, `pos_y`, `created_at`, `updated_at`) VALUES (\'sensor2\', \'1\', \'sensor\', \'3.95\', \'82.42\', \'2025-06-15 14:48:06\', \'2025-06-15 14:48:06\')')
 3 SYSTEMPATH\Database\BaseBuilder.php(2345): CodeIgniter\Database\BaseConnection->query('INSERT INTO `perangkat` (`nama_perangkat`, `id_ruangan`, `jenis_perangkat`, `pos_x`, `pos_y`, `created_at`, `updated_at`) VALUES (:nama_perangkat:, :id_ruangan:, :jenis_perangkat:, :pos_x:, :pos_y:, :created_at:, :updated_at:)', [...], false)
 4 SYSTEMPATH\Model.php(394): CodeIgniter\Database\BaseBuilder->insert()
 5 SYSTEMPATH\BaseModel.php(839): CodeIgniter\Model->doInsert([...])
 6 SYSTEMPATH\Model.php(800): CodeIgniter\BaseModel->insert([...], false)
 7 SYSTEMPATH\BaseModel.php(750): CodeIgniter\Model->insert([...], false)
 8 APPPATH\Controllers\PerangkatController.php(72): CodeIgniter\BaseModel->save([...])
 9 SYSTEMPATH\CodeIgniter.php(933): App\Controllers\PerangkatController->simpan()
10 SYSTEMPATH\CodeIgniter.php(507): CodeIgniter\CodeIgniter->runController(Object(App\Controllers\PerangkatController))
11 SYSTEMPATH\CodeIgniter.php(354): CodeIgniter\CodeIgniter->handleRequest(null, Object(Config\Cache), false)
12 SYSTEMPATH\Boot.php(334): CodeIgniter\CodeIgniter->run()
13 SYSTEMPATH\Boot.php(67): CodeIgniter\Boot::runCodeIgniter(Object(CodeIgniter\CodeIgniter))
14 FCPATH\index.php(56): CodeIgniter\Boot::bootWeb(Object(Config\Paths))
CRITICAL - 2025-06-15 14:48:06 --> [Caused by] mysqli_sql_exception: Unknown column 'created_at' in 'field list'
in SYSTEMPATH\Database\MySQLi\Connection.php on line 327.
 1 SYSTEMPATH\Database\MySQLi\Connection.php(327): mysqli->query('INSERT INTO `perangkat` (`nama_perangkat`, `id_ruangan`, `jenis_perangkat`, `pos_x`, `pos_y`, `created_at`, `updated_at`) VALUES (\'sensor2\', \'1\', \'sensor\', \'3.95\', \'82.42\', \'2025-06-15 14:48:06\', \'2025-06-15 14:48:06\')', 0)
 2 SYSTEMPATH\Database\BaseConnection.php(738): CodeIgniter\Database\MySQLi\Connection->execute('INSERT INTO `perangkat` (`nama_perangkat`, `id_ruangan`, `jenis_perangkat`, `pos_x`, `pos_y`, `created_at`, `updated_at`) VALUES (\'sensor2\', \'1\', \'sensor\', \'3.95\', \'82.42\', \'2025-06-15 14:48:06\', \'2025-06-15 14:48:06\')')
 3 SYSTEMPATH\Database\BaseConnection.php(652): CodeIgniter\Database\BaseConnection->simpleQuery('INSERT INTO `perangkat` (`nama_perangkat`, `id_ruangan`, `jenis_perangkat`, `pos_x`, `pos_y`, `created_at`, `updated_at`) VALUES (\'sensor2\', \'1\', \'sensor\', \'3.95\', \'82.42\', \'2025-06-15 14:48:06\', \'2025-06-15 14:48:06\')')
 4 SYSTEMPATH\Database\BaseBuilder.php(2345): CodeIgniter\Database\BaseConnection->query('INSERT INTO `perangkat` (`nama_perangkat`, `id_ruangan`, `jenis_perangkat`, `pos_x`, `pos_y`, `created_at`, `updated_at`) VALUES (:nama_perangkat:, :id_ruangan:, :jenis_perangkat:, :pos_x:, :pos_y:, :created_at:, :updated_at:)', [...], false)
 5 SYSTEMPATH\Model.php(394): CodeIgniter\Database\BaseBuilder->insert()
 6 SYSTEMPATH\BaseModel.php(839): CodeIgniter\Model->doInsert([...])
 7 SYSTEMPATH\Model.php(800): CodeIgniter\BaseModel->insert([...], false)
 8 SYSTEMPATH\BaseModel.php(750): CodeIgniter\Model->insert([...], false)
 9 APPPATH\Controllers\PerangkatController.php(72): CodeIgniter\BaseModel->save([...])
10 SYSTEMPATH\CodeIgniter.php(933): App\Controllers\PerangkatController->simpan()
11 SYSTEMPATH\CodeIgniter.php(507): CodeIgniter\CodeIgniter->runController(Object(App\Controllers\PerangkatController))
12 SYSTEMPATH\CodeIgniter.php(354): CodeIgniter\CodeIgniter->handleRequest(null, Object(Config\Cache), false)
13 SYSTEMPATH\Boot.php(334): CodeIgniter\CodeIgniter->run()
14 SYSTEMPATH\Boot.php(67): CodeIgniter\Boot::runCodeIgniter(Object(CodeIgniter\CodeIgniter))
15 FCPATH\index.php(56): CodeIgniter\Boot::bootWeb(Object(Config\Paths))
