CRITICAL - 2025-04-28 06:47:21 --> ErrorException: Undefined variable $dataGedung
[Method: GET, Route: gedung]
in APPPATH\Views\gedung.php on line 43.
 1 APPPATH\Views\gedung.php(43): CodeIgniter\Debug\Exceptions->errorHandler(2, 'Undefined variable $dataGedung', 'C:\\xampp\\htdocs\\sistem-monitoring-kebencanaan\\app\\Views\\gedung.php', 43)
 2 SYSTEMPATH\View\View.php(224): include('C:\\xampp\\htdocs\\sistem-monitoring-kebencanaan\\app\\Views\\gedung.php')
 3 SYSTEMPATH\View\View.php(227): CodeIgniter\View\View->CodeIgniter\View\{closure}()
 4 SYSTEMPATH\Common.php(1173): CodeIgniter\View\View->render('gedung', [], true)
 5 APPPATH\Views\template.php(75): view('gedung')
 6 SYSTEMPATH\View\View.php(224): include('C:\\xampp\\htdocs\\sistem-monitoring-kebencanaan\\app\\Views\\template.php')
 7 SYSTEMPATH\View\View.php(227): CodeIgniter\View\View->CodeIgniter\View\{closure}()
 8 SYSTEMPATH\Common.php(1173): CodeIgniter\View\View->render('template', [], true)
 9 APPPATH\Controllers\GedungController.php(24): view('template', [...])
10 SYSTEMPATH\CodeIgniter.php(933): App\Controllers\GedungController->index()
11 SYSTEMPATH\CodeIgniter.php(507): CodeIgniter\CodeIgniter->runController(Object(App\Controllers\GedungController))
12 SYSTEMPATH\CodeIgniter.php(354): CodeIgniter\CodeIgniter->handleRequest(null, Object(Config\Cache), false)
13 SYSTEMPATH\Boot.php(334): CodeIgniter\CodeIgniter->run()
14 SYSTEMPATH\Boot.php(67): CodeIgniter\Boot::runCodeIgniter(Object(CodeIgniter\CodeIgniter))
15 FCPATH\index.php(56): CodeIgniter\Boot::bootWeb(Object(Config\Paths))
CRITICAL - 2025-04-28 06:47:45 --> ErrorException: Undefined array key "status_perangkat"
[Method: GET, Route: gedung]
in APPPATH\Views\gedung.php on line 49.
 1 APPPATH\Views\gedung.php(49): CodeIgniter\Debug\Exceptions->errorHandler(2, 'Undefined array key "status_perangkat"', 'C:\\xampp\\htdocs\\sistem-monitoring-kebencanaan\\app\\Views\\gedung.php', 49)
 2 SYSTEMPATH\View\View.php(224): include('C:\\xampp\\htdocs\\sistem-monitoring-kebencanaan\\app\\Views\\gedung.php')
 3 SYSTEMPATH\View\View.php(227): CodeIgniter\View\View->CodeIgniter\View\{closure}()
 4 SYSTEMPATH\Common.php(1173): CodeIgniter\View\View->render('gedung', [], true)
 5 APPPATH\Views\template.php(75): view('gedung')
 6 SYSTEMPATH\View\View.php(224): include('C:\\xampp\\htdocs\\sistem-monitoring-kebencanaan\\app\\Views\\template.php')
 7 SYSTEMPATH\View\View.php(227): CodeIgniter\View\View->CodeIgniter\View\{closure}()
 8 SYSTEMPATH\Common.php(1173): CodeIgniter\View\View->render('template', [], true)
 9 APPPATH\Controllers\GedungController.php(24): view('template', [...])
10 SYSTEMPATH\CodeIgniter.php(933): App\Controllers\GedungController->index()
11 SYSTEMPATH\CodeIgniter.php(507): CodeIgniter\CodeIgniter->runController(Object(App\Controllers\GedungController))
12 SYSTEMPATH\CodeIgniter.php(354): CodeIgniter\CodeIgniter->handleRequest(null, Object(Config\Cache), false)
13 SYSTEMPATH\Boot.php(334): CodeIgniter\CodeIgniter->run()
14 SYSTEMPATH\Boot.php(67): CodeIgniter\Boot::runCodeIgniter(Object(CodeIgniter\CodeIgniter))
15 FCPATH\index.php(56): CodeIgniter\Boot::bootWeb(Object(Config\Paths))
CRITICAL - 2025-04-28 06:47:55 --> ErrorException: Undefined array key "id"
[Method: GET, Route: gedung]
in APPPATH\Views\gedung.php on line 50.
 1 APPPATH\Views\gedung.php(50): CodeIgniter\Debug\Exceptions->errorHandler(2, 'Undefined array key "id"', 'C:\\xampp\\htdocs\\sistem-monitoring-kebencanaan\\app\\Views\\gedung.php', 50)
 2 SYSTEMPATH\View\View.php(224): include('C:\\xampp\\htdocs\\sistem-monitoring-kebencanaan\\app\\Views\\gedung.php')
 3 SYSTEMPATH\View\View.php(227): CodeIgniter\View\View->CodeIgniter\View\{closure}()
 4 SYSTEMPATH\Common.php(1173): CodeIgniter\View\View->render('gedung', [], true)
 5 APPPATH\Views\template.php(75): view('gedung')
 6 SYSTEMPATH\View\View.php(224): include('C:\\xampp\\htdocs\\sistem-monitoring-kebencanaan\\app\\Views\\template.php')
 7 SYSTEMPATH\View\View.php(227): CodeIgniter\View\View->CodeIgniter\View\{closure}()
 8 SYSTEMPATH\Common.php(1173): CodeIgniter\View\View->render('template', [], true)
 9 APPPATH\Controllers\GedungController.php(24): view('template', [...])
10 SYSTEMPATH\CodeIgniter.php(933): App\Controllers\GedungController->index()
11 SYSTEMPATH\CodeIgniter.php(507): CodeIgniter\CodeIgniter->runController(Object(App\Controllers\GedungController))
12 SYSTEMPATH\CodeIgniter.php(354): CodeIgniter\CodeIgniter->handleRequest(null, Object(Config\Cache), false)
13 SYSTEMPATH\Boot.php(334): CodeIgniter\CodeIgniter->run()
14 SYSTEMPATH\Boot.php(67): CodeIgniter\Boot::runCodeIgniter(Object(CodeIgniter\CodeIgniter))
15 FCPATH\index.php(56): CodeIgniter\Boot::bootWeb(Object(Config\Paths))
CRITICAL - 2025-04-28 06:57:45 --> ErrorException: Undefined array key "id"
[Method: GET, Route: perangkat]
in APPPATH\Views\perangkat.php on line 48.
 1 APPPATH\Views\perangkat.php(48): CodeIgniter\Debug\Exceptions->errorHandler(2, 'Undefined array key "id"', 'C:\\xampp\\htdocs\\sistem-monitoring-kebencanaan\\app\\Views\\perangkat.php', 48)
 2 SYSTEMPATH\View\View.php(224): include('C:\\xampp\\htdocs\\sistem-monitoring-kebencanaan\\app\\Views\\perangkat.php')
 3 SYSTEMPATH\View\View.php(227): CodeIgniter\View\View->CodeIgniter\View\{closure}()
 4 SYSTEMPATH\Common.php(1173): CodeIgniter\View\View->render('perangkat', [], true)
 5 APPPATH\Views\template.php(75): view('perangkat')
 6 SYSTEMPATH\View\View.php(224): include('C:\\xampp\\htdocs\\sistem-monitoring-kebencanaan\\app\\Views\\template.php')
 7 SYSTEMPATH\View\View.php(227): CodeIgniter\View\View->CodeIgniter\View\{closure}()
 8 SYSTEMPATH\Common.php(1173): CodeIgniter\View\View->render('template', [], true)
 9 APPPATH\Controllers\PerangkatController.php(27): view('template', [...])
10 SYSTEMPATH\CodeIgniter.php(933): App\Controllers\PerangkatController->index()
11 SYSTEMPATH\CodeIgniter.php(507): CodeIgniter\CodeIgniter->runController(Object(App\Controllers\PerangkatController))
12 SYSTEMPATH\CodeIgniter.php(354): CodeIgniter\CodeIgniter->handleRequest(null, Object(Config\Cache), false)
13 SYSTEMPATH\Boot.php(334): CodeIgniter\CodeIgniter->run()
14 SYSTEMPATH\Boot.php(67): CodeIgniter\Boot::runCodeIgniter(Object(CodeIgniter\CodeIgniter))
15 FCPATH\index.php(56): CodeIgniter\Boot::bootWeb(Object(Config\Paths))
CRITICAL - 2025-04-28 06:59:20 --> ErrorException: Undefined array key "ruangan"
[Method: GET, Route: perangkat]
in APPPATH\Views\perangkat.php on line 46.
 1 APPPATH\Views\perangkat.php(46): CodeIgniter\Debug\Exceptions->errorHandler(2, 'Undefined array key "ruangan"', 'C:\\xampp\\htdocs\\sistem-monitoring-kebencanaan\\app\\Views\\perangkat.php', 46)
 2 SYSTEMPATH\View\View.php(224): include('C:\\xampp\\htdocs\\sistem-monitoring-kebencanaan\\app\\Views\\perangkat.php')
 3 SYSTEMPATH\View\View.php(227): CodeIgniter\View\View->CodeIgniter\View\{closure}()
 4 SYSTEMPATH\Common.php(1173): CodeIgniter\View\View->render('perangkat', [], true)
 5 APPPATH\Views\template.php(75): view('perangkat')
 6 SYSTEMPATH\View\View.php(224): include('C:\\xampp\\htdocs\\sistem-monitoring-kebencanaan\\app\\Views\\template.php')
 7 SYSTEMPATH\View\View.php(227): CodeIgniter\View\View->CodeIgniter\View\{closure}()
 8 SYSTEMPATH\Common.php(1173): CodeIgniter\View\View->render('template', [], true)
 9 APPPATH\Controllers\PerangkatController.php(27): view('template', [...])
10 SYSTEMPATH\CodeIgniter.php(933): App\Controllers\PerangkatController->index()
11 SYSTEMPATH\CodeIgniter.php(507): CodeIgniter\CodeIgniter->runController(Object(App\Controllers\PerangkatController))
12 SYSTEMPATH\CodeIgniter.php(354): CodeIgniter\CodeIgniter->handleRequest(null, Object(Config\Cache), false)
13 SYSTEMPATH\Boot.php(334): CodeIgniter\CodeIgniter->run()
14 SYSTEMPATH\Boot.php(67): CodeIgniter\Boot::runCodeIgniter(Object(CodeIgniter\CodeIgniter))
15 FCPATH\index.php(56): CodeIgniter\Boot::bootWeb(Object(Config\Paths))
CRITICAL - 2025-04-28 06:59:43 --> ErrorException: Undefined array key "status_perangkat"
[Method: GET, Route: perangkat]
in APPPATH\Views\perangkat.php on line 48.
 1 APPPATH\Views\perangkat.php(48): CodeIgniter\Debug\Exceptions->errorHandler(2, 'Undefined array key "status_perangkat"', 'C:\\xampp\\htdocs\\sistem-monitoring-kebencanaan\\app\\Views\\perangkat.php', 48)
 2 SYSTEMPATH\View\View.php(224): include('C:\\xampp\\htdocs\\sistem-monitoring-kebencanaan\\app\\Views\\perangkat.php')
 3 SYSTEMPATH\View\View.php(227): CodeIgniter\View\View->CodeIgniter\View\{closure}()
 4 SYSTEMPATH\Common.php(1173): CodeIgniter\View\View->render('perangkat', [], true)
 5 APPPATH\Views\template.php(75): view('perangkat')
 6 SYSTEMPATH\View\View.php(224): include('C:\\xampp\\htdocs\\sistem-monitoring-kebencanaan\\app\\Views\\template.php')
 7 SYSTEMPATH\View\View.php(227): CodeIgniter\View\View->CodeIgniter\View\{closure}()
 8 SYSTEMPATH\Common.php(1173): CodeIgniter\View\View->render('template', [], true)
 9 APPPATH\Controllers\PerangkatController.php(27): view('template', [...])
10 SYSTEMPATH\CodeIgniter.php(933): App\Controllers\PerangkatController->index()
11 SYSTEMPATH\CodeIgniter.php(507): CodeIgniter\CodeIgniter->runController(Object(App\Controllers\PerangkatController))
12 SYSTEMPATH\CodeIgniter.php(354): CodeIgniter\CodeIgniter->handleRequest(null, Object(Config\Cache), false)
13 SYSTEMPATH\Boot.php(334): CodeIgniter\CodeIgniter->run()
14 SYSTEMPATH\Boot.php(67): CodeIgniter\Boot::runCodeIgniter(Object(CodeIgniter\CodeIgniter))
15 FCPATH\index.php(56): CodeIgniter\Boot::bootWeb(Object(Config\Paths))
