DEBUG - 2025-06-17 03:22:09 --> Session: Class initialized using 'CodeIgniter\Session\Handlers\FileHandler' driver.
DEBUG - 2025-06-17 03:22:28 --> Session: Class initialized using 'CodeIgniter\Session\Handlers\FileHandler' driver.
DEBUG - 2025-06-17 03:34:25 --> Session: Class initialized using 'CodeIgniter\Session\Handlers\FileHandler' driver.
DEBUG - 2025-06-17 03:34:30 --> Session: Class initialized using 'CodeIgniter\Session\Handlers\FileHandler' driver.
DEBUG - 2025-06-17 03:34:48 --> Session: Class initialized using 'CodeIgniter\Session\Handlers\FileHandler' driver.
DEBUG - 2025-06-17 03:40:40 --> Session: Class initialized using 'CodeIgniter\Session\Handlers\FileHandler' driver.
DEBUG - 2025-06-17 03:50:31 --> Session: Class initialized using 'CodeIgniter\Session\Handlers\FileHandler' driver.
CRITICAL - 2025-06-17 03:59:59 --> ErrorException: Undefined variable $ruangan
[Method: GET, Route: riwayat-perangkat]
in APPPATH\Views\riwayat.php on line 58.
 1 APPPATH\Views\riwayat.php(58): CodeIgniter\Debug\Exceptions->errorHandler(2, 'Undefined variable $ruangan', 'C:\\xampp\\htdocs\\sistem-monitoring-kebencanaan\\app\\Views\\riwayat.php', 58)
 2 SYSTEMPATH\View\View.php(224): include('C:\\xampp\\htdocs\\sistem-monitoring-kebencanaan\\app\\Views\\riwayat.php')
 3 SYSTEMPATH\View\View.php(227): CodeIgniter\View\View->CodeIgniter\View\{closure}()
 4 SYSTEMPATH\Common.php(1173): CodeIgniter\View\View->render('riwayat', [], true)
 5 APPPATH\Controllers\RiwayatController.php(81): view('riwayat', [...])
 6 SYSTEMPATH\CodeIgniter.php(933): App\Controllers\RiwayatController->index()
 7 SYSTEMPATH\CodeIgniter.php(507): CodeIgniter\CodeIgniter->runController(Object(App\Controllers\RiwayatController))
 8 SYSTEMPATH\CodeIgniter.php(354): CodeIgniter\CodeIgniter->handleRequest(null, Object(Config\Cache), false)
 9 SYSTEMPATH\Boot.php(334): CodeIgniter\CodeIgniter->run()
10 SYSTEMPATH\Boot.php(67): CodeIgniter\Boot::runCodeIgniter(Object(CodeIgniter\CodeIgniter))
11 FCPATH\index.php(56): CodeIgniter\Boot::bootWeb(Object(Config\Paths))
CRITICAL - 2025-06-17 04:01:26 --> ErrorException: Undefined array key "kode_ruangan"
[Method: GET, Route: riwayat-perangkat]
in APPPATH\Views\riwayat.php on line 60.
 1 APPPATH\Views\riwayat.php(60): CodeIgniter\Debug\Exceptions->errorHandler(2, 'Undefined array key "kode_ruangan"', 'C:\\xampp\\htdocs\\sistem-monitoring-kebencanaan\\app\\Views\\riwayat.php', 60)
 2 SYSTEMPATH\View\View.php(224): include('C:\\xampp\\htdocs\\sistem-monitoring-kebencanaan\\app\\Views\\riwayat.php')
 3 SYSTEMPATH\View\View.php(227): CodeIgniter\View\View->CodeIgniter\View\{closure}()
 4 SYSTEMPATH\Common.php(1173): CodeIgniter\View\View->render('riwayat', [], true)
 5 APPPATH\Controllers\RiwayatController.php(85): view('riwayat', [...])
 6 SYSTEMPATH\CodeIgniter.php(933): App\Controllers\RiwayatController->index()
 7 SYSTEMPATH\CodeIgniter.php(507): CodeIgniter\CodeIgniter->runController(Object(App\Controllers\RiwayatController))
 8 SYSTEMPATH\CodeIgniter.php(354): CodeIgniter\CodeIgniter->handleRequest(null, Object(Config\Cache), false)
 9 SYSTEMPATH\Boot.php(334): CodeIgniter\CodeIgniter->run()
10 SYSTEMPATH\Boot.php(67): CodeIgniter\Boot::runCodeIgniter(Object(CodeIgniter\CodeIgniter))
11 FCPATH\index.php(56): CodeIgniter\Boot::bootWeb(Object(Config\Paths))
CRITICAL - 2025-06-17 04:30:24 --> Error: Call to undefined method App\Controllers\API\ApiController::where()
[Method: GET, Route: api/ruangan/1]
in APPPATH\Controllers\API\ApiController.php on line 45.
 1 SYSTEMPATH\CodeIgniter.php(933): App\Controllers\API\ApiController->getRuanganByLantai('1')
 2 SYSTEMPATH\CodeIgniter.php(507): CodeIgniter\CodeIgniter->runController(Object(App\Controllers\API\ApiController))
 3 SYSTEMPATH\CodeIgniter.php(354): CodeIgniter\CodeIgniter->handleRequest(null, Object(Config\Cache), false)
 4 SYSTEMPATH\Boot.php(334): CodeIgniter\CodeIgniter->run()
 5 SYSTEMPATH\Boot.php(67): CodeIgniter\Boot::runCodeIgniter(Object(CodeIgniter\CodeIgniter))
 6 FCPATH\index.php(56): CodeIgniter\Boot::bootWeb(Object(Config\Paths))
CRITICAL - 2025-06-17 04:30:33 --> Error: Call to undefined method App\Controllers\API\ApiController::where()
[Method: GET, Route: api/ruangan/2]
in APPPATH\Controllers\API\ApiController.php on line 45.
 1 SYSTEMPATH\CodeIgniter.php(933): App\Controllers\API\ApiController->getRuanganByLantai('2')
 2 SYSTEMPATH\CodeIgniter.php(507): CodeIgniter\CodeIgniter->runController(Object(App\Controllers\API\ApiController))
 3 SYSTEMPATH\CodeIgniter.php(354): CodeIgniter\CodeIgniter->handleRequest(null, Object(Config\Cache), false)
 4 SYSTEMPATH\Boot.php(334): CodeIgniter\CodeIgniter->run()
 5 SYSTEMPATH\Boot.php(67): CodeIgniter\Boot::runCodeIgniter(Object(CodeIgniter\CodeIgniter))
 6 FCPATH\index.php(56): CodeIgniter\Boot::bootWeb(Object(Config\Paths))
CRITICAL - 2025-06-17 05:47:20 --> ErrorException: Undefined variable $bencana
[Method: GET, Route: riwayat-perangkat]
in APPPATH\Views\riwayat.php on line 41.
 1 APPPATH\Views\riwayat.php(41): CodeIgniter\Debug\Exceptions->errorHandler(2, 'Undefined variable $bencana', 'C:\\xampp\\htdocs\\sistem-monitoring-kebencanaan\\app\\Views\\riwayat.php', 41)
 2 SYSTEMPATH\View\View.php(224): include('C:\\xampp\\htdocs\\sistem-monitoring-kebencanaan\\app\\Views\\riwayat.php')
 3 SYSTEMPATH\View\View.php(227): CodeIgniter\View\View->CodeIgniter\View\{closure}()
 4 SYSTEMPATH\Common.php(1173): CodeIgniter\View\View->render('riwayat', [], true)
 5 APPPATH\Controllers\RiwayatController.php(27): view('riwayat', [...])
 6 SYSTEMPATH\CodeIgniter.php(933): App\Controllers\RiwayatController->index()
 7 SYSTEMPATH\CodeIgniter.php(507): CodeIgniter\CodeIgniter->runController(Object(App\Controllers\RiwayatController))
 8 SYSTEMPATH\CodeIgniter.php(354): CodeIgniter\CodeIgniter->handleRequest(null, Object(Config\Cache), false)
 9 SYSTEMPATH\Boot.php(334): CodeIgniter\CodeIgniter->run()
10 SYSTEMPATH\Boot.php(67): CodeIgniter\Boot::runCodeIgniter(Object(CodeIgniter\CodeIgniter))
11 FCPATH\index.php(56): CodeIgniter\Boot::bootWeb(Object(Config\Paths))
CRITICAL - 2025-06-17 05:48:03 --> ErrorException: Undefined variable $bencana
[Method: GET, Route: riwayat-perangkat]
in APPPATH\Views\riwayat.php on line 41.
 1 APPPATH\Views\riwayat.php(41): CodeIgniter\Debug\Exceptions->errorHandler(2, 'Undefined variable $bencana', 'C:\\xampp\\htdocs\\sistem-monitoring-kebencanaan\\app\\Views\\riwayat.php', 41)
 2 SYSTEMPATH\View\View.php(224): include('C:\\xampp\\htdocs\\sistem-monitoring-kebencanaan\\app\\Views\\riwayat.php')
 3 SYSTEMPATH\View\View.php(227): CodeIgniter\View\View->CodeIgniter\View\{closure}()
 4 SYSTEMPATH\Common.php(1173): CodeIgniter\View\View->render('riwayat', [], true)
 5 APPPATH\Controllers\RiwayatController.php(27): view('riwayat', [...])
 6 SYSTEMPATH\CodeIgniter.php(933): App\Controllers\RiwayatController->index()
 7 SYSTEMPATH\CodeIgniter.php(507): CodeIgniter\CodeIgniter->runController(Object(App\Controllers\RiwayatController))
 8 SYSTEMPATH\CodeIgniter.php(354): CodeIgniter\CodeIgniter->handleRequest(null, Object(Config\Cache), false)
 9 SYSTEMPATH\Boot.php(334): CodeIgniter\CodeIgniter->run()
10 SYSTEMPATH\Boot.php(67): CodeIgniter\Boot::runCodeIgniter(Object(CodeIgniter\CodeIgniter))
11 FCPATH\index.php(56): CodeIgniter\Boot::bootWeb(Object(Config\Paths))
CRITICAL - 2025-06-17 05:52:24 --> TypeError: CodeIgniter\Database\BaseBuilder::orderBy(): Argument #3 ($escape) must be of type ?bool, string given, called in C:\xampp\htdocs\sistem-monitoring-kebencanaan\system\Model.php on line 928
[Method: GET, Route: riwayat-perangkat]
in SYSTEMPATH\Database\BaseBuilder.php on line 1462.
 1 SYSTEMPATH\Model.php(928): CodeIgniter\Database\BaseBuilder->orderBy('riwayat_perangkat.waktu', 'bahaya', 'DESC')
 2 APPPATH\Models\RiwayatModel.php(33): CodeIgniter\Model->__call('orderBy', [...])
 3 APPPATH\Controllers\RiwayatController.php(22): App\Models\RiwayatModel->getFilteredRiwayat([])
 4 SYSTEMPATH\CodeIgniter.php(933): App\Controllers\RiwayatController->index()
 5 SYSTEMPATH\CodeIgniter.php(507): CodeIgniter\CodeIgniter->runController(Object(App\Controllers\RiwayatController))
 6 SYSTEMPATH\CodeIgniter.php(354): CodeIgniter\CodeIgniter->handleRequest(null, Object(Config\Cache), false)
 7 SYSTEMPATH\Boot.php(334): CodeIgniter\CodeIgniter->run()
 8 SYSTEMPATH\Boot.php(67): CodeIgniter\Boot::runCodeIgniter(Object(CodeIgniter\CodeIgniter))
 9 FCPATH\index.php(56): CodeIgniter\Boot::bootWeb(Object(Config\Paths))
CRITICAL - 2025-06-17 05:59:34 --> CodeIgniter\Exceptions\BadMethodCallException: Call to undefined method App\Models\KebencanaanModel::getJenisBencanaUnik
[Method: GET, Route: riwayat-perangkat]
in SYSTEMPATH\Model.php on line 930.
 1 APPPATH\Controllers\RiwayatController.php(28): CodeIgniter\Model->__call('getJenisBencanaUnik', [])
 2 SYSTEMPATH\CodeIgniter.php(933): App\Controllers\RiwayatController->index()
 3 SYSTEMPATH\CodeIgniter.php(507): CodeIgniter\CodeIgniter->runController(Object(App\Controllers\RiwayatController))
 4 SYSTEMPATH\CodeIgniter.php(354): CodeIgniter\CodeIgniter->handleRequest(null, Object(Config\Cache), false)
 5 SYSTEMPATH\Boot.php(334): CodeIgniter\CodeIgniter->run()
 6 SYSTEMPATH\Boot.php(67): CodeIgniter\Boot::runCodeIgniter(Object(CodeIgniter\CodeIgniter))
 7 FCPATH\index.php(56): CodeIgniter\Boot::bootWeb(Object(Config\Paths))
CRITICAL - 2025-06-17 06:00:21 --> CodeIgniter\Exceptions\BadMethodCallException: Call to undefined method App\Models\KebencanaanModel::getJenisBencanaUnik
[Method: GET, Route: riwayat-perangkat]
in SYSTEMPATH\Model.php on line 930.
 1 APPPATH\Controllers\RiwayatController.php(28): CodeIgniter\Model->__call('getJenisBencanaUnik', [])
 2 SYSTEMPATH\CodeIgniter.php(933): App\Controllers\RiwayatController->index()
 3 SYSTEMPATH\CodeIgniter.php(507): CodeIgniter\CodeIgniter->runController(Object(App\Controllers\RiwayatController))
 4 SYSTEMPATH\CodeIgniter.php(354): CodeIgniter\CodeIgniter->handleRequest(null, Object(Config\Cache), false)
 5 SYSTEMPATH\Boot.php(334): CodeIgniter\CodeIgniter->run()
 6 SYSTEMPATH\Boot.php(67): CodeIgniter\Boot::runCodeIgniter(Object(CodeIgniter\CodeIgniter))
 7 FCPATH\index.php(56): CodeIgniter\Boot::bootWeb(Object(Config\Paths))
CRITICAL - 2025-06-17 06:00:45 --> CodeIgniter\Exceptions\BadMethodCallException: Call to undefined method App\Models\KebencanaanModel::getJenisBencanaUnik
[Method: GET, Route: riwayat-perangkat]
in SYSTEMPATH\Model.php on line 930.
 1 APPPATH\Controllers\RiwayatController.php(28): CodeIgniter\Model->__call('getJenisBencanaUnik', [])
 2 SYSTEMPATH\CodeIgniter.php(933): App\Controllers\RiwayatController->index()
 3 SYSTEMPATH\CodeIgniter.php(507): CodeIgniter\CodeIgniter->runController(Object(App\Controllers\RiwayatController))
 4 SYSTEMPATH\CodeIgniter.php(354): CodeIgniter\CodeIgniter->handleRequest(null, Object(Config\Cache), false)
 5 SYSTEMPATH\Boot.php(334): CodeIgniter\CodeIgniter->run()
 6 SYSTEMPATH\Boot.php(67): CodeIgniter\Boot::runCodeIgniter(Object(CodeIgniter\CodeIgniter))
 7 FCPATH\index.php(56): CodeIgniter\Boot::bootWeb(Object(Config\Paths))
CRITICAL - 2025-06-17 06:05:19 --> ErrorException: Undefined array key "status"
[Method: GET, Route: riwayat-perangkat]
in APPPATH\Views\riwayat.php on line 132.
 1 APPPATH\Views\riwayat.php(132): CodeIgniter\Debug\Exceptions->errorHandler(2, 'Undefined array key "status"', 'C:\\xampp\\htdocs\\sistem-monitoring-kebencanaan\\app\\Views\\riwayat.php', 132)
 2 SYSTEMPATH\View\View.php(224): include('C:\\xampp\\htdocs\\sistem-monitoring-kebencanaan\\app\\Views\\riwayat.php')
 3 SYSTEMPATH\View\View.php(227): CodeIgniter\View\View->CodeIgniter\View\{closure}()
 4 SYSTEMPATH\Common.php(1173): CodeIgniter\View\View->render('riwayat', [], true)
 5 APPPATH\Controllers\RiwayatController.php(32): view('riwayat', [...])
 6 SYSTEMPATH\CodeIgniter.php(933): App\Controllers\RiwayatController->index()
 7 SYSTEMPATH\CodeIgniter.php(507): CodeIgniter\CodeIgniter->runController(Object(App\Controllers\RiwayatController))
 8 SYSTEMPATH\CodeIgniter.php(354): CodeIgniter\CodeIgniter->handleRequest(null, Object(Config\Cache), false)
 9 SYSTEMPATH\Boot.php(334): CodeIgniter\CodeIgniter->run()
10 SYSTEMPATH\Boot.php(67): CodeIgniter\Boot::runCodeIgniter(Object(CodeIgniter\CodeIgniter))
11 FCPATH\index.php(56): CodeIgniter\Boot::bootWeb(Object(Config\Paths))
CRITICAL - 2025-06-17 06:07:28 --> ErrorException: foreach() argument must be of type array|object, null given
[Method: GET, Route: riwayat-perangkat]
in APPPATH\Views\riwayat.php on line 40.
 1 APPPATH\Views\riwayat.php(40): CodeIgniter\Debug\Exceptions->errorHandler(2, 'foreach() argument must be of type array|object, null given', 'C:\\xampp\\htdocs\\sistem-monitoring-kebencanaan\\app\\Views\\riwayat.php', 40)
 2 SYSTEMPATH\View\View.php(224): include('C:\\xampp\\htdocs\\sistem-monitoring-kebencanaan\\app\\Views\\riwayat.php')
 3 SYSTEMPATH\View\View.php(227): CodeIgniter\View\View->CodeIgniter\View\{closure}()
 4 SYSTEMPATH\Common.php(1173): CodeIgniter\View\View->render('riwayat', [], true)
 5 APPPATH\Controllers\RiwayatController.php(32): view('riwayat', [...])
 6 SYSTEMPATH\CodeIgniter.php(933): App\Controllers\RiwayatController->index()
 7 SYSTEMPATH\CodeIgniter.php(507): CodeIgniter\CodeIgniter->runController(Object(App\Controllers\RiwayatController))
 8 SYSTEMPATH\CodeIgniter.php(354): CodeIgniter\CodeIgniter->handleRequest(null, Object(Config\Cache), false)
 9 SYSTEMPATH\Boot.php(334): CodeIgniter\CodeIgniter->run()
10 SYSTEMPATH\Boot.php(67): CodeIgniter\Boot::runCodeIgniter(Object(CodeIgniter\CodeIgniter))
11 FCPATH\index.php(56): CodeIgniter\Boot::bootWeb(Object(Config\Paths))
ERROR - 2025-06-17 06:28:27 --> mysqli_sql_exception: Unknown column 'riwayat_pperangkat.status_perangkat' in 'where clause' in C:\xampp\htdocs\sistem-monitoring-kebencanaan\system\Database\MySQLi\Connection.php:327
Stack trace:
#0 C:\xampp\htdocs\sistem-monitoring-kebencanaan\system\Database\MySQLi\Connection.php(327): mysqli->query('SELECT `riwayat...', 0)
#1 C:\xampp\htdocs\sistem-monitoring-kebencanaan\system\Database\BaseConnection.php(738): CodeIgniter\Database\MySQLi\Connection->execute('SELECT `riwayat...')
#2 C:\xampp\htdocs\sistem-monitoring-kebencanaan\system\Database\BaseConnection.php(652): CodeIgniter\Database\BaseConnection->simpleQuery('SELECT `riwayat...')
#3 C:\xampp\htdocs\sistem-monitoring-kebencanaan\system\Database\BaseBuilder.php(1649): CodeIgniter\Database\BaseConnection->query('SELECT `riwayat...', Array, false)
#4 C:\xampp\htdocs\sistem-monitoring-kebencanaan\system\Model.php(286): CodeIgniter\Database\BaseBuilder->get()
#5 C:\xampp\htdocs\sistem-monitoring-kebencanaan\system\BaseModel.php(675): CodeIgniter\Model->doFindAll(0, 0)
#6 C:\xampp\htdocs\sistem-monitoring-kebencanaan\app\Models\RiwayatModel.php(70): CodeIgniter\BaseModel->findAll()
#7 C:\xampp\htdocs\sistem-monitoring-kebencanaan\app\Controllers\RiwayatController.php(23): App\Models\RiwayatModel->getFilteredRiwayat(Array)
#8 C:\xampp\htdocs\sistem-monitoring-kebencanaan\system\CodeIgniter.php(933): App\Controllers\RiwayatController->index()
#9 C:\xampp\htdocs\sistem-monitoring-kebencanaan\system\CodeIgniter.php(507): CodeIgniter\CodeIgniter->runController(Object(App\Controllers\RiwayatController))
#10 C:\xampp\htdocs\sistem-monitoring-kebencanaan\system\CodeIgniter.php(354): CodeIgniter\CodeIgniter->handleRequest(NULL, Object(Config\Cache), false)
#11 C:\xampp\htdocs\sistem-monitoring-kebencanaan\system\Boot.php(334): CodeIgniter\CodeIgniter->run()
#12 C:\xampp\htdocs\sistem-monitoring-kebencanaan\system\Boot.php(67): CodeIgniter\Boot::runCodeIgniter(Object(CodeIgniter\CodeIgniter))
#13 C:\xampp\htdocs\sistem-monitoring-kebencanaan\public\index.php(56): CodeIgniter\Boot::bootWeb(Object(Config\Paths))
#14 {main}
CRITICAL - 2025-06-17 06:28:27 --> CodeIgniter\Database\Exceptions\DatabaseException: Unknown column 'riwayat_pperangkat.status_perangkat' in 'where clause'
[Method: GET, Route: riwayat-perangkat]
in SYSTEMPATH\Database\BaseConnection.php on line 692.
 1 SYSTEMPATH\Database\BaseBuilder.php(1649): CodeIgniter\Database\BaseConnection->query('SELECT `riwayat_perangkat`.*, `perangkat`.`nama_perangkat`, `ruangan`.`nama_ruangan`, `lantai`.`nama_lantai`, `gedung`.`nama_gedung`, `kebencanaan`.`jenis_bencana`
FROM `riwayat_perangkat`
JOIN `perangkat` ON `perangkat`.`id_perangkat` = `riwayat_perangkat`.`id_perangkat`
JOIN `ruangan` ON `ruangan`.`id_ruangan` = `perangkat`.`id_ruangan`
JOIN `lantai` ON `lantai`.`id_lantai` = `ruangan`.`id_lantai`
JOIN `gedung` ON `gedung`.`id_gedung` = `lantai`.`id_gedung`
LEFT JOIN (SELECT MIN(id_kebencanaan) as id_kebencanaan, `id_perangkat`, `waktu`
FROM `kebencanaan`
GROUP BY `id_perangkat`, `waktu`) AS kbnc ON `kbnc`.`id_perangkat` = `riwayat_perangkat`.`id_perangkat` AND `kbnc`.`waktu` = `riwayat_perangkat`.`waktu`
LEFT JOIN `kebencanaan` ON `kebencanaan`.`id_kebencanaan` = `kbnc`.`id_kebencanaan`
WHERE `riwayat_pperangkat`.`status_perangkat` = :riwayat_pperangkat.status_perangkat:
ORDER BY `riwayat_perangkat`.`waktu` DESC', [...], false)
 2 SYSTEMPATH\Model.php(286): CodeIgniter\Database\BaseBuilder->get()
 3 SYSTEMPATH\BaseModel.php(675): CodeIgniter\Model->doFindAll(0, 0)
 4 APPPATH\Models\RiwayatModel.php(70): CodeIgniter\BaseModel->findAll()
 5 APPPATH\Controllers\RiwayatController.php(23): App\Models\RiwayatModel->getFilteredRiwayat([])
 6 SYSTEMPATH\CodeIgniter.php(933): App\Controllers\RiwayatController->index()
 7 SYSTEMPATH\CodeIgniter.php(507): CodeIgniter\CodeIgniter->runController(Object(App\Controllers\RiwayatController))
 8 SYSTEMPATH\CodeIgniter.php(354): CodeIgniter\CodeIgniter->handleRequest(null, Object(Config\Cache), false)
 9 SYSTEMPATH\Boot.php(334): CodeIgniter\CodeIgniter->run()
10 SYSTEMPATH\Boot.php(67): CodeIgniter\Boot::runCodeIgniter(Object(CodeIgniter\CodeIgniter))
11 FCPATH\index.php(56): CodeIgniter\Boot::bootWeb(Object(Config\Paths))
CRITICAL - 2025-06-17 06:28:27 --> [Caused by] CodeIgniter\Database\Exceptions\DatabaseException: Unknown column 'riwayat_pperangkat.status_perangkat' in 'where clause'
in SYSTEMPATH\Database\MySQLi\Connection.php on line 332.
 1 SYSTEMPATH\Database\BaseConnection.php(738): CodeIgniter\Database\MySQLi\Connection->execute('SELECT `riwayat_perangkat`.*, `perangkat`.`nama_perangkat`, `ruangan`.`nama_ruangan`, `lantai`.`nama_lantai`, `gedung`.`nama_gedung`, `kebencanaan`.`jenis_bencana`
FROM `riwayat_perangkat`
JOIN `perangkat` ON `perangkat`.`id_perangkat` = `riwayat_perangkat`.`id_perangkat`
JOIN `ruangan` ON `ruangan`.`id_ruangan` = `perangkat`.`id_ruangan`
JOIN `lantai` ON `lantai`.`id_lantai` = `ruangan`.`id_lantai`
JOIN `gedung` ON `gedung`.`id_gedung` = `lantai`.`id_gedung`
LEFT JOIN (SELECT MIN(id_kebencanaan) as id_kebencanaan, `id_perangkat`, `waktu`
FROM `kebencanaan`
GROUP BY `id_perangkat`, `waktu`) AS kbnc ON `kbnc`.`id_perangkat` = `riwayat_perangkat`.`id_perangkat` AND `kbnc`.`waktu` = `riwayat_perangkat`.`waktu`
LEFT JOIN `kebencanaan` ON `kebencanaan`.`id_kebencanaan` = `kbnc`.`id_kebencanaan`
WHERE `riwayat_pperangkat`.`status_perangkat` = \'bahaya\'
ORDER BY `riwayat_perangkat`.`waktu` DESC')
 2 SYSTEMPATH\Database\BaseConnection.php(652): CodeIgniter\Database\BaseConnection->simpleQuery('SELECT `riwayat_perangkat`.*, `perangkat`.`nama_perangkat`, `ruangan`.`nama_ruangan`, `lantai`.`nama_lantai`, `gedung`.`nama_gedung`, `kebencanaan`.`jenis_bencana`
FROM `riwayat_perangkat`
JOIN `perangkat` ON `perangkat`.`id_perangkat` = `riwayat_perangkat`.`id_perangkat`
JOIN `ruangan` ON `ruangan`.`id_ruangan` = `perangkat`.`id_ruangan`
JOIN `lantai` ON `lantai`.`id_lantai` = `ruangan`.`id_lantai`
JOIN `gedung` ON `gedung`.`id_gedung` = `lantai`.`id_gedung`
LEFT JOIN (SELECT MIN(id_kebencanaan) as id_kebencanaan, `id_perangkat`, `waktu`
FROM `kebencanaan`
GROUP BY `id_perangkat`, `waktu`) AS kbnc ON `kbnc`.`id_perangkat` = `riwayat_perangkat`.`id_perangkat` AND `kbnc`.`waktu` = `riwayat_perangkat`.`waktu`
LEFT JOIN `kebencanaan` ON `kebencanaan`.`id_kebencanaan` = `kbnc`.`id_kebencanaan`
WHERE `riwayat_pperangkat`.`status_perangkat` = \'bahaya\'
ORDER BY `riwayat_perangkat`.`waktu` DESC')
 3 SYSTEMPATH\Database\BaseBuilder.php(1649): CodeIgniter\Database\BaseConnection->query('SELECT `riwayat_perangkat`.*, `perangkat`.`nama_perangkat`, `ruangan`.`nama_ruangan`, `lantai`.`nama_lantai`, `gedung`.`nama_gedung`, `kebencanaan`.`jenis_bencana`
FROM `riwayat_perangkat`
JOIN `perangkat` ON `perangkat`.`id_perangkat` = `riwayat_perangkat`.`id_perangkat`
JOIN `ruangan` ON `ruangan`.`id_ruangan` = `perangkat`.`id_ruangan`
JOIN `lantai` ON `lantai`.`id_lantai` = `ruangan`.`id_lantai`
JOIN `gedung` ON `gedung`.`id_gedung` = `lantai`.`id_gedung`
LEFT JOIN (SELECT MIN(id_kebencanaan) as id_kebencanaan, `id_perangkat`, `waktu`
FROM `kebencanaan`
GROUP BY `id_perangkat`, `waktu`) AS kbnc ON `kbnc`.`id_perangkat` = `riwayat_perangkat`.`id_perangkat` AND `kbnc`.`waktu` = `riwayat_perangkat`.`waktu`
LEFT JOIN `kebencanaan` ON `kebencanaan`.`id_kebencanaan` = `kbnc`.`id_kebencanaan`
WHERE `riwayat_pperangkat`.`status_perangkat` = :riwayat_pperangkat.status_perangkat:
ORDER BY `riwayat_perangkat`.`waktu` DESC', [...], false)
 4 SYSTEMPATH\Model.php(286): CodeIgniter\Database\BaseBuilder->get()
 5 SYSTEMPATH\BaseModel.php(675): CodeIgniter\Model->doFindAll(0, 0)
 6 APPPATH\Models\RiwayatModel.php(70): CodeIgniter\BaseModel->findAll()
 7 APPPATH\Controllers\RiwayatController.php(23): App\Models\RiwayatModel->getFilteredRiwayat([])
 8 SYSTEMPATH\CodeIgniter.php(933): App\Controllers\RiwayatController->index()
 9 SYSTEMPATH\CodeIgniter.php(507): CodeIgniter\CodeIgniter->runController(Object(App\Controllers\RiwayatController))
10 SYSTEMPATH\CodeIgniter.php(354): CodeIgniter\CodeIgniter->handleRequest(null, Object(Config\Cache), false)
11 SYSTEMPATH\Boot.php(334): CodeIgniter\CodeIgniter->run()
12 SYSTEMPATH\Boot.php(67): CodeIgniter\Boot::runCodeIgniter(Object(CodeIgniter\CodeIgniter))
13 FCPATH\index.php(56): CodeIgniter\Boot::bootWeb(Object(Config\Paths))
CRITICAL - 2025-06-17 06:28:27 --> [Caused by] mysqli_sql_exception: Unknown column 'riwayat_pperangkat.status_perangkat' in 'where clause'
in SYSTEMPATH\Database\MySQLi\Connection.php on line 327.
 1 SYSTEMPATH\Database\MySQLi\Connection.php(327): mysqli->query('SELECT `riwayat_perangkat`.*, `perangkat`.`nama_perangkat`, `ruangan`.`nama_ruangan`, `lantai`.`nama_lantai`, `gedung`.`nama_gedung`, `kebencanaan`.`jenis_bencana`
FROM `riwayat_perangkat`
JOIN `perangkat` ON `perangkat`.`id_perangkat` = `riwayat_perangkat`.`id_perangkat`
JOIN `ruangan` ON `ruangan`.`id_ruangan` = `perangkat`.`id_ruangan`
JOIN `lantai` ON `lantai`.`id_lantai` = `ruangan`.`id_lantai`
JOIN `gedung` ON `gedung`.`id_gedung` = `lantai`.`id_gedung`
LEFT JOIN (SELECT MIN(id_kebencanaan) as id_kebencanaan, `id_perangkat`, `waktu`
FROM `kebencanaan`
GROUP BY `id_perangkat`, `waktu`) AS kbnc ON `kbnc`.`id_perangkat` = `riwayat_perangkat`.`id_perangkat` AND `kbnc`.`waktu` = `riwayat_perangkat`.`waktu`
LEFT JOIN `kebencanaan` ON `kebencanaan`.`id_kebencanaan` = `kbnc`.`id_kebencanaan`
WHERE `riwayat_pperangkat`.`status_perangkat` = \'bahaya\'
ORDER BY `riwayat_perangkat`.`waktu` DESC', 0)
 2 SYSTEMPATH\Database\BaseConnection.php(738): CodeIgniter\Database\MySQLi\Connection->execute('SELECT `riwayat_perangkat`.*, `perangkat`.`nama_perangkat`, `ruangan`.`nama_ruangan`, `lantai`.`nama_lantai`, `gedung`.`nama_gedung`, `kebencanaan`.`jenis_bencana`
FROM `riwayat_perangkat`
JOIN `perangkat` ON `perangkat`.`id_perangkat` = `riwayat_perangkat`.`id_perangkat`
JOIN `ruangan` ON `ruangan`.`id_ruangan` = `perangkat`.`id_ruangan`
JOIN `lantai` ON `lantai`.`id_lantai` = `ruangan`.`id_lantai`
JOIN `gedung` ON `gedung`.`id_gedung` = `lantai`.`id_gedung`
LEFT JOIN (SELECT MIN(id_kebencanaan) as id_kebencanaan, `id_perangkat`, `waktu`
FROM `kebencanaan`
GROUP BY `id_perangkat`, `waktu`) AS kbnc ON `kbnc`.`id_perangkat` = `riwayat_perangkat`.`id_perangkat` AND `kbnc`.`waktu` = `riwayat_perangkat`.`waktu`
LEFT JOIN `kebencanaan` ON `kebencanaan`.`id_kebencanaan` = `kbnc`.`id_kebencanaan`
WHERE `riwayat_pperangkat`.`status_perangkat` = \'bahaya\'
ORDER BY `riwayat_perangkat`.`waktu` DESC')
 3 SYSTEMPATH\Database\BaseConnection.php(652): CodeIgniter\Database\BaseConnection->simpleQuery('SELECT `riwayat_perangkat`.*, `perangkat`.`nama_perangkat`, `ruangan`.`nama_ruangan`, `lantai`.`nama_lantai`, `gedung`.`nama_gedung`, `kebencanaan`.`jenis_bencana`
FROM `riwayat_perangkat`
JOIN `perangkat` ON `perangkat`.`id_perangkat` = `riwayat_perangkat`.`id_perangkat`
JOIN `ruangan` ON `ruangan`.`id_ruangan` = `perangkat`.`id_ruangan`
JOIN `lantai` ON `lantai`.`id_lantai` = `ruangan`.`id_lantai`
JOIN `gedung` ON `gedung`.`id_gedung` = `lantai`.`id_gedung`
LEFT JOIN (SELECT MIN(id_kebencanaan) as id_kebencanaan, `id_perangkat`, `waktu`
FROM `kebencanaan`
GROUP BY `id_perangkat`, `waktu`) AS kbnc ON `kbnc`.`id_perangkat` = `riwayat_perangkat`.`id_perangkat` AND `kbnc`.`waktu` = `riwayat_perangkat`.`waktu`
LEFT JOIN `kebencanaan` ON `kebencanaan`.`id_kebencanaan` = `kbnc`.`id_kebencanaan`
WHERE `riwayat_pperangkat`.`status_perangkat` = \'bahaya\'
ORDER BY `riwayat_perangkat`.`waktu` DESC')
 4 SYSTEMPATH\Database\BaseBuilder.php(1649): CodeIgniter\Database\BaseConnection->query('SELECT `riwayat_perangkat`.*, `perangkat`.`nama_perangkat`, `ruangan`.`nama_ruangan`, `lantai`.`nama_lantai`, `gedung`.`nama_gedung`, `kebencanaan`.`jenis_bencana`
FROM `riwayat_perangkat`
JOIN `perangkat` ON `perangkat`.`id_perangkat` = `riwayat_perangkat`.`id_perangkat`
JOIN `ruangan` ON `ruangan`.`id_ruangan` = `perangkat`.`id_ruangan`
JOIN `lantai` ON `lantai`.`id_lantai` = `ruangan`.`id_lantai`
JOIN `gedung` ON `gedung`.`id_gedung` = `lantai`.`id_gedung`
LEFT JOIN (SELECT MIN(id_kebencanaan) as id_kebencanaan, `id_perangkat`, `waktu`
FROM `kebencanaan`
GROUP BY `id_perangkat`, `waktu`) AS kbnc ON `kbnc`.`id_perangkat` = `riwayat_perangkat`.`id_perangkat` AND `kbnc`.`waktu` = `riwayat_perangkat`.`waktu`
LEFT JOIN `kebencanaan` ON `kebencanaan`.`id_kebencanaan` = `kbnc`.`id_kebencanaan`
WHERE `riwayat_pperangkat`.`status_perangkat` = :riwayat_pperangkat.status_perangkat:
ORDER BY `riwayat_perangkat`.`waktu` DESC', [...], false)
 5 SYSTEMPATH\Model.php(286): CodeIgniter\Database\BaseBuilder->get()
 6 SYSTEMPATH\BaseModel.php(675): CodeIgniter\Model->doFindAll(0, 0)
 7 APPPATH\Models\RiwayatModel.php(70): CodeIgniter\BaseModel->findAll()
 8 APPPATH\Controllers\RiwayatController.php(23): App\Models\RiwayatModel->getFilteredRiwayat([])
 9 SYSTEMPATH\CodeIgniter.php(933): App\Controllers\RiwayatController->index()
10 SYSTEMPATH\CodeIgniter.php(507): CodeIgniter\CodeIgniter->runController(Object(App\Controllers\RiwayatController))
11 SYSTEMPATH\CodeIgniter.php(354): CodeIgniter\CodeIgniter->handleRequest(null, Object(Config\Cache), false)
12 SYSTEMPATH\Boot.php(334): CodeIgniter\CodeIgniter->run()
13 SYSTEMPATH\Boot.php(67): CodeIgniter\Boot::runCodeIgniter(Object(CodeIgniter\CodeIgniter))
14 FCPATH\index.php(56): CodeIgniter\Boot::bootWeb(Object(Config\Paths))
DEBUG - 2025-06-17 06:32:19 --> Session: Class initialized using 'CodeIgniter\Session\Handlers\FileHandler' driver.
DEBUG - 2025-06-17 07:22:53 --> Session: Class initialized using 'CodeIgniter\Session\Handlers\FileHandler' driver.
DEBUG - 2025-06-17 07:23:25 --> Session: Class initialized using 'CodeIgniter\Session\Handlers\FileHandler' driver.
ERROR - 2025-06-17 07:41:08 --> mysqli_sql_exception: Table 'monitor_bencana.users' doesn't exist in C:\xampp\htdocs\sistem-monitoring-kebencanaan\system\Database\MySQLi\Connection.php:327
Stack trace:
#0 C:\xampp\htdocs\sistem-monitoring-kebencanaan\system\Database\MySQLi\Connection.php(327): mysqli->query('INSERT INTO `us...', 0)
#1 C:\xampp\htdocs\sistem-monitoring-kebencanaan\system\Database\BaseConnection.php(738): CodeIgniter\Database\MySQLi\Connection->execute('INSERT INTO `us...')
#2 C:\xampp\htdocs\sistem-monitoring-kebencanaan\system\Database\BaseConnection.php(652): CodeIgniter\Database\BaseConnection->simpleQuery('INSERT INTO `us...')
#3 C:\xampp\htdocs\sistem-monitoring-kebencanaan\system\Database\BaseBuilder.php(1841): CodeIgniter\Database\BaseConnection->query('INSERT INTO `us...', NULL, false)
#4 C:\xampp\htdocs\sistem-monitoring-kebencanaan\system\Database\BaseBuilder.php(2230): CodeIgniter\Database\BaseBuilder->batchExecute('_insertBatch', 100)
#5 C:\xampp\htdocs\sistem-monitoring-kebencanaan\app\Database\Seeds\UserSeeder.php(24): CodeIgniter\Database\BaseBuilder->insertBatch(Array)
#6 C:\xampp\htdocs\sistem-monitoring-kebencanaan\system\Database\Seeder.php(147): App\Database\Seeds\UserSeeder->run()
#7 C:\xampp\htdocs\sistem-monitoring-kebencanaan\system\Commands\Database\Seed.php(79): CodeIgniter\Database\Seeder->call('App\\Database\\Se...')
#8 C:\xampp\htdocs\sistem-monitoring-kebencanaan\system\CLI\Commands.php(70): CodeIgniter\Commands\Database\Seed->run(Array)
#9 C:\xampp\htdocs\sistem-monitoring-kebencanaan\system\CLI\Console.php(48): CodeIgniter\CLI\Commands->run('db:seed', Array)
#10 C:\xampp\htdocs\sistem-monitoring-kebencanaan\system\Boot.php(360): CodeIgniter\CLI\Console->run()
#11 C:\xampp\htdocs\sistem-monitoring-kebencanaan\system\Boot.php(104): CodeIgniter\Boot::runCommand(Object(CodeIgniter\CLI\Console))
#12 C:\xampp\htdocs\sistem-monitoring-kebencanaan\spark(84): CodeIgniter\Boot::bootSpark(Object(Config\Paths))
#13 {main}
DEBUG - 2025-06-17 07:41:49 --> Session: Class initialized using 'CodeIgniter\Session\Handlers\FileHandler' driver.
DEBUG - 2025-06-17 07:42:21 --> Session: Class initialized using 'CodeIgniter\Session\Handlers\FileHandler' driver.
ERROR - 2025-06-17 07:42:21 --> mysqli_sql_exception: Table 'monitor_bencana.penggunas' doesn't exist in C:\xampp\htdocs\sistem-monitoring-kebencanaan\system\Database\MySQLi\Connection.php:327
Stack trace:
#0 C:\xampp\htdocs\sistem-monitoring-kebencanaan\system\Database\MySQLi\Connection.php(327): mysqli->query('SELECT *\nFROM `...', 0)
#1 C:\xampp\htdocs\sistem-monitoring-kebencanaan\system\Database\BaseConnection.php(738): CodeIgniter\Database\MySQLi\Connection->execute('SELECT *\nFROM `...')
#2 C:\xampp\htdocs\sistem-monitoring-kebencanaan\system\Database\BaseConnection.php(652): CodeIgniter\Database\BaseConnection->simpleQuery('SELECT *\nFROM `...')
#3 C:\xampp\htdocs\sistem-monitoring-kebencanaan\system\Database\BaseBuilder.php(1649): CodeIgniter\Database\BaseConnection->query('SELECT *\nFROM `...', Array, false)
#4 C:\xampp\htdocs\sistem-monitoring-kebencanaan\system\Model.php(330): CodeIgniter\Database\BaseBuilder->get()
#5 C:\xampp\htdocs\sistem-monitoring-kebencanaan\system\BaseModel.php(713): CodeIgniter\Model->doFirst()
#6 C:\xampp\htdocs\sistem-monitoring-kebencanaan\app\Controllers\AuthController.php(23): CodeIgniter\BaseModel->first()
#7 C:\xampp\htdocs\sistem-monitoring-kebencanaan\system\CodeIgniter.php(933): App\Controllers\AuthController->doLogin()
#8 C:\xampp\htdocs\sistem-monitoring-kebencanaan\system\CodeIgniter.php(507): CodeIgniter\CodeIgniter->runController(Object(App\Controllers\AuthController))
#9 C:\xampp\htdocs\sistem-monitoring-kebencanaan\system\CodeIgniter.php(354): CodeIgniter\CodeIgniter->handleRequest(NULL, Object(Config\Cache), false)
#10 C:\xampp\htdocs\sistem-monitoring-kebencanaan\system\Boot.php(334): CodeIgniter\CodeIgniter->run()
#11 C:\xampp\htdocs\sistem-monitoring-kebencanaan\system\Boot.php(67): CodeIgniter\Boot::runCodeIgniter(Object(CodeIgniter\CodeIgniter))
#12 C:\xampp\htdocs\sistem-monitoring-kebencanaan\public\index.php(56): CodeIgniter\Boot::bootWeb(Object(Config\Paths))
#13 {main}
CRITICAL - 2025-06-17 07:42:21 --> CodeIgniter\Database\Exceptions\DatabaseException: Table 'monitor_bencana.penggunas' doesn't exist
[Method: POST, Route: login]
in SYSTEMPATH\Database\BaseConnection.php on line 692.
 1 SYSTEMPATH\Database\BaseBuilder.php(1649): CodeIgniter\Database\BaseConnection->query('SELECT *
FROM `penggunas`
WHERE `username` = :username:
 LIMIT 1', [...], false)
 2 SYSTEMPATH\Model.php(330): CodeIgniter\Database\BaseBuilder->get()
 3 SYSTEMPATH\BaseModel.php(713): CodeIgniter\Model->doFirst()
 4 APPPATH\Controllers\AuthController.php(23): CodeIgniter\BaseModel->first()
 5 SYSTEMPATH\CodeIgniter.php(933): App\Controllers\AuthController->doLogin()
 6 SYSTEMPATH\CodeIgniter.php(507): CodeIgniter\CodeIgniter->runController(Object(App\Controllers\AuthController))
 7 SYSTEMPATH\CodeIgniter.php(354): CodeIgniter\CodeIgniter->handleRequest(null, Object(Config\Cache), false)
 8 SYSTEMPATH\Boot.php(334): CodeIgniter\CodeIgniter->run()
 9 SYSTEMPATH\Boot.php(67): CodeIgniter\Boot::runCodeIgniter(Object(CodeIgniter\CodeIgniter))
10 FCPATH\index.php(56): CodeIgniter\Boot::bootWeb(Object(Config\Paths))
CRITICAL - 2025-06-17 07:42:21 --> [Caused by] CodeIgniter\Database\Exceptions\DatabaseException: Table 'monitor_bencana.penggunas' doesn't exist
in SYSTEMPATH\Database\MySQLi\Connection.php on line 332.
 1 SYSTEMPATH\Database\BaseConnection.php(738): CodeIgniter\Database\MySQLi\Connection->execute('SELECT *
FROM `penggunas`
WHERE `username` = \'admin\'
 LIMIT 1')
 2 SYSTEMPATH\Database\BaseConnection.php(652): CodeIgniter\Database\BaseConnection->simpleQuery('SELECT *
FROM `penggunas`
WHERE `username` = \'admin\'
 LIMIT 1')
 3 SYSTEMPATH\Database\BaseBuilder.php(1649): CodeIgniter\Database\BaseConnection->query('SELECT *
FROM `penggunas`
WHERE `username` = :username:
 LIMIT 1', [...], false)
 4 SYSTEMPATH\Model.php(330): CodeIgniter\Database\BaseBuilder->get()
 5 SYSTEMPATH\BaseModel.php(713): CodeIgniter\Model->doFirst()
 6 APPPATH\Controllers\AuthController.php(23): CodeIgniter\BaseModel->first()
 7 SYSTEMPATH\CodeIgniter.php(933): App\Controllers\AuthController->doLogin()
 8 SYSTEMPATH\CodeIgniter.php(507): CodeIgniter\CodeIgniter->runController(Object(App\Controllers\AuthController))
 9 SYSTEMPATH\CodeIgniter.php(354): CodeIgniter\CodeIgniter->handleRequest(null, Object(Config\Cache), false)
10 SYSTEMPATH\Boot.php(334): CodeIgniter\CodeIgniter->run()
11 SYSTEMPATH\Boot.php(67): CodeIgniter\Boot::runCodeIgniter(Object(CodeIgniter\CodeIgniter))
12 FCPATH\index.php(56): CodeIgniter\Boot::bootWeb(Object(Config\Paths))
CRITICAL - 2025-06-17 07:42:21 --> [Caused by] mysqli_sql_exception: Table 'monitor_bencana.penggunas' doesn't exist
in SYSTEMPATH\Database\MySQLi\Connection.php on line 327.
 1 SYSTEMPATH\Database\MySQLi\Connection.php(327): mysqli->query('SELECT *
FROM `penggunas`
WHERE `username` = \'admin\'
 LIMIT 1', 0)
 2 SYSTEMPATH\Database\BaseConnection.php(738): CodeIgniter\Database\MySQLi\Connection->execute('SELECT *
FROM `penggunas`
WHERE `username` = \'admin\'
 LIMIT 1')
 3 SYSTEMPATH\Database\BaseConnection.php(652): CodeIgniter\Database\BaseConnection->simpleQuery('SELECT *
FROM `penggunas`
WHERE `username` = \'admin\'
 LIMIT 1')
 4 SYSTEMPATH\Database\BaseBuilder.php(1649): CodeIgniter\Database\BaseConnection->query('SELECT *
FROM `penggunas`
WHERE `username` = :username:
 LIMIT 1', [...], false)
 5 SYSTEMPATH\Model.php(330): CodeIgniter\Database\BaseBuilder->get()
 6 SYSTEMPATH\BaseModel.php(713): CodeIgniter\Model->doFirst()
 7 APPPATH\Controllers\AuthController.php(23): CodeIgniter\BaseModel->first()
 8 SYSTEMPATH\CodeIgniter.php(933): App\Controllers\AuthController->doLogin()
 9 SYSTEMPATH\CodeIgniter.php(507): CodeIgniter\CodeIgniter->runController(Object(App\Controllers\AuthController))
10 SYSTEMPATH\CodeIgniter.php(354): CodeIgniter\CodeIgniter->handleRequest(null, Object(Config\Cache), false)
11 SYSTEMPATH\Boot.php(334): CodeIgniter\CodeIgniter->run()
12 SYSTEMPATH\Boot.php(67): CodeIgniter\Boot::runCodeIgniter(Object(CodeIgniter\CodeIgniter))
13 FCPATH\index.php(56): CodeIgniter\Boot::bootWeb(Object(Config\Paths))
DEBUG - 2025-06-17 07:43:59 --> Session: Class initialized using 'CodeIgniter\Session\Handlers\FileHandler' driver.
CRITICAL - 2025-06-17 07:43:59 --> ErrorException: Undefined array key "id"
[Method: POST, Route: login]
in APPPATH\Controllers\AuthController.php on line 27.
 1 APPPATH\Controllers\AuthController.php(27): CodeIgniter\Debug\Exceptions->errorHandler(2, 'Undefined array key "id"', 'C:\\xampp\\htdocs\\sistem-monitoring-kebencanaan\\app\\Controllers\\AuthController.php', 27)
 2 SYSTEMPATH\CodeIgniter.php(933): App\Controllers\AuthController->doLogin()
 3 SYSTEMPATH\CodeIgniter.php(507): CodeIgniter\CodeIgniter->runController(Object(App\Controllers\AuthController))
 4 SYSTEMPATH\CodeIgniter.php(354): CodeIgniter\CodeIgniter->handleRequest(null, Object(Config\Cache), false)
 5 SYSTEMPATH\Boot.php(334): CodeIgniter\CodeIgniter->run()
 6 SYSTEMPATH\Boot.php(67): CodeIgniter\Boot::runCodeIgniter(Object(CodeIgniter\CodeIgniter))
 7 FCPATH\index.php(56): CodeIgniter\Boot::bootWeb(Object(Config\Paths))
DEBUG - 2025-06-17 07:44:15 --> Session: Class initialized using 'CodeIgniter\Session\Handlers\FileHandler' driver.
DEBUG - 2025-06-17 07:44:15 --> Session: Class initialized using 'CodeIgniter\Session\Handlers\FileHandler' driver.
DEBUG - 2025-06-17 07:46:16 --> Session: Class initialized using 'CodeIgniter\Session\Handlers\FileHandler' driver.
DEBUG - 2025-06-17 07:46:54 --> Session: Class initialized using 'CodeIgniter\Session\Handlers\FileHandler' driver.
DEBUG - 2025-06-17 07:47:06 --> Session: Class initialized using 'CodeIgniter\Session\Handlers\FileHandler' driver.
DEBUG - 2025-06-17 07:47:13 --> Session: Class initialized using 'CodeIgniter\Session\Handlers\FileHandler' driver.
DEBUG - 2025-06-17 07:47:27 --> Session: Class initialized using 'CodeIgniter\Session\Handlers\FileHandler' driver.
DEBUG - 2025-06-17 07:47:33 --> Session: Class initialized using 'CodeIgniter\Session\Handlers\FileHandler' driver.
DEBUG - 2025-06-17 07:47:33 --> Session: Class initialized using 'CodeIgniter\Session\Handlers\FileHandler' driver.
DEBUG - 2025-06-17 07:47:39 --> Session: Class initialized using 'CodeIgniter\Session\Handlers\FileHandler' driver.
DEBUG - 2025-06-17 07:47:40 --> Session: Class initialized using 'CodeIgniter\Session\Handlers\FileHandler' driver.
DEBUG - 2025-06-17 07:50:13 --> Session: Class initialized using 'CodeIgniter\Session\Handlers\FileHandler' driver.
DEBUG - 2025-06-17 07:50:27 --> Session: Class initialized using 'CodeIgniter\Session\Handlers\FileHandler' driver.
DEBUG - 2025-06-17 07:50:28 --> Session: Class initialized using 'CodeIgniter\Session\Handlers\FileHandler' driver.
DEBUG - 2025-06-17 07:51:02 --> Session: Class initialized using 'CodeIgniter\Session\Handlers\FileHandler' driver.
CRITICAL - 2025-06-17 07:51:07 --> Error: Class "App\Models\UserModel" not found
[Method: POST, Route: login]
in APPPATH\Controllers\AuthController.php on line 21.
 1 SYSTEMPATH\CodeIgniter.php(933): App\Controllers\AuthController->doLogin()
 2 SYSTEMPATH\CodeIgniter.php(507): CodeIgniter\CodeIgniter->runController(Object(App\Controllers\AuthController))
 3 SYSTEMPATH\CodeIgniter.php(354): CodeIgniter\CodeIgniter->handleRequest(null, Object(Config\Cache), false)
 4 SYSTEMPATH\Boot.php(334): CodeIgniter\CodeIgniter->run()
 5 SYSTEMPATH\Boot.php(67): CodeIgniter\Boot::runCodeIgniter(Object(CodeIgniter\CodeIgniter))
 6 FCPATH\index.php(56): CodeIgniter\Boot::bootWeb(Object(Config\Paths))
DEBUG - 2025-06-17 07:51:42 --> Session: Class initialized using 'CodeIgniter\Session\Handlers\FileHandler' driver.
DEBUG - 2025-06-17 07:51:42 --> Session: Class initialized using 'CodeIgniter\Session\Handlers\FileHandler' driver.
DEBUG - 2025-06-17 07:51:47 --> Session: Class initialized using 'CodeIgniter\Session\Handlers\FileHandler' driver.
DEBUG - 2025-06-17 07:51:54 --> Session: Class initialized using 'CodeIgniter\Session\Handlers\FileHandler' driver.
DEBUG - 2025-06-17 07:51:54 --> Session: Class initialized using 'CodeIgniter\Session\Handlers\FileHandler' driver.
DEBUG - 2025-06-17 07:52:01 --> Session: Class initialized using 'CodeIgniter\Session\Handlers\FileHandler' driver.
DEBUG - 2025-06-17 07:52:04 --> Session: Class initialized using 'CodeIgniter\Session\Handlers\FileHandler' driver.
DEBUG - 2025-06-17 07:55:21 --> Session: Class initialized using 'CodeIgniter\Session\Handlers\FileHandler' driver.
DEBUG - 2025-06-17 07:55:24 --> Session: Class initialized using 'CodeIgniter\Session\Handlers\FileHandler' driver.
DEBUG - 2025-06-17 07:55:31 --> Session: Class initialized using 'CodeIgniter\Session\Handlers\FileHandler' driver.
DEBUG - 2025-06-17 07:55:32 --> Session: Class initialized using 'CodeIgniter\Session\Handlers\FileHandler' driver.
DEBUG - 2025-06-17 07:55:38 --> Session: Class initialized using 'CodeIgniter\Session\Handlers\FileHandler' driver.
DEBUG - 2025-06-17 08:05:35 --> Session: Class initialized using 'CodeIgniter\Session\Handlers\FileHandler' driver.
DEBUG - 2025-06-17 08:05:45 --> Session: Class initialized using 'CodeIgniter\Session\Handlers\FileHandler' driver.
DEBUG - 2025-06-17 08:07:41 --> Session: Class initialized using 'CodeIgniter\Session\Handlers\FileHandler' driver.
DEBUG - 2025-06-17 08:07:45 --> Session: Class initialized using 'CodeIgniter\Session\Handlers\FileHandler' driver.
DEBUG - 2025-06-17 08:07:53 --> Session: Class initialized using 'CodeIgniter\Session\Handlers\FileHandler' driver.
DEBUG - 2025-06-17 08:07:54 --> Session: Class initialized using 'CodeIgniter\Session\Handlers\FileHandler' driver.
DEBUG - 2025-06-17 08:08:17 --> Session: Class initialized using 'CodeIgniter\Session\Handlers\FileHandler' driver.
DEBUG - 2025-06-17 08:08:21 --> Session: Class initialized using 'CodeIgniter\Session\Handlers\FileHandler' driver.
DEBUG - 2025-06-17 08:08:28 --> Session: Class initialized using 'CodeIgniter\Session\Handlers\FileHandler' driver.
DEBUG - 2025-06-17 08:08:28 --> Session: Class initialized using 'CodeIgniter\Session\Handlers\FileHandler' driver.
DEBUG - 2025-06-17 08:08:41 --> Session: Class initialized using 'CodeIgniter\Session\Handlers\FileHandler' driver.
DEBUG - 2025-06-17 08:09:17 --> Session: Class initialized using 'CodeIgniter\Session\Handlers\FileHandler' driver.
DEBUG - 2025-06-17 08:09:46 --> Session: Class initialized using 'CodeIgniter\Session\Handlers\FileHandler' driver.
DEBUG - 2025-06-17 08:09:46 --> Session: Class initialized using 'CodeIgniter\Session\Handlers\FileHandler' driver.
DEBUG - 2025-06-17 08:09:58 --> Session: Class initialized using 'CodeIgniter\Session\Handlers\FileHandler' driver.
DEBUG - 2025-06-17 08:09:58 --> Session: Class initialized using 'CodeIgniter\Session\Handlers\FileHandler' driver.
DEBUG - 2025-06-17 08:09:59 --> Session: Class initialized using 'CodeIgniter\Session\Handlers\FileHandler' driver.
DEBUG - 2025-06-17 08:10:04 --> Session: Class initialized using 'CodeIgniter\Session\Handlers\FileHandler' driver.
DEBUG - 2025-06-17 08:10:30 --> Session: Class initialized using 'CodeIgniter\Session\Handlers\FileHandler' driver.
DEBUG - 2025-06-17 08:10:31 --> Session: Class initialized using 'CodeIgniter\Session\Handlers\FileHandler' driver.
DEBUG - 2025-06-17 08:10:31 --> Session: Class initialized using 'CodeIgniter\Session\Handlers\FileHandler' driver.
DEBUG - 2025-06-17 08:14:26 --> Session: Class initialized using 'CodeIgniter\Session\Handlers\FileHandler' driver.
DEBUG - 2025-06-17 08:14:39 --> Session: Class initialized using 'CodeIgniter\Session\Handlers\FileHandler' driver.
DEBUG - 2025-06-17 08:14:39 --> Session: Class initialized using 'CodeIgniter\Session\Handlers\FileHandler' driver.
DEBUG - 2025-06-17 08:14:40 --> Session: Class initialized using 'CodeIgniter\Session\Handlers\FileHandler' driver.
DEBUG - 2025-06-17 08:15:39 --> Session: Class initialized using 'CodeIgniter\Session\Handlers\FileHandler' driver.
DEBUG - 2025-06-17 08:15:48 --> Session: Class initialized using 'CodeIgniter\Session\Handlers\FileHandler' driver.
DEBUG - 2025-06-17 08:15:49 --> Session: Class initialized using 'CodeIgniter\Session\Handlers\FileHandler' driver.
DEBUG - 2025-06-17 08:15:49 --> Session: Class initialized using 'CodeIgniter\Session\Handlers\FileHandler' driver.
DEBUG - 2025-06-17 08:16:18 --> Session: Class initialized using 'CodeIgniter\Session\Handlers\FileHandler' driver.
DEBUG - 2025-06-17 08:16:18 --> Session: Class initialized using 'CodeIgniter\Session\Handlers\FileHandler' driver.
DEBUG - 2025-06-17 08:16:19 --> Session: Class initialized using 'CodeIgniter\Session\Handlers\FileHandler' driver.
DEBUG - 2025-06-17 08:17:58 --> Session: Class initialized using 'CodeIgniter\Session\Handlers\FileHandler' driver.
DEBUG - 2025-06-17 08:18:14 --> Session: Class initialized using 'CodeIgniter\Session\Handlers\FileHandler' driver.
DEBUG - 2025-06-17 08:18:14 --> Session: Class initialized using 'CodeIgniter\Session\Handlers\FileHandler' driver.
DEBUG - 2025-06-17 08:18:15 --> Session: Class initialized using 'CodeIgniter\Session\Handlers\FileHandler' driver.
DEBUG - 2025-06-17 08:19:15 --> Session: Class initialized using 'CodeIgniter\Session\Handlers\FileHandler' driver.
DEBUG - 2025-06-17 08:19:21 --> Session: Class initialized using 'CodeIgniter\Session\Handlers\FileHandler' driver.
DEBUG - 2025-06-17 08:19:22 --> Session: Class initialized using 'CodeIgniter\Session\Handlers\FileHandler' driver.
DEBUG - 2025-06-17 08:19:22 --> Session: Class initialized using 'CodeIgniter\Session\Handlers\FileHandler' driver.
