DEBUG - 2025-06-18 03:23:57 --> Session: Class initialized using 'CodeIgniter\Session\Handlers\FileHandler' driver.
DEBUG - 2025-06-18 03:24:13 --> Session: Class initialized using 'CodeIgniter\Session\Handlers\FileHandler' driver.
DEBUG - 2025-06-18 03:24:46 --> Session: Class initialized using 'CodeIgniter\Session\Handlers\FileHandler' driver.
DEBUG - 2025-06-18 03:24:48 --> Session: Class initialized using 'CodeIgniter\Session\Handlers\FileHandler' driver.
DEBUG - 2025-06-18 03:24:49 --> Session: Class initialized using 'CodeIgniter\Session\Handlers\FileHandler' driver.
DEBUG - 2025-06-18 03:29:21 --> Session: Class initialized using 'CodeIgniter\Session\Handlers\FileHandler' driver.
DEBUG - 2025-06-18 03:29:25 --> Session: Class initialized using 'CodeIgniter\Session\Handlers\FileHandler' driver.
DEBUG - 2025-06-18 03:29:31 --> Session: Class initialized using 'CodeIgniter\Session\Handlers\FileHandler' driver.
DEBUG - 2025-06-18 03:29:31 --> Session: Class initialized using 'CodeIgniter\Session\Handlers\FileHandler' driver.
DEBUG - 2025-06-18 03:29:56 --> Session: Class initialized using 'CodeIgniter\Session\Handlers\FileHandler' driver.
DEBUG - 2025-06-18 03:30:03 --> Session: Class initialized using 'CodeIgniter\Session\Handlers\FileHandler' driver.
DEBUG - 2025-06-18 03:30:03 --> Session: Class initialized using 'CodeIgniter\Session\Handlers\FileHandler' driver.
DEBUG - 2025-06-18 03:30:13 --> Session: Class initialized using 'CodeIgniter\Session\Handlers\FileHandler' driver.
DEBUG - 2025-06-18 03:30:13 --> Session: Class initialized using 'CodeIgniter\Session\Handlers\FileHandler' driver.
DEBUG - 2025-06-18 03:33:36 --> Session: Class initialized using 'CodeIgniter\Session\Handlers\FileHandler' driver.
DEBUG - 2025-06-18 03:33:38 --> Session: Class initialized using 'CodeIgniter\Session\Handlers\FileHandler' driver.
DEBUG - 2025-06-18 03:33:43 --> Session: Class initialized using 'CodeIgniter\Session\Handlers\FileHandler' driver.
DEBUG - 2025-06-18 03:33:43 --> Session: Class initialized using 'CodeIgniter\Session\Handlers\FileHandler' driver.
DEBUG - 2025-06-18 03:33:47 --> Session: Class initialized using 'CodeIgniter\Session\Handlers\FileHandler' driver.
DEBUG - 2025-06-18 03:36:38 --> Session: Class initialized using 'CodeIgniter\Session\Handlers\FileHandler' driver.
DEBUG - 2025-06-18 03:36:38 --> Session: Class initialized using 'CodeIgniter\Session\Handlers\FileHandler' driver.
DEBUG - 2025-06-18 03:36:44 --> Session: Class initialized using 'CodeIgniter\Session\Handlers\FileHandler' driver.
DEBUG - 2025-06-18 03:40:36 --> Session: Class initialized using 'CodeIgniter\Session\Handlers\FileHandler' driver.
DEBUG - 2025-06-18 03:40:54 --> Session: Class initialized using 'CodeIgniter\Session\Handlers\FileHandler' driver.
DEBUG - 2025-06-18 03:41:00 --> Session: Class initialized using 'CodeIgniter\Session\Handlers\FileHandler' driver.
DEBUG - 2025-06-18 03:41:04 --> Session: Class initialized using 'CodeIgniter\Session\Handlers\FileHandler' driver.
DEBUG - 2025-06-18 03:41:05 --> Session: Class initialized using 'CodeIgniter\Session\Handlers\FileHandler' driver.
DEBUG - 2025-06-18 03:41:11 --> Session: Class initialized using 'CodeIgniter\Session\Handlers\FileHandler' driver.
DEBUG - 2025-06-18 03:41:11 --> Session: Class initialized using 'CodeIgniter\Session\Handlers\FileHandler' driver.
DEBUG - 2025-06-18 03:41:14 --> Session: Class initialized using 'CodeIgniter\Session\Handlers\FileHandler' driver.
DEBUG - 2025-06-18 03:41:22 --> Session: Class initialized using 'CodeIgniter\Session\Handlers\FileHandler' driver.
DEBUG - 2025-06-18 03:41:23 --> Session: Class initialized using 'CodeIgniter\Session\Handlers\FileHandler' driver.
DEBUG - 2025-06-18 03:41:25 --> Session: Class initialized using 'CodeIgniter\Session\Handlers\FileHandler' driver.
DEBUG - 2025-06-18 03:43:06 --> Session: Class initialized using 'CodeIgniter\Session\Handlers\FileHandler' driver.
DEBUG - 2025-06-18 03:43:13 --> Session: Class initialized using 'CodeIgniter\Session\Handlers\FileHandler' driver.
DEBUG - 2025-06-18 03:44:05 --> Session: Class initialized using 'CodeIgniter\Session\Handlers\FileHandler' driver.
DEBUG - 2025-06-18 03:44:11 --> Session: Class initialized using 'CodeIgniter\Session\Handlers\FileHandler' driver.
DEBUG - 2025-06-18 03:44:13 --> Session: Class initialized using 'CodeIgniter\Session\Handlers\FileHandler' driver.
DEBUG - 2025-06-18 03:44:18 --> Session: Class initialized using 'CodeIgniter\Session\Handlers\FileHandler' driver.
DEBUG - 2025-06-18 03:51:12 --> Session: Class initialized using 'CodeIgniter\Session\Handlers\FileHandler' driver.
DEBUG - 2025-06-18 03:51:27 --> Session: Class initialized using 'CodeIgniter\Session\Handlers\FileHandler' driver.
DEBUG - 2025-06-18 03:51:29 --> Session: Class initialized using 'CodeIgniter\Session\Handlers\FileHandler' driver.
DEBUG - 2025-06-18 03:51:30 --> Session: Class initialized using 'CodeIgniter\Session\Handlers\FileHandler' driver.
DEBUG - 2025-06-18 03:51:41 --> Session: Class initialized using 'CodeIgniter\Session\Handlers\FileHandler' driver.
DEBUG - 2025-06-18 03:51:51 --> Session: Class initialized using 'CodeIgniter\Session\Handlers\FileHandler' driver.
DEBUG - 2025-06-18 03:52:28 --> Session: Class initialized using 'CodeIgniter\Session\Handlers\FileHandler' driver.
DEBUG - 2025-06-18 03:52:46 --> Session: Class initialized using 'CodeIgniter\Session\Handlers\FileHandler' driver.
DEBUG - 2025-06-18 03:52:53 --> Session: Class initialized using 'CodeIgniter\Session\Handlers\FileHandler' driver.
DEBUG - 2025-06-18 03:53:00 --> Session: Class initialized using 'CodeIgniter\Session\Handlers\FileHandler' driver.
DEBUG - 2025-06-18 03:53:14 --> Session: Class initialized using 'CodeIgniter\Session\Handlers\FileHandler' driver.
DEBUG - 2025-06-18 03:53:19 --> Session: Class initialized using 'CodeIgniter\Session\Handlers\FileHandler' driver.
DEBUG - 2025-06-18 03:54:30 --> Session: Class initialized using 'CodeIgniter\Session\Handlers\FileHandler' driver.
DEBUG - 2025-06-18 03:54:43 --> Session: Class initialized using 'CodeIgniter\Session\Handlers\FileHandler' driver.
DEBUG - 2025-06-18 03:54:44 --> Session: Class initialized using 'CodeIgniter\Session\Handlers\FileHandler' driver.
DEBUG - 2025-06-18 03:54:45 --> Session: Class initialized using 'CodeIgniter\Session\Handlers\FileHandler' driver.
DEBUG - 2025-06-18 04:23:13 --> Session: Class initialized using 'CodeIgniter\Session\Handlers\FileHandler' driver.
CRITICAL - 2025-06-18 04:23:13 --> ErrorException: Undefined variable $gedung
[Method: GET, Route: laporan]
in APPPATH\Views\laporan.php on line 50.
 1 APPPATH\Views\laporan.php(50): CodeIgniter\Debug\Exceptions->errorHandler(2, 'Undefined variable $gedung', 'C:\\xampp\\htdocs\\sistem-monitoring-kebencanaan\\app\\Views\\laporan.php', 50)
 2 SYSTEMPATH\View\View.php(224): include('C:\\xampp\\htdocs\\sistem-monitoring-kebencanaan\\app\\Views\\laporan.php')
 3 SYSTEMPATH\View\View.php(227): CodeIgniter\View\View->CodeIgniter\View\{closure}()
 4 SYSTEMPATH\Common.php(1173): CodeIgniter\View\View->render('laporan', [], true)
 5 APPPATH\Controllers\LaporanController.php(59): view('laporan', [...])
 6 SYSTEMPATH\CodeIgniter.php(933): App\Controllers\LaporanController->index()
 7 SYSTEMPATH\CodeIgniter.php(507): CodeIgniter\CodeIgniter->runController(Object(App\Controllers\LaporanController))
 8 SYSTEMPATH\CodeIgniter.php(354): CodeIgniter\CodeIgniter->handleRequest(null, Object(Config\Cache), false)
 9 SYSTEMPATH\Boot.php(334): CodeIgniter\CodeIgniter->run()
10 SYSTEMPATH\Boot.php(67): CodeIgniter\Boot::runCodeIgniter(Object(CodeIgniter\CodeIgniter))
11 FCPATH\index.php(56): CodeIgniter\Boot::bootWeb(Object(Config\Paths))
DEBUG - 2025-06-18 04:23:40 --> Session: Class initialized using 'CodeIgniter\Session\Handlers\FileHandler' driver.
DEBUG - 2025-06-18 04:25:15 --> Session: Class initialized using 'CodeIgniter\Session\Handlers\FileHandler' driver.
DEBUG - 2025-06-18 04:25:17 --> Session: Class initialized using 'CodeIgniter\Session\Handlers\FileHandler' driver.
CRITICAL - 2025-06-18 04:25:17 --> ErrorException: Undefined variable $gedung
[Method: GET, Route: laporan]
in APPPATH\Views\laporan.php on line 50.
 1 APPPATH\Views\laporan.php(50): CodeIgniter\Debug\Exceptions->errorHandler(2, 'Undefined variable $gedung', 'C:\\xampp\\htdocs\\sistem-monitoring-kebencanaan\\app\\Views\\laporan.php', 50)
 2 SYSTEMPATH\View\View.php(224): include('C:\\xampp\\htdocs\\sistem-monitoring-kebencanaan\\app\\Views\\laporan.php')
 3 SYSTEMPATH\View\View.php(227): CodeIgniter\View\View->CodeIgniter\View\{closure}()
 4 SYSTEMPATH\Common.php(1173): CodeIgniter\View\View->render('laporan', [], true)
 5 APPPATH\Controllers\LaporanController.php(59): view('laporan', [...])
 6 SYSTEMPATH\CodeIgniter.php(933): App\Controllers\LaporanController->index()
 7 SYSTEMPATH\CodeIgniter.php(507): CodeIgniter\CodeIgniter->runController(Object(App\Controllers\LaporanController))
 8 SYSTEMPATH\CodeIgniter.php(354): CodeIgniter\CodeIgniter->handleRequest(null, Object(Config\Cache), false)
 9 SYSTEMPATH\Boot.php(334): CodeIgniter\CodeIgniter->run()
10 SYSTEMPATH\Boot.php(67): CodeIgniter\Boot::runCodeIgniter(Object(CodeIgniter\CodeIgniter))
11 FCPATH\index.php(56): CodeIgniter\Boot::bootWeb(Object(Config\Paths))
DEBUG - 2025-06-18 04:25:34 --> Session: Class initialized using 'CodeIgniter\Session\Handlers\FileHandler' driver.
DEBUG - 2025-06-18 04:25:35 --> Session: Class initialized using 'CodeIgniter\Session\Handlers\FileHandler' driver.
DEBUG - 2025-06-18 04:26:44 --> Session: Class initialized using 'CodeIgniter\Session\Handlers\FileHandler' driver.
DEBUG - 2025-06-18 04:27:02 --> Session: Class initialized using 'CodeIgniter\Session\Handlers\FileHandler' driver.
DEBUG - 2025-06-18 04:27:08 --> Session: Class initialized using 'CodeIgniter\Session\Handlers\FileHandler' driver.
DEBUG - 2025-06-18 04:27:12 --> Session: Class initialized using 'CodeIgniter\Session\Handlers\FileHandler' driver.
DEBUG - 2025-06-18 04:27:14 --> Session: Class initialized using 'CodeIgniter\Session\Handlers\FileHandler' driver.
DEBUG - 2025-06-18 04:28:50 --> Session: Class initialized using 'CodeIgniter\Session\Handlers\FileHandler' driver.
CRITICAL - 2025-06-18 04:28:50 --> ErrorException: Undefined variable $gedung
[Method: GET, Route: laporan]
in APPPATH\Views\laporan.php on line 50.
 1 APPPATH\Views\laporan.php(50): CodeIgniter\Debug\Exceptions->errorHandler(2, 'Undefined variable $gedung', 'C:\\xampp\\htdocs\\sistem-monitoring-kebencanaan\\app\\Views\\laporan.php', 50)
 2 SYSTEMPATH\View\View.php(224): include('C:\\xampp\\htdocs\\sistem-monitoring-kebencanaan\\app\\Views\\laporan.php')
 3 SYSTEMPATH\View\View.php(227): CodeIgniter\View\View->CodeIgniter\View\{closure}()
 4 SYSTEMPATH\Common.php(1173): CodeIgniter\View\View->render('laporan', [], true)
 5 APPPATH\Controllers\LaporanController.php(59): view('laporan', [...])
 6 SYSTEMPATH\CodeIgniter.php(933): App\Controllers\LaporanController->index()
 7 SYSTEMPATH\CodeIgniter.php(507): CodeIgniter\CodeIgniter->runController(Object(App\Controllers\LaporanController))
 8 SYSTEMPATH\CodeIgniter.php(354): CodeIgniter\CodeIgniter->handleRequest(null, Object(Config\Cache), false)
 9 SYSTEMPATH\Boot.php(334): CodeIgniter\CodeIgniter->run()
10 SYSTEMPATH\Boot.php(67): CodeIgniter\Boot::runCodeIgniter(Object(CodeIgniter\CodeIgniter))
11 FCPATH\index.php(56): CodeIgniter\Boot::bootWeb(Object(Config\Paths))
DEBUG - 2025-06-18 04:30:59 --> Session: Class initialized using 'CodeIgniter\Session\Handlers\FileHandler' driver.
CRITICAL - 2025-06-18 04:30:59 --> ErrorException: Undefined variable $daftar_kebencanaan
[Method: GET, Route: laporan]
in APPPATH\Views\laporan.php on line 25.
 1 APPPATH\Views\laporan.php(25): CodeIgniter\Debug\Exceptions->errorHandler(2, 'Undefined variable $daftar_kebencanaan', 'C:\\xampp\\htdocs\\sistem-monitoring-kebencanaan\\app\\Views\\laporan.php', 25)
 2 SYSTEMPATH\View\View.php(224): include('C:\\xampp\\htdocs\\sistem-monitoring-kebencanaan\\app\\Views\\laporan.php')
 3 SYSTEMPATH\View\View.php(227): CodeIgniter\View\View->CodeIgniter\View\{closure}()
 4 SYSTEMPATH\Common.php(1173): CodeIgniter\View\View->render('laporan', [], true)
 5 APPPATH\Controllers\LaporanController.php(41): view('laporan', [...])
 6 SYSTEMPATH\CodeIgniter.php(933): App\Controllers\LaporanController->index()
 7 SYSTEMPATH\CodeIgniter.php(507): CodeIgniter\CodeIgniter->runController(Object(App\Controllers\LaporanController))
 8 SYSTEMPATH\CodeIgniter.php(354): CodeIgniter\CodeIgniter->handleRequest(null, Object(Config\Cache), false)
 9 SYSTEMPATH\Boot.php(334): CodeIgniter\CodeIgniter->run()
10 SYSTEMPATH\Boot.php(67): CodeIgniter\Boot::runCodeIgniter(Object(CodeIgniter\CodeIgniter))
11 FCPATH\index.php(56): CodeIgniter\Boot::bootWeb(Object(Config\Paths))
DEBUG - 2025-06-18 04:31:18 --> Session: Class initialized using 'CodeIgniter\Session\Handlers\FileHandler' driver.
CRITICAL - 2025-06-18 04:31:18 --> ErrorException: Undefined array key "id_kebencanaan"
[Method: GET, Route: laporan]
in APPPATH\Views\laporan.php on line 26.
 1 APPPATH\Views\laporan.php(26): CodeIgniter\Debug\Exceptions->errorHandler(2, 'Undefined array key "id_kebencanaan"', 'C:\\xampp\\htdocs\\sistem-monitoring-kebencanaan\\app\\Views\\laporan.php', 26)
 2 SYSTEMPATH\View\View.php(224): include('C:\\xampp\\htdocs\\sistem-monitoring-kebencanaan\\app\\Views\\laporan.php')
 3 SYSTEMPATH\View\View.php(227): CodeIgniter\View\View->CodeIgniter\View\{closure}()
 4 SYSTEMPATH\Common.php(1173): CodeIgniter\View\View->render('laporan', [], true)
 5 APPPATH\Controllers\LaporanController.php(41): view('laporan', [...])
 6 SYSTEMPATH\CodeIgniter.php(933): App\Controllers\LaporanController->index()
 7 SYSTEMPATH\CodeIgniter.php(507): CodeIgniter\CodeIgniter->runController(Object(App\Controllers\LaporanController))
 8 SYSTEMPATH\CodeIgniter.php(354): CodeIgniter\CodeIgniter->handleRequest(null, Object(Config\Cache), false)
 9 SYSTEMPATH\Boot.php(334): CodeIgniter\CodeIgniter->run()
10 SYSTEMPATH\Boot.php(67): CodeIgniter\Boot::runCodeIgniter(Object(CodeIgniter\CodeIgniter))
11 FCPATH\index.php(56): CodeIgniter\Boot::bootWeb(Object(Config\Paths))
DEBUG - 2025-06-18 04:32:16 --> Session: Class initialized using 'CodeIgniter\Session\Handlers\FileHandler' driver.
CRITICAL - 2025-06-18 04:32:16 --> ErrorException: Undefined variable $daftar_kebencanaan
[Method: GET, Route: laporan]
in APPPATH\Views\laporan.php on line 25.
 1 APPPATH\Views\laporan.php(25): CodeIgniter\Debug\Exceptions->errorHandler(2, 'Undefined variable $daftar_kebencanaan', 'C:\\xampp\\htdocs\\sistem-monitoring-kebencanaan\\app\\Views\\laporan.php', 25)
 2 SYSTEMPATH\View\View.php(224): include('C:\\xampp\\htdocs\\sistem-monitoring-kebencanaan\\app\\Views\\laporan.php')
 3 SYSTEMPATH\View\View.php(227): CodeIgniter\View\View->CodeIgniter\View\{closure}()
 4 SYSTEMPATH\Common.php(1173): CodeIgniter\View\View->render('laporan', [], true)
 5 APPPATH\Controllers\LaporanController.php(41): view('laporan', [...])
 6 SYSTEMPATH\CodeIgniter.php(933): App\Controllers\LaporanController->index()
 7 SYSTEMPATH\CodeIgniter.php(507): CodeIgniter\CodeIgniter->runController(Object(App\Controllers\LaporanController))
 8 SYSTEMPATH\CodeIgniter.php(354): CodeIgniter\CodeIgniter->handleRequest(null, Object(Config\Cache), false)
 9 SYSTEMPATH\Boot.php(334): CodeIgniter\CodeIgniter->run()
10 SYSTEMPATH\Boot.php(67): CodeIgniter\Boot::runCodeIgniter(Object(CodeIgniter\CodeIgniter))
11 FCPATH\index.php(56): CodeIgniter\Boot::bootWeb(Object(Config\Paths))
DEBUG - 2025-06-18 04:32:22 --> Session: Class initialized using 'CodeIgniter\Session\Handlers\FileHandler' driver.
CRITICAL - 2025-06-18 04:32:22 --> ErrorException: Undefined array key "id_kebencanaan"
[Method: GET, Route: laporan]
in APPPATH\Views\laporan.php on line 26.
 1 APPPATH\Views\laporan.php(26): CodeIgniter\Debug\Exceptions->errorHandler(2, 'Undefined array key "id_kebencanaan"', 'C:\\xampp\\htdocs\\sistem-monitoring-kebencanaan\\app\\Views\\laporan.php', 26)
 2 SYSTEMPATH\View\View.php(224): include('C:\\xampp\\htdocs\\sistem-monitoring-kebencanaan\\app\\Views\\laporan.php')
 3 SYSTEMPATH\View\View.php(227): CodeIgniter\View\View->CodeIgniter\View\{closure}()
 4 SYSTEMPATH\Common.php(1173): CodeIgniter\View\View->render('laporan', [], true)
 5 APPPATH\Controllers\LaporanController.php(41): view('laporan', [...])
 6 SYSTEMPATH\CodeIgniter.php(933): App\Controllers\LaporanController->index()
 7 SYSTEMPATH\CodeIgniter.php(507): CodeIgniter\CodeIgniter->runController(Object(App\Controllers\LaporanController))
 8 SYSTEMPATH\CodeIgniter.php(354): CodeIgniter\CodeIgniter->handleRequest(null, Object(Config\Cache), false)
 9 SYSTEMPATH\Boot.php(334): CodeIgniter\CodeIgniter->run()
10 SYSTEMPATH\Boot.php(67): CodeIgniter\Boot::runCodeIgniter(Object(CodeIgniter\CodeIgniter))
11 FCPATH\index.php(56): CodeIgniter\Boot::bootWeb(Object(Config\Paths))
DEBUG - 2025-06-18 04:33:01 --> Session: Class initialized using 'CodeIgniter\Session\Handlers\FileHandler' driver.
CRITICAL - 2025-06-18 04:33:01 --> ErrorException: Undefined array key "id_kebencanaan"
[Method: GET, Route: laporan]
in APPPATH\Views\laporan.php on line 26.
 1 APPPATH\Views\laporan.php(26): CodeIgniter\Debug\Exceptions->errorHandler(2, 'Undefined array key "id_kebencanaan"', 'C:\\xampp\\htdocs\\sistem-monitoring-kebencanaan\\app\\Views\\laporan.php', 26)
 2 SYSTEMPATH\View\View.php(224): include('C:\\xampp\\htdocs\\sistem-monitoring-kebencanaan\\app\\Views\\laporan.php')
 3 SYSTEMPATH\View\View.php(227): CodeIgniter\View\View->CodeIgniter\View\{closure}()
 4 SYSTEMPATH\Common.php(1173): CodeIgniter\View\View->render('laporan', [], true)
 5 APPPATH\Controllers\LaporanController.php(41): view('laporan', [...])
 6 SYSTEMPATH\CodeIgniter.php(933): App\Controllers\LaporanController->index()
 7 SYSTEMPATH\CodeIgniter.php(507): CodeIgniter\CodeIgniter->runController(Object(App\Controllers\LaporanController))
 8 SYSTEMPATH\CodeIgniter.php(354): CodeIgniter\CodeIgniter->handleRequest(null, Object(Config\Cache), false)
 9 SYSTEMPATH\Boot.php(334): CodeIgniter\CodeIgniter->run()
10 SYSTEMPATH\Boot.php(67): CodeIgniter\Boot::runCodeIgniter(Object(CodeIgniter\CodeIgniter))
11 FCPATH\index.php(56): CodeIgniter\Boot::bootWeb(Object(Config\Paths))
DEBUG - 2025-06-18 04:33:09 --> Session: Class initialized using 'CodeIgniter\Session\Handlers\FileHandler' driver.
CRITICAL - 2025-06-18 04:33:09 --> ErrorException: Undefined variable $kebencanaan
[Method: GET, Route: laporan]
in APPPATH\Views\laporan.php on line 27.
 1 APPPATH\Views\laporan.php(27): CodeIgniter\Debug\Exceptions->errorHandler(2, 'Undefined variable $kebencanaan', 'C:\\xampp\\htdocs\\sistem-monitoring-kebencanaan\\app\\Views\\laporan.php', 27)
 2 SYSTEMPATH\View\View.php(224): include('C:\\xampp\\htdocs\\sistem-monitoring-kebencanaan\\app\\Views\\laporan.php')
 3 SYSTEMPATH\View\View.php(227): CodeIgniter\View\View->CodeIgniter\View\{closure}()
 4 SYSTEMPATH\Common.php(1173): CodeIgniter\View\View->render('laporan', [], true)
 5 APPPATH\Controllers\LaporanController.php(41): view('laporan', [...])
 6 SYSTEMPATH\CodeIgniter.php(933): App\Controllers\LaporanController->index()
 7 SYSTEMPATH\CodeIgniter.php(507): CodeIgniter\CodeIgniter->runController(Object(App\Controllers\LaporanController))
 8 SYSTEMPATH\CodeIgniter.php(354): CodeIgniter\CodeIgniter->handleRequest(null, Object(Config\Cache), false)
 9 SYSTEMPATH\Boot.php(334): CodeIgniter\CodeIgniter->run()
10 SYSTEMPATH\Boot.php(67): CodeIgniter\Boot::runCodeIgniter(Object(CodeIgniter\CodeIgniter))
11 FCPATH\index.php(56): CodeIgniter\Boot::bootWeb(Object(Config\Paths))
DEBUG - 2025-06-18 04:33:19 --> Session: Class initialized using 'CodeIgniter\Session\Handlers\FileHandler' driver.
DEBUG - 2025-06-18 04:34:18 --> Session: Class initialized using 'CodeIgniter\Session\Handlers\FileHandler' driver.
CRITICAL - 2025-06-18 04:34:18 --> ErrorException: Undefined variable $perangkat
[Method: GET, Route: laporan]
in APPPATH\Views\laporan.php on line 25.
 1 APPPATH\Views\laporan.php(25): CodeIgniter\Debug\Exceptions->errorHandler(2, 'Undefined variable $perangkat', 'C:\\xampp\\htdocs\\sistem-monitoring-kebencanaan\\app\\Views\\laporan.php', 25)
 2 SYSTEMPATH\View\View.php(224): include('C:\\xampp\\htdocs\\sistem-monitoring-kebencanaan\\app\\Views\\laporan.php')
 3 SYSTEMPATH\View\View.php(227): CodeIgniter\View\View->CodeIgniter\View\{closure}()
 4 SYSTEMPATH\Common.php(1173): CodeIgniter\View\View->render('laporan', [], true)
 5 APPPATH\Controllers\LaporanController.php(41): view('laporan', [...])
 6 SYSTEMPATH\CodeIgniter.php(933): App\Controllers\LaporanController->index()
 7 SYSTEMPATH\CodeIgniter.php(507): CodeIgniter\CodeIgniter->runController(Object(App\Controllers\LaporanController))
 8 SYSTEMPATH\CodeIgniter.php(354): CodeIgniter\CodeIgniter->handleRequest(null, Object(Config\Cache), false)
 9 SYSTEMPATH\Boot.php(334): CodeIgniter\CodeIgniter->run()
10 SYSTEMPATH\Boot.php(67): CodeIgniter\Boot::runCodeIgniter(Object(CodeIgniter\CodeIgniter))
11 FCPATH\index.php(56): CodeIgniter\Boot::bootWeb(Object(Config\Paths))
DEBUG - 2025-06-18 04:35:03 --> Session: Class initialized using 'CodeIgniter\Session\Handlers\FileHandler' driver.
CRITICAL - 2025-06-18 04:35:03 --> ErrorException: Undefined variable $perangkat
[Method: GET, Route: laporan]
in APPPATH\Views\laporan.php on line 25.
 1 APPPATH\Views\laporan.php(25): CodeIgniter\Debug\Exceptions->errorHandler(2, 'Undefined variable $perangkat', 'C:\\xampp\\htdocs\\sistem-monitoring-kebencanaan\\app\\Views\\laporan.php', 25)
 2 SYSTEMPATH\View\View.php(224): include('C:\\xampp\\htdocs\\sistem-monitoring-kebencanaan\\app\\Views\\laporan.php')
 3 SYSTEMPATH\View\View.php(227): CodeIgniter\View\View->CodeIgniter\View\{closure}()
 4 SYSTEMPATH\Common.php(1173): CodeIgniter\View\View->render('laporan', [], true)
 5 APPPATH\Controllers\LaporanController.php(41): view('laporan', [...])
 6 SYSTEMPATH\CodeIgniter.php(933): App\Controllers\LaporanController->index()
 7 SYSTEMPATH\CodeIgniter.php(507): CodeIgniter\CodeIgniter->runController(Object(App\Controllers\LaporanController))
 8 SYSTEMPATH\CodeIgniter.php(354): CodeIgniter\CodeIgniter->handleRequest(null, Object(Config\Cache), false)
 9 SYSTEMPATH\Boot.php(334): CodeIgniter\CodeIgniter->run()
10 SYSTEMPATH\Boot.php(67): CodeIgniter\Boot::runCodeIgniter(Object(CodeIgniter\CodeIgniter))
11 FCPATH\index.php(56): CodeIgniter\Boot::bootWeb(Object(Config\Paths))
DEBUG - 2025-06-18 04:36:01 --> Session: Class initialized using 'CodeIgniter\Session\Handlers\FileHandler' driver.
DEBUG - 2025-06-18 04:36:39 --> Session: Class initialized using 'CodeIgniter\Session\Handlers\FileHandler' driver.
DEBUG - 2025-06-18 04:38:55 --> Session: Class initialized using 'CodeIgniter\Session\Handlers\FileHandler' driver.
DEBUG - 2025-06-18 04:39:12 --> Session: Class initialized using 'CodeIgniter\Session\Handlers\FileHandler' driver.
DEBUG - 2025-06-18 04:39:18 --> Session: Class initialized using 'CodeIgniter\Session\Handlers\FileHandler' driver.
DEBUG - 2025-06-18 04:41:24 --> Session: Class initialized using 'CodeIgniter\Session\Handlers\FileHandler' driver.
DEBUG - 2025-06-18 04:41:29 --> Session: Class initialized using 'CodeIgniter\Session\Handlers\FileHandler' driver.
DEBUG - 2025-06-18 04:41:32 --> Session: Class initialized using 'CodeIgniter\Session\Handlers\FileHandler' driver.
DEBUG - 2025-06-18 04:47:05 --> Session: Class initialized using 'CodeIgniter\Session\Handlers\FileHandler' driver.
CRITICAL - 2025-06-18 04:47:05 --> ErrorException: Undefined array key "nama_gedung"
[Method: GET, Route: laporan]
in APPPATH\Views\laporan.php on line 30.
 1 APPPATH\Views\laporan.php(30): CodeIgniter\Debug\Exceptions->errorHandler(2, 'Undefined array key "nama_gedung"', 'C:\\xampp\\htdocs\\sistem-monitoring-kebencanaan\\app\\Views\\laporan.php', 30)
 2 SYSTEMPATH\View\View.php(224): include('C:\\xampp\\htdocs\\sistem-monitoring-kebencanaan\\app\\Views\\laporan.php')
 3 SYSTEMPATH\View\View.php(227): CodeIgniter\View\View->CodeIgniter\View\{closure}()
 4 SYSTEMPATH\Common.php(1173): CodeIgniter\View\View->render('laporan', [], true)
 5 APPPATH\Controllers\LaporanController.php(43): view('laporan', [...])
 6 SYSTEMPATH\CodeIgniter.php(933): App\Controllers\LaporanController->index()
 7 SYSTEMPATH\CodeIgniter.php(507): CodeIgniter\CodeIgniter->runController(Object(App\Controllers\LaporanController))
 8 SYSTEMPATH\CodeIgniter.php(354): CodeIgniter\CodeIgniter->handleRequest(null, Object(Config\Cache), false)
 9 SYSTEMPATH\Boot.php(334): CodeIgniter\CodeIgniter->run()
10 SYSTEMPATH\Boot.php(67): CodeIgniter\Boot::runCodeIgniter(Object(CodeIgniter\CodeIgniter))
11 FCPATH\index.php(56): CodeIgniter\Boot::bootWeb(Object(Config\Paths))
DEBUG - 2025-06-18 04:47:38 --> Session: Class initialized using 'CodeIgniter\Session\Handlers\FileHandler' driver.
DEBUG - 2025-06-18 04:47:49 --> Session: Class initialized using 'CodeIgniter\Session\Handlers\FileHandler' driver.
DEBUG - 2025-06-18 06:35:58 --> Session: Class initialized using 'CodeIgniter\Session\Handlers\FileHandler' driver.
DEBUG - 2025-06-18 06:36:01 --> Session: Class initialized using 'CodeIgniter\Session\Handlers\FileHandler' driver.
DEBUG - 2025-06-18 06:36:02 --> Session: Class initialized using 'CodeIgniter\Session\Handlers\FileHandler' driver.
DEBUG - 2025-06-18 06:44:38 --> Session: Class initialized using 'CodeIgniter\Session\Handlers\FileHandler' driver.
DEBUG - 2025-06-18 06:44:45 --> Session: Class initialized using 'CodeIgniter\Session\Handlers\FileHandler' driver.
DEBUG - 2025-06-18 06:44:45 --> Session: Class initialized using 'CodeIgniter\Session\Handlers\FileHandler' driver.
DEBUG - 2025-06-18 06:45:01 --> Session: Class initialized using 'CodeIgniter\Session\Handlers\FileHandler' driver.
DEBUG - 2025-06-18 06:45:01 --> Session: Class initialized using 'CodeIgniter\Session\Handlers\FileHandler' driver.
DEBUG - 2025-06-18 06:45:36 --> Session: Class initialized using 'CodeIgniter\Session\Handlers\FileHandler' driver.
DEBUG - 2025-06-18 06:45:43 --> Session: Class initialized using 'CodeIgniter\Session\Handlers\FileHandler' driver.
DEBUG - 2025-06-18 06:45:43 --> Session: Class initialized using 'CodeIgniter\Session\Handlers\FileHandler' driver.
DEBUG - 2025-06-18 06:45:46 --> Session: Class initialized using 'CodeIgniter\Session\Handlers\FileHandler' driver.
DEBUG - 2025-06-18 06:45:48 --> Session: Class initialized using 'CodeIgniter\Session\Handlers\FileHandler' driver.
DEBUG - 2025-06-18 06:49:48 --> Session: Class initialized using 'CodeIgniter\Session\Handlers\FileHandler' driver.
DEBUG - 2025-06-18 06:49:55 --> Session: Class initialized using 'CodeIgniter\Session\Handlers\FileHandler' driver.
DEBUG - 2025-06-18 06:49:57 --> Session: Class initialized using 'CodeIgniter\Session\Handlers\FileHandler' driver.
DEBUG - 2025-06-18 06:50:01 --> Session: Class initialized using 'CodeIgniter\Session\Handlers\FileHandler' driver.
DEBUG - 2025-06-18 06:50:01 --> Session: Class initialized using 'CodeIgniter\Session\Handlers\FileHandler' driver.
DEBUG - 2025-06-18 06:50:04 --> Session: Class initialized using 'CodeIgniter\Session\Handlers\FileHandler' driver.
DEBUG - 2025-06-18 06:50:18 --> Session: Class initialized using 'CodeIgniter\Session\Handlers\FileHandler' driver.
DEBUG - 2025-06-18 06:50:18 --> Session: Class initialized using 'CodeIgniter\Session\Handlers\FileHandler' driver.
DEBUG - 2025-06-18 06:50:20 --> Session: Class initialized using 'CodeIgniter\Session\Handlers\FileHandler' driver.
DEBUG - 2025-06-18 06:50:38 --> Session: Class initialized using 'CodeIgniter\Session\Handlers\FileHandler' driver.
DEBUG - 2025-06-18 06:51:00 --> Session: Class initialized using 'CodeIgniter\Session\Handlers\FileHandler' driver.
DEBUG - 2025-06-18 06:51:00 --> Session: Class initialized using 'CodeIgniter\Session\Handlers\FileHandler' driver.
DEBUG - 2025-06-18 06:51:04 --> Session: Class initialized using 'CodeIgniter\Session\Handlers\FileHandler' driver.
DEBUG - 2025-06-18 06:51:10 --> Session: Class initialized using 'CodeIgniter\Session\Handlers\FileHandler' driver.
DEBUG - 2025-06-18 06:51:10 --> Session: Class initialized using 'CodeIgniter\Session\Handlers\FileHandler' driver.
DEBUG - 2025-06-18 06:51:15 --> Session: Class initialized using 'CodeIgniter\Session\Handlers\FileHandler' driver.
DEBUG - 2025-06-18 06:51:18 --> Session: Class initialized using 'CodeIgniter\Session\Handlers\FileHandler' driver.
DEBUG - 2025-06-18 06:51:20 --> Session: Class initialized using 'CodeIgniter\Session\Handlers\FileHandler' driver.
DEBUG - 2025-06-18 06:51:23 --> Session: Class initialized using 'CodeIgniter\Session\Handlers\FileHandler' driver.
DEBUG - 2025-06-18 06:56:36 --> Session: Class initialized using 'CodeIgniter\Session\Handlers\FileHandler' driver.
DEBUG - 2025-06-18 06:57:12 --> Session: Class initialized using 'CodeIgniter\Session\Handlers\FileHandler' driver.
DEBUG - 2025-06-18 06:59:09 --> Session: Class initialized using 'CodeIgniter\Session\Handlers\FileHandler' driver.
DEBUG - 2025-06-18 06:59:23 --> Session: Class initialized using 'CodeIgniter\Session\Handlers\FileHandler' driver.
DEBUG - 2025-06-18 07:00:17 --> Session: Class initialized using 'CodeIgniter\Session\Handlers\FileHandler' driver.
DEBUG - 2025-06-18 07:01:17 --> Session: Class initialized using 'CodeIgniter\Session\Handlers\FileHandler' driver.
DEBUG - 2025-06-18 07:01:24 --> Session: Class initialized using 'CodeIgniter\Session\Handlers\FileHandler' driver.
DEBUG - 2025-06-18 07:01:51 --> Session: Class initialized using 'CodeIgniter\Session\Handlers\FileHandler' driver.
DEBUG - 2025-06-18 07:02:24 --> Session: Class initialized using 'CodeIgniter\Session\Handlers\FileHandler' driver.
DEBUG - 2025-06-18 07:02:28 --> Session: Class initialized using 'CodeIgniter\Session\Handlers\FileHandler' driver.
DEBUG - 2025-06-18 07:02:44 --> Session: Class initialized using 'CodeIgniter\Session\Handlers\FileHandler' driver.
DEBUG - 2025-06-18 07:03:31 --> Session: Class initialized using 'CodeIgniter\Session\Handlers\FileHandler' driver.
DEBUG - 2025-06-18 07:03:39 --> Session: Class initialized using 'CodeIgniter\Session\Handlers\FileHandler' driver.
DEBUG - 2025-06-18 07:03:43 --> Session: Class initialized using 'CodeIgniter\Session\Handlers\FileHandler' driver.
DEBUG - 2025-06-18 07:04:17 --> Session: Class initialized using 'CodeIgniter\Session\Handlers\FileHandler' driver.
DEBUG - 2025-06-18 07:04:34 --> Session: Class initialized using 'CodeIgniter\Session\Handlers\FileHandler' driver.
DEBUG - 2025-06-18 07:05:21 --> Session: Class initialized using 'CodeIgniter\Session\Handlers\FileHandler' driver.
DEBUG - 2025-06-18 07:05:33 --> Session: Class initialized using 'CodeIgniter\Session\Handlers\FileHandler' driver.
DEBUG - 2025-06-18 07:06:27 --> Session: Class initialized using 'CodeIgniter\Session\Handlers\FileHandler' driver.
DEBUG - 2025-06-18 07:07:45 --> Session: Class initialized using 'CodeIgniter\Session\Handlers\FileHandler' driver.
DEBUG - 2025-06-18 07:07:57 --> Session: Class initialized using 'CodeIgniter\Session\Handlers\FileHandler' driver.
DEBUG - 2025-06-18 07:07:59 --> Session: Class initialized using 'CodeIgniter\Session\Handlers\FileHandler' driver.
DEBUG - 2025-06-18 07:09:50 --> Session: Class initialized using 'CodeIgniter\Session\Handlers\FileHandler' driver.
DEBUG - 2025-06-18 07:09:53 --> Session: Class initialized using 'CodeIgniter\Session\Handlers\FileHandler' driver.
DEBUG - 2025-06-18 07:09:56 --> Session: Class initialized using 'CodeIgniter\Session\Handlers\FileHandler' driver.
DEBUG - 2025-06-18 07:10:00 --> Session: Class initialized using 'CodeIgniter\Session\Handlers\FileHandler' driver.
DEBUG - 2025-06-18 07:11:46 --> Session: Class initialized using 'CodeIgniter\Session\Handlers\FileHandler' driver.
DEBUG - 2025-06-18 07:11:46 --> Session: Class initialized using 'CodeIgniter\Session\Handlers\FileHandler' driver.
DEBUG - 2025-06-18 07:11:50 --> Session: Class initialized using 'CodeIgniter\Session\Handlers\FileHandler' driver.
DEBUG - 2025-06-18 07:11:55 --> Session: Class initialized using 'CodeIgniter\Session\Handlers\FileHandler' driver.
DEBUG - 2025-06-18 07:11:55 --> Session: Class initialized using 'CodeIgniter\Session\Handlers\FileHandler' driver.
DEBUG - 2025-06-18 07:12:01 --> Session: Class initialized using 'CodeIgniter\Session\Handlers\FileHandler' driver.
DEBUG - 2025-06-18 07:12:01 --> Session: Class initialized using 'CodeIgniter\Session\Handlers\FileHandler' driver.
DEBUG - 2025-06-18 07:13:30 --> Session: Class initialized using 'CodeIgniter\Session\Handlers\FileHandler' driver.
DEBUG - 2025-06-18 07:13:33 --> Session: Class initialized using 'CodeIgniter\Session\Handlers\FileHandler' driver.
DEBUG - 2025-06-18 07:13:40 --> Session: Class initialized using 'CodeIgniter\Session\Handlers\FileHandler' driver.
DEBUG - 2025-06-18 07:13:40 --> Session: Class initialized using 'CodeIgniter\Session\Handlers\FileHandler' driver.
DEBUG - 2025-06-18 07:14:48 --> Session: Class initialized using 'CodeIgniter\Session\Handlers\FileHandler' driver.
DEBUG - 2025-06-18 07:14:55 --> Session: Class initialized using 'CodeIgniter\Session\Handlers\FileHandler' driver.
DEBUG - 2025-06-18 07:14:56 --> Session: Class initialized using 'CodeIgniter\Session\Handlers\FileHandler' driver.
DEBUG - 2025-06-18 07:15:00 --> Session: Class initialized using 'CodeIgniter\Session\Handlers\FileHandler' driver.
DEBUG - 2025-06-18 07:17:26 --> Session: Class initialized using 'CodeIgniter\Session\Handlers\FileHandler' driver.
DEBUG - 2025-06-18 07:17:36 --> Session: Class initialized using 'CodeIgniter\Session\Handlers\FileHandler' driver.
DEBUG - 2025-06-18 07:19:25 --> Session: Class initialized using 'CodeIgniter\Session\Handlers\FileHandler' driver.
DEBUG - 2025-06-18 07:19:25 --> Session: Class initialized using 'CodeIgniter\Session\Handlers\FileHandler' driver.
DEBUG - 2025-06-18 15:07:49 --> Session: Class initialized using 'CodeIgniter\Session\Handlers\FileHandler' driver.
DEBUG - 2025-06-18 15:07:57 --> Session: Class initialized using 'CodeIgniter\Session\Handlers\FileHandler' driver.
DEBUG - 2025-06-18 15:08:04 --> Session: Class initialized using 'CodeIgniter\Session\Handlers\FileHandler' driver.
DEBUG - 2025-06-18 15:08:04 --> Session: Class initialized using 'CodeIgniter\Session\Handlers\FileHandler' driver.
DEBUG - 2025-06-18 15:08:08 --> Session: Class initialized using 'CodeIgniter\Session\Handlers\FileHandler' driver.
DEBUG - 2025-06-18 15:08:08 --> Session: Class initialized using 'CodeIgniter\Session\Handlers\FileHandler' driver.
DEBUG - 2025-06-18 15:08:11 --> Session: Class initialized using 'CodeIgniter\Session\Handlers\FileHandler' driver.
DEBUG - 2025-06-18 15:08:16 --> Session: Class initialized using 'CodeIgniter\Session\Handlers\FileHandler' driver.
DEBUG - 2025-06-18 15:08:16 --> Session: Class initialized using 'CodeIgniter\Session\Handlers\FileHandler' driver.
DEBUG - 2025-06-18 15:08:20 --> Session: Class initialized using 'CodeIgniter\Session\Handlers\FileHandler' driver.
DEBUG - 2025-06-18 15:12:02 --> Session: Class initialized using 'CodeIgniter\Session\Handlers\FileHandler' driver.
DEBUG - 2025-06-18 15:12:13 --> Session: Class initialized using 'CodeIgniter\Session\Handlers\FileHandler' driver.
DEBUG - 2025-06-18 15:21:40 --> Session: Class initialized using 'CodeIgniter\Session\Handlers\FileHandler' driver.
DEBUG - 2025-06-18 15:22:24 --> Session: Class initialized using 'CodeIgniter\Session\Handlers\FileHandler' driver.
DEBUG - 2025-06-18 15:22:54 --> Session: Class initialized using 'CodeIgniter\Session\Handlers\FileHandler' driver.
DEBUG - 2025-06-18 15:24:19 --> Session: Class initialized using 'CodeIgniter\Session\Handlers\FileHandler' driver.
DEBUG - 2025-06-18 15:24:36 --> Session: Class initialized using 'CodeIgniter\Session\Handlers\FileHandler' driver.
DEBUG - 2025-06-18 15:25:16 --> Session: Class initialized using 'CodeIgniter\Session\Handlers\FileHandler' driver.
DEBUG - 2025-06-18 15:37:51 --> Session: Class initialized using 'CodeIgniter\Session\Handlers\FileHandler' driver.
DEBUG - 2025-06-18 15:40:10 --> Session: Class initialized using 'CodeIgniter\Session\Handlers\FileHandler' driver.
DEBUG - 2025-06-18 15:40:49 --> Session: Class initialized using 'CodeIgniter\Session\Handlers\FileHandler' driver.
DEBUG - 2025-06-18 15:41:08 --> Session: Class initialized using 'CodeIgniter\Session\Handlers\FileHandler' driver.
DEBUG - 2025-06-18 15:44:58 --> Session: Class initialized using 'CodeIgniter\Session\Handlers\FileHandler' driver.
ERROR - 2025-06-18 15:44:58 --> mysqli_sql_exception: Unknown column 'laporan.id_perangkat' in 'on clause' in C:\xampp\htdocs\sistem-monitoring-kebencanaan\system\Database\MySQLi\Connection.php:327
Stack trace:
#0 C:\xampp\htdocs\sistem-monitoring-kebencanaan\system\Database\MySQLi\Connection.php(327): mysqli->query('SELECT `laporan...', 0)
#1 C:\xampp\htdocs\sistem-monitoring-kebencanaan\system\Database\BaseConnection.php(738): CodeIgniter\Database\MySQLi\Connection->execute('SELECT `laporan...')
#2 C:\xampp\htdocs\sistem-monitoring-kebencanaan\system\Database\BaseConnection.php(652): CodeIgniter\Database\BaseConnection->simpleQuery('SELECT `laporan...')
#3 C:\xampp\htdocs\sistem-monitoring-kebencanaan\system\Database\BaseBuilder.php(1649): CodeIgniter\Database\BaseConnection->query('SELECT `laporan...', Array, false)
#4 C:\xampp\htdocs\sistem-monitoring-kebencanaan\system\Model.php(286): CodeIgniter\Database\BaseBuilder->get()
#5 C:\xampp\htdocs\sistem-monitoring-kebencanaan\system\BaseModel.php(675): CodeIgniter\Model->doFindAll(0, 0)
#6 C:\xampp\htdocs\sistem-monitoring-kebencanaan\app\Controllers\LaporanController.php(48): CodeIgniter\BaseModel->findAll()
#7 C:\xampp\htdocs\sistem-monitoring-kebencanaan\system\CodeIgniter.php(933): App\Controllers\LaporanController->index()
#8 C:\xampp\htdocs\sistem-monitoring-kebencanaan\system\CodeIgniter.php(507): CodeIgniter\CodeIgniter->runController(Object(App\Controllers\LaporanController))
#9 C:\xampp\htdocs\sistem-monitoring-kebencanaan\system\CodeIgniter.php(354): CodeIgniter\CodeIgniter->handleRequest(NULL, Object(Config\Cache), false)
#10 C:\xampp\htdocs\sistem-monitoring-kebencanaan\system\Boot.php(334): CodeIgniter\CodeIgniter->run()
#11 C:\xampp\htdocs\sistem-monitoring-kebencanaan\system\Boot.php(67): CodeIgniter\Boot::runCodeIgniter(Object(CodeIgniter\CodeIgniter))
#12 C:\xampp\htdocs\sistem-monitoring-kebencanaan\public\index.php(56): CodeIgniter\Boot::bootWeb(Object(Config\Paths))
#13 {main}
CRITICAL - 2025-06-18 15:44:58 --> CodeIgniter\Database\Exceptions\DatabaseException: Unknown column 'laporan.id_perangkat' in 'on clause'
[Method: GET, Route: laporan]
in SYSTEMPATH\Database\BaseConnection.php on line 692.
 1 SYSTEMPATH\Database\BaseBuilder.php(1649): CodeIgniter\Database\BaseConnection->query('SELECT `laporan`.*, `perangkat`.`nama_perangkat`, `gedung`.`nama_gedung`, `lantai`.`nama_lantai`, `ruangan`.`nama_ruangan`, `kebencanaan`.`jenis_bencana`
FROM `laporan`
JOIN `perangkat` ON `perangkat`.`id_perangkat` = `laporan`.`id_perangkat`
LEFT JOIN `gedung` ON `gedung`.`id_gedung` = `laporan`.`id_gedung`
LEFT JOIN `lantai` ON `lantai`.`id_lantai` = `laporan`.`id_lantai`
LEFT JOIN `ruangan` ON `ruangan`.`id_ruangan` = `laporan`.`id_ruangan`
JOIN `kebencanaan` ON `kebencanaan`.`jenis_bencana` = `laporan`.`jenis_bencana`', [], false)
 2 SYSTEMPATH\Model.php(286): CodeIgniter\Database\BaseBuilder->get()
 3 SYSTEMPATH\BaseModel.php(675): CodeIgniter\Model->doFindAll(0, 0)
 4 APPPATH\Controllers\LaporanController.php(48): CodeIgniter\BaseModel->findAll()
 5 SYSTEMPATH\CodeIgniter.php(933): App\Controllers\LaporanController->index()
 6 SYSTEMPATH\CodeIgniter.php(507): CodeIgniter\CodeIgniter->runController(Object(App\Controllers\LaporanController))
 7 SYSTEMPATH\CodeIgniter.php(354): CodeIgniter\CodeIgniter->handleRequest(null, Object(Config\Cache), false)
 8 SYSTEMPATH\Boot.php(334): CodeIgniter\CodeIgniter->run()
 9 SYSTEMPATH\Boot.php(67): CodeIgniter\Boot::runCodeIgniter(Object(CodeIgniter\CodeIgniter))
10 FCPATH\index.php(56): CodeIgniter\Boot::bootWeb(Object(Config\Paths))
CRITICAL - 2025-06-18 15:44:58 --> [Caused by] CodeIgniter\Database\Exceptions\DatabaseException: Unknown column 'laporan.id_perangkat' in 'on clause'
in SYSTEMPATH\Database\MySQLi\Connection.php on line 332.
 1 SYSTEMPATH\Database\BaseConnection.php(738): CodeIgniter\Database\MySQLi\Connection->execute('SELECT `laporan`.*, `perangkat`.`nama_perangkat`, `gedung`.`nama_gedung`, `lantai`.`nama_lantai`, `ruangan`.`nama_ruangan`, `kebencanaan`.`jenis_bencana`
FROM `laporan`
JOIN `perangkat` ON `perangkat`.`id_perangkat` = `laporan`.`id_perangkat`
LEFT JOIN `gedung` ON `gedung`.`id_gedung` = `laporan`.`id_gedung`
LEFT JOIN `lantai` ON `lantai`.`id_lantai` = `laporan`.`id_lantai`
LEFT JOIN `ruangan` ON `ruangan`.`id_ruangan` = `laporan`.`id_ruangan`
JOIN `kebencanaan` ON `kebencanaan`.`jenis_bencana` = `laporan`.`jenis_bencana`')
 2 SYSTEMPATH\Database\BaseConnection.php(652): CodeIgniter\Database\BaseConnection->simpleQuery('SELECT `laporan`.*, `perangkat`.`nama_perangkat`, `gedung`.`nama_gedung`, `lantai`.`nama_lantai`, `ruangan`.`nama_ruangan`, `kebencanaan`.`jenis_bencana`
FROM `laporan`
JOIN `perangkat` ON `perangkat`.`id_perangkat` = `laporan`.`id_perangkat`
LEFT JOIN `gedung` ON `gedung`.`id_gedung` = `laporan`.`id_gedung`
LEFT JOIN `lantai` ON `lantai`.`id_lantai` = `laporan`.`id_lantai`
LEFT JOIN `ruangan` ON `ruangan`.`id_ruangan` = `laporan`.`id_ruangan`
JOIN `kebencanaan` ON `kebencanaan`.`jenis_bencana` = `laporan`.`jenis_bencana`')
 3 SYSTEMPATH\Database\BaseBuilder.php(1649): CodeIgniter\Database\BaseConnection->query('SELECT `laporan`.*, `perangkat`.`nama_perangkat`, `gedung`.`nama_gedung`, `lantai`.`nama_lantai`, `ruangan`.`nama_ruangan`, `kebencanaan`.`jenis_bencana`
FROM `laporan`
JOIN `perangkat` ON `perangkat`.`id_perangkat` = `laporan`.`id_perangkat`
LEFT JOIN `gedung` ON `gedung`.`id_gedung` = `laporan`.`id_gedung`
LEFT JOIN `lantai` ON `lantai`.`id_lantai` = `laporan`.`id_lantai`
LEFT JOIN `ruangan` ON `ruangan`.`id_ruangan` = `laporan`.`id_ruangan`
JOIN `kebencanaan` ON `kebencanaan`.`jenis_bencana` = `laporan`.`jenis_bencana`', [], false)
 4 SYSTEMPATH\Model.php(286): CodeIgniter\Database\BaseBuilder->get()
 5 SYSTEMPATH\BaseModel.php(675): CodeIgniter\Model->doFindAll(0, 0)
 6 APPPATH\Controllers\LaporanController.php(48): CodeIgniter\BaseModel->findAll()
 7 SYSTEMPATH\CodeIgniter.php(933): App\Controllers\LaporanController->index()
 8 SYSTEMPATH\CodeIgniter.php(507): CodeIgniter\CodeIgniter->runController(Object(App\Controllers\LaporanController))
 9 SYSTEMPATH\CodeIgniter.php(354): CodeIgniter\CodeIgniter->handleRequest(null, Object(Config\Cache), false)
10 SYSTEMPATH\Boot.php(334): CodeIgniter\CodeIgniter->run()
11 SYSTEMPATH\Boot.php(67): CodeIgniter\Boot::runCodeIgniter(Object(CodeIgniter\CodeIgniter))
12 FCPATH\index.php(56): CodeIgniter\Boot::bootWeb(Object(Config\Paths))
CRITICAL - 2025-06-18 15:44:58 --> [Caused by] mysqli_sql_exception: Unknown column 'laporan.id_perangkat' in 'on clause'
in SYSTEMPATH\Database\MySQLi\Connection.php on line 327.
 1 SYSTEMPATH\Database\MySQLi\Connection.php(327): mysqli->query('SELECT `laporan`.*, `perangkat`.`nama_perangkat`, `gedung`.`nama_gedung`, `lantai`.`nama_lantai`, `ruangan`.`nama_ruangan`, `kebencanaan`.`jenis_bencana`
FROM `laporan`
JOIN `perangkat` ON `perangkat`.`id_perangkat` = `laporan`.`id_perangkat`
LEFT JOIN `gedung` ON `gedung`.`id_gedung` = `laporan`.`id_gedung`
LEFT JOIN `lantai` ON `lantai`.`id_lantai` = `laporan`.`id_lantai`
LEFT JOIN `ruangan` ON `ruangan`.`id_ruangan` = `laporan`.`id_ruangan`
JOIN `kebencanaan` ON `kebencanaan`.`jenis_bencana` = `laporan`.`jenis_bencana`', 0)
 2 SYSTEMPATH\Database\BaseConnection.php(738): CodeIgniter\Database\MySQLi\Connection->execute('SELECT `laporan`.*, `perangkat`.`nama_perangkat`, `gedung`.`nama_gedung`, `lantai`.`nama_lantai`, `ruangan`.`nama_ruangan`, `kebencanaan`.`jenis_bencana`
FROM `laporan`
JOIN `perangkat` ON `perangkat`.`id_perangkat` = `laporan`.`id_perangkat`
LEFT JOIN `gedung` ON `gedung`.`id_gedung` = `laporan`.`id_gedung`
LEFT JOIN `lantai` ON `lantai`.`id_lantai` = `laporan`.`id_lantai`
LEFT JOIN `ruangan` ON `ruangan`.`id_ruangan` = `laporan`.`id_ruangan`
JOIN `kebencanaan` ON `kebencanaan`.`jenis_bencana` = `laporan`.`jenis_bencana`')
 3 SYSTEMPATH\Database\BaseConnection.php(652): CodeIgniter\Database\BaseConnection->simpleQuery('SELECT `laporan`.*, `perangkat`.`nama_perangkat`, `gedung`.`nama_gedung`, `lantai`.`nama_lantai`, `ruangan`.`nama_ruangan`, `kebencanaan`.`jenis_bencana`
FROM `laporan`
JOIN `perangkat` ON `perangkat`.`id_perangkat` = `laporan`.`id_perangkat`
LEFT JOIN `gedung` ON `gedung`.`id_gedung` = `laporan`.`id_gedung`
LEFT JOIN `lantai` ON `lantai`.`id_lantai` = `laporan`.`id_lantai`
LEFT JOIN `ruangan` ON `ruangan`.`id_ruangan` = `laporan`.`id_ruangan`
JOIN `kebencanaan` ON `kebencanaan`.`jenis_bencana` = `laporan`.`jenis_bencana`')
 4 SYSTEMPATH\Database\BaseBuilder.php(1649): CodeIgniter\Database\BaseConnection->query('SELECT `laporan`.*, `perangkat`.`nama_perangkat`, `gedung`.`nama_gedung`, `lantai`.`nama_lantai`, `ruangan`.`nama_ruangan`, `kebencanaan`.`jenis_bencana`
FROM `laporan`
JOIN `perangkat` ON `perangkat`.`id_perangkat` = `laporan`.`id_perangkat`
LEFT JOIN `gedung` ON `gedung`.`id_gedung` = `laporan`.`id_gedung`
LEFT JOIN `lantai` ON `lantai`.`id_lantai` = `laporan`.`id_lantai`
LEFT JOIN `ruangan` ON `ruangan`.`id_ruangan` = `laporan`.`id_ruangan`
JOIN `kebencanaan` ON `kebencanaan`.`jenis_bencana` = `laporan`.`jenis_bencana`', [], false)
 5 SYSTEMPATH\Model.php(286): CodeIgniter\Database\BaseBuilder->get()
 6 SYSTEMPATH\BaseModel.php(675): CodeIgniter\Model->doFindAll(0, 0)
 7 APPPATH\Controllers\LaporanController.php(48): CodeIgniter\BaseModel->findAll()
 8 SYSTEMPATH\CodeIgniter.php(933): App\Controllers\LaporanController->index()
 9 SYSTEMPATH\CodeIgniter.php(507): CodeIgniter\CodeIgniter->runController(Object(App\Controllers\LaporanController))
10 SYSTEMPATH\CodeIgniter.php(354): CodeIgniter\CodeIgniter->handleRequest(null, Object(Config\Cache), false)
11 SYSTEMPATH\Boot.php(334): CodeIgniter\CodeIgniter->run()
12 SYSTEMPATH\Boot.php(67): CodeIgniter\Boot::runCodeIgniter(Object(CodeIgniter\CodeIgniter))
13 FCPATH\index.php(56): CodeIgniter\Boot::bootWeb(Object(Config\Paths))
DEBUG - 2025-06-18 15:56:36 --> Session: Class initialized using 'CodeIgniter\Session\Handlers\FileHandler' driver.
ERROR - 2025-06-18 15:56:36 --> mysqli_sql_exception: Unknown column 'laporan.id_gedung' in 'on clause' in C:\xampp\htdocs\sistem-monitoring-kebencanaan\system\Database\MySQLi\Connection.php:327
Stack trace:
#0 C:\xampp\htdocs\sistem-monitoring-kebencanaan\system\Database\MySQLi\Connection.php(327): mysqli->query('SELECT `laporan...', 0)
#1 C:\xampp\htdocs\sistem-monitoring-kebencanaan\system\Database\BaseConnection.php(738): CodeIgniter\Database\MySQLi\Connection->execute('SELECT `laporan...')
#2 C:\xampp\htdocs\sistem-monitoring-kebencanaan\system\Database\BaseConnection.php(652): CodeIgniter\Database\BaseConnection->simpleQuery('SELECT `laporan...')
#3 C:\xampp\htdocs\sistem-monitoring-kebencanaan\system\Database\BaseBuilder.php(1649): CodeIgniter\Database\BaseConnection->query('SELECT `laporan...', Array, false)
#4 C:\xampp\htdocs\sistem-monitoring-kebencanaan\system\Model.php(286): CodeIgniter\Database\BaseBuilder->get()
#5 C:\xampp\htdocs\sistem-monitoring-kebencanaan\system\BaseModel.php(675): CodeIgniter\Model->doFindAll(0, 0)
#6 C:\xampp\htdocs\sistem-monitoring-kebencanaan\app\Controllers\LaporanController.php(48): CodeIgniter\BaseModel->findAll()
#7 C:\xampp\htdocs\sistem-monitoring-kebencanaan\system\CodeIgniter.php(933): App\Controllers\LaporanController->index()
#8 C:\xampp\htdocs\sistem-monitoring-kebencanaan\system\CodeIgniter.php(507): CodeIgniter\CodeIgniter->runController(Object(App\Controllers\LaporanController))
#9 C:\xampp\htdocs\sistem-monitoring-kebencanaan\system\CodeIgniter.php(354): CodeIgniter\CodeIgniter->handleRequest(NULL, Object(Config\Cache), false)
#10 C:\xampp\htdocs\sistem-monitoring-kebencanaan\system\Boot.php(334): CodeIgniter\CodeIgniter->run()
#11 C:\xampp\htdocs\sistem-monitoring-kebencanaan\system\Boot.php(67): CodeIgniter\Boot::runCodeIgniter(Object(CodeIgniter\CodeIgniter))
#12 C:\xampp\htdocs\sistem-monitoring-kebencanaan\public\index.php(56): CodeIgniter\Boot::bootWeb(Object(Config\Paths))
#13 {main}
CRITICAL - 2025-06-18 15:56:36 --> CodeIgniter\Database\Exceptions\DatabaseException: Unknown column 'laporan.id_gedung' in 'on clause'
[Method: GET, Route: laporan]
in SYSTEMPATH\Database\BaseConnection.php on line 692.
 1 SYSTEMPATH\Database\BaseBuilder.php(1649): CodeIgniter\Database\BaseConnection->query('SELECT `laporan`.*, `perangkat`.`nama_perangkat`, `gedung`.`nama_gedung`, `lantai`.`nama_lantai`, `ruangan`.`nama_ruangan`, `kebencanaan`.`jenis_bencana`
FROM `laporan`
JOIN `perangkat` ON `perangkat`.`id_perangkat` = `laporan`.`id_perangkat`
LEFT JOIN `gedung` ON `gedung`.`id_gedung` = `laporan`.`id_gedung`
LEFT JOIN `lantai` ON `lantai`.`id_lantai` = `laporan`.`id_lantai`
LEFT JOIN `ruangan` ON `ruangan`.`id_ruangan` = `laporan`.`id_ruangan`
JOIN `kebencanaan` ON `kebencanaan`.`jenis_bencana` = `laporan`.`jenis_bencana`', [], false)
 2 SYSTEMPATH\Model.php(286): CodeIgniter\Database\BaseBuilder->get()
 3 SYSTEMPATH\BaseModel.php(675): CodeIgniter\Model->doFindAll(0, 0)
 4 APPPATH\Controllers\LaporanController.php(48): CodeIgniter\BaseModel->findAll()
 5 SYSTEMPATH\CodeIgniter.php(933): App\Controllers\LaporanController->index()
 6 SYSTEMPATH\CodeIgniter.php(507): CodeIgniter\CodeIgniter->runController(Object(App\Controllers\LaporanController))
 7 SYSTEMPATH\CodeIgniter.php(354): CodeIgniter\CodeIgniter->handleRequest(null, Object(Config\Cache), false)
 8 SYSTEMPATH\Boot.php(334): CodeIgniter\CodeIgniter->run()
 9 SYSTEMPATH\Boot.php(67): CodeIgniter\Boot::runCodeIgniter(Object(CodeIgniter\CodeIgniter))
10 FCPATH\index.php(56): CodeIgniter\Boot::bootWeb(Object(Config\Paths))
CRITICAL - 2025-06-18 15:56:36 --> [Caused by] CodeIgniter\Database\Exceptions\DatabaseException: Unknown column 'laporan.id_gedung' in 'on clause'
in SYSTEMPATH\Database\MySQLi\Connection.php on line 332.
 1 SYSTEMPATH\Database\BaseConnection.php(738): CodeIgniter\Database\MySQLi\Connection->execute('SELECT `laporan`.*, `perangkat`.`nama_perangkat`, `gedung`.`nama_gedung`, `lantai`.`nama_lantai`, `ruangan`.`nama_ruangan`, `kebencanaan`.`jenis_bencana`
FROM `laporan`
JOIN `perangkat` ON `perangkat`.`id_perangkat` = `laporan`.`id_perangkat`
LEFT JOIN `gedung` ON `gedung`.`id_gedung` = `laporan`.`id_gedung`
LEFT JOIN `lantai` ON `lantai`.`id_lantai` = `laporan`.`id_lantai`
LEFT JOIN `ruangan` ON `ruangan`.`id_ruangan` = `laporan`.`id_ruangan`
JOIN `kebencanaan` ON `kebencanaan`.`jenis_bencana` = `laporan`.`jenis_bencana`')
 2 SYSTEMPATH\Database\BaseConnection.php(652): CodeIgniter\Database\BaseConnection->simpleQuery('SELECT `laporan`.*, `perangkat`.`nama_perangkat`, `gedung`.`nama_gedung`, `lantai`.`nama_lantai`, `ruangan`.`nama_ruangan`, `kebencanaan`.`jenis_bencana`
FROM `laporan`
JOIN `perangkat` ON `perangkat`.`id_perangkat` = `laporan`.`id_perangkat`
LEFT JOIN `gedung` ON `gedung`.`id_gedung` = `laporan`.`id_gedung`
LEFT JOIN `lantai` ON `lantai`.`id_lantai` = `laporan`.`id_lantai`
LEFT JOIN `ruangan` ON `ruangan`.`id_ruangan` = `laporan`.`id_ruangan`
JOIN `kebencanaan` ON `kebencanaan`.`jenis_bencana` = `laporan`.`jenis_bencana`')
 3 SYSTEMPATH\Database\BaseBuilder.php(1649): CodeIgniter\Database\BaseConnection->query('SELECT `laporan`.*, `perangkat`.`nama_perangkat`, `gedung`.`nama_gedung`, `lantai`.`nama_lantai`, `ruangan`.`nama_ruangan`, `kebencanaan`.`jenis_bencana`
FROM `laporan`
JOIN `perangkat` ON `perangkat`.`id_perangkat` = `laporan`.`id_perangkat`
LEFT JOIN `gedung` ON `gedung`.`id_gedung` = `laporan`.`id_gedung`
LEFT JOIN `lantai` ON `lantai`.`id_lantai` = `laporan`.`id_lantai`
LEFT JOIN `ruangan` ON `ruangan`.`id_ruangan` = `laporan`.`id_ruangan`
JOIN `kebencanaan` ON `kebencanaan`.`jenis_bencana` = `laporan`.`jenis_bencana`', [], false)
 4 SYSTEMPATH\Model.php(286): CodeIgniter\Database\BaseBuilder->get()
 5 SYSTEMPATH\BaseModel.php(675): CodeIgniter\Model->doFindAll(0, 0)
 6 APPPATH\Controllers\LaporanController.php(48): CodeIgniter\BaseModel->findAll()
 7 SYSTEMPATH\CodeIgniter.php(933): App\Controllers\LaporanController->index()
 8 SYSTEMPATH\CodeIgniter.php(507): CodeIgniter\CodeIgniter->runController(Object(App\Controllers\LaporanController))
 9 SYSTEMPATH\CodeIgniter.php(354): CodeIgniter\CodeIgniter->handleRequest(null, Object(Config\Cache), false)
10 SYSTEMPATH\Boot.php(334): CodeIgniter\CodeIgniter->run()
11 SYSTEMPATH\Boot.php(67): CodeIgniter\Boot::runCodeIgniter(Object(CodeIgniter\CodeIgniter))
12 FCPATH\index.php(56): CodeIgniter\Boot::bootWeb(Object(Config\Paths))
CRITICAL - 2025-06-18 15:56:36 --> [Caused by] mysqli_sql_exception: Unknown column 'laporan.id_gedung' in 'on clause'
in SYSTEMPATH\Database\MySQLi\Connection.php on line 327.
 1 SYSTEMPATH\Database\MySQLi\Connection.php(327): mysqli->query('SELECT `laporan`.*, `perangkat`.`nama_perangkat`, `gedung`.`nama_gedung`, `lantai`.`nama_lantai`, `ruangan`.`nama_ruangan`, `kebencanaan`.`jenis_bencana`
FROM `laporan`
JOIN `perangkat` ON `perangkat`.`id_perangkat` = `laporan`.`id_perangkat`
LEFT JOIN `gedung` ON `gedung`.`id_gedung` = `laporan`.`id_gedung`
LEFT JOIN `lantai` ON `lantai`.`id_lantai` = `laporan`.`id_lantai`
LEFT JOIN `ruangan` ON `ruangan`.`id_ruangan` = `laporan`.`id_ruangan`
JOIN `kebencanaan` ON `kebencanaan`.`jenis_bencana` = `laporan`.`jenis_bencana`', 0)
 2 SYSTEMPATH\Database\BaseConnection.php(738): CodeIgniter\Database\MySQLi\Connection->execute('SELECT `laporan`.*, `perangkat`.`nama_perangkat`, `gedung`.`nama_gedung`, `lantai`.`nama_lantai`, `ruangan`.`nama_ruangan`, `kebencanaan`.`jenis_bencana`
FROM `laporan`
JOIN `perangkat` ON `perangkat`.`id_perangkat` = `laporan`.`id_perangkat`
LEFT JOIN `gedung` ON `gedung`.`id_gedung` = `laporan`.`id_gedung`
LEFT JOIN `lantai` ON `lantai`.`id_lantai` = `laporan`.`id_lantai`
LEFT JOIN `ruangan` ON `ruangan`.`id_ruangan` = `laporan`.`id_ruangan`
JOIN `kebencanaan` ON `kebencanaan`.`jenis_bencana` = `laporan`.`jenis_bencana`')
 3 SYSTEMPATH\Database\BaseConnection.php(652): CodeIgniter\Database\BaseConnection->simpleQuery('SELECT `laporan`.*, `perangkat`.`nama_perangkat`, `gedung`.`nama_gedung`, `lantai`.`nama_lantai`, `ruangan`.`nama_ruangan`, `kebencanaan`.`jenis_bencana`
FROM `laporan`
JOIN `perangkat` ON `perangkat`.`id_perangkat` = `laporan`.`id_perangkat`
LEFT JOIN `gedung` ON `gedung`.`id_gedung` = `laporan`.`id_gedung`
LEFT JOIN `lantai` ON `lantai`.`id_lantai` = `laporan`.`id_lantai`
LEFT JOIN `ruangan` ON `ruangan`.`id_ruangan` = `laporan`.`id_ruangan`
JOIN `kebencanaan` ON `kebencanaan`.`jenis_bencana` = `laporan`.`jenis_bencana`')
 4 SYSTEMPATH\Database\BaseBuilder.php(1649): CodeIgniter\Database\BaseConnection->query('SELECT `laporan`.*, `perangkat`.`nama_perangkat`, `gedung`.`nama_gedung`, `lantai`.`nama_lantai`, `ruangan`.`nama_ruangan`, `kebencanaan`.`jenis_bencana`
FROM `laporan`
JOIN `perangkat` ON `perangkat`.`id_perangkat` = `laporan`.`id_perangkat`
LEFT JOIN `gedung` ON `gedung`.`id_gedung` = `laporan`.`id_gedung`
LEFT JOIN `lantai` ON `lantai`.`id_lantai` = `laporan`.`id_lantai`
LEFT JOIN `ruangan` ON `ruangan`.`id_ruangan` = `laporan`.`id_ruangan`
JOIN `kebencanaan` ON `kebencanaan`.`jenis_bencana` = `laporan`.`jenis_bencana`', [], false)
 5 SYSTEMPATH\Model.php(286): CodeIgniter\Database\BaseBuilder->get()
 6 SYSTEMPATH\BaseModel.php(675): CodeIgniter\Model->doFindAll(0, 0)
 7 APPPATH\Controllers\LaporanController.php(48): CodeIgniter\BaseModel->findAll()
 8 SYSTEMPATH\CodeIgniter.php(933): App\Controllers\LaporanController->index()
 9 SYSTEMPATH\CodeIgniter.php(507): CodeIgniter\CodeIgniter->runController(Object(App\Controllers\LaporanController))
10 SYSTEMPATH\CodeIgniter.php(354): CodeIgniter\CodeIgniter->handleRequest(null, Object(Config\Cache), false)
11 SYSTEMPATH\Boot.php(334): CodeIgniter\CodeIgniter->run()
12 SYSTEMPATH\Boot.php(67): CodeIgniter\Boot::runCodeIgniter(Object(CodeIgniter\CodeIgniter))
13 FCPATH\index.php(56): CodeIgniter\Boot::bootWeb(Object(Config\Paths))
DEBUG - 2025-06-18 16:08:00 --> Session: Class initialized using 'CodeIgniter\Session\Handlers\FileHandler' driver.
CRITICAL - 2025-06-18 16:08:00 --> ErrorException: Undefined variable $gedung
[Method: GET, Route: laporan]
in APPPATH\Views\laporan.php on line 51.
 1 APPPATH\Views\laporan.php(51): CodeIgniter\Debug\Exceptions->errorHandler(2, 'Undefined variable $gedung', 'C:\\xampp\\htdocs\\sistem-monitoring-kebencanaan\\app\\Views\\laporan.php', 51)
 2 SYSTEMPATH\View\View.php(224): include('C:\\xampp\\htdocs\\sistem-monitoring-kebencanaan\\app\\Views\\laporan.php')
 3 SYSTEMPATH\View\View.php(227): CodeIgniter\View\View->CodeIgniter\View\{closure}()
 4 SYSTEMPATH\Common.php(1173): CodeIgniter\View\View->render('laporan', [], true)
 5 APPPATH\Controllers\LaporanController.php(43): view('laporan', [...])
 6 SYSTEMPATH\CodeIgniter.php(933): App\Controllers\LaporanController->index()
 7 SYSTEMPATH\CodeIgniter.php(507): CodeIgniter\CodeIgniter->runController(Object(App\Controllers\LaporanController))
 8 SYSTEMPATH\CodeIgniter.php(354): CodeIgniter\CodeIgniter->handleRequest(null, Object(Config\Cache), false)
 9 SYSTEMPATH\Boot.php(334): CodeIgniter\CodeIgniter->run()
10 SYSTEMPATH\Boot.php(67): CodeIgniter\Boot::runCodeIgniter(Object(CodeIgniter\CodeIgniter))
11 FCPATH\index.php(56): CodeIgniter\Boot::bootWeb(Object(Config\Paths))
DEBUG - 2025-06-18 16:09:04 --> Session: Class initialized using 'CodeIgniter\Session\Handlers\FileHandler' driver.
CRITICAL - 2025-06-18 16:09:04 --> ErrorException: Undefined property: App\Controllers\LaporanController::$gedungModel
[Method: GET, Route: laporan]
in APPPATH\Controllers\LaporanController.php on line 39.
 1 APPPATH\Controllers\LaporanController.php(39): CodeIgniter\Debug\Exceptions->errorHandler(2, 'Undefined property: App\\Controllers\\LaporanController::$gedungModel', 'C:\\xampp\\htdocs\\sistem-monitoring-kebencanaan\\app\\Controllers\\LaporanController.php', 39)
 2 SYSTEMPATH\CodeIgniter.php(933): App\Controllers\LaporanController->index()
 3 SYSTEMPATH\CodeIgniter.php(507): CodeIgniter\CodeIgniter->runController(Object(App\Controllers\LaporanController))
 4 SYSTEMPATH\CodeIgniter.php(354): CodeIgniter\CodeIgniter->handleRequest(null, Object(Config\Cache), false)
 5 SYSTEMPATH\Boot.php(334): CodeIgniter\CodeIgniter->run()
 6 SYSTEMPATH\Boot.php(67): CodeIgniter\Boot::runCodeIgniter(Object(CodeIgniter\CodeIgniter))
 7 FCPATH\index.php(56): CodeIgniter\Boot::bootWeb(Object(Config\Paths))
DEBUG - 2025-06-18 16:09:45 --> Session: Class initialized using 'CodeIgniter\Session\Handlers\FileHandler' driver.
DEBUG - 2025-06-18 16:12:34 --> Session: Class initialized using 'CodeIgniter\Session\Handlers\FileHandler' driver.
DEBUG - 2025-06-18 16:13:10 --> Session: Class initialized using 'CodeIgniter\Session\Handlers\FileHandler' driver.
DEBUG - 2025-06-18 16:13:50 --> Session: Class initialized using 'CodeIgniter\Session\Handlers\FileHandler' driver.
DEBUG - 2025-06-18 16:14:07 --> Session: Class initialized using 'CodeIgniter\Session\Handlers\FileHandler' driver.
DEBUG - 2025-06-18 16:14:23 --> Session: Class initialized using 'CodeIgniter\Session\Handlers\FileHandler' driver.
DEBUG - 2025-06-18 16:15:54 --> Session: Class initialized using 'CodeIgniter\Session\Handlers\FileHandler' driver.
DEBUG - 2025-06-18 16:15:57 --> Session: Class initialized using 'CodeIgniter\Session\Handlers\FileHandler' driver.
CRITICAL - 2025-06-18 16:15:57 --> ErrorException: Undefined array key "nama_bencana"
[Method: GET, Route: laporan]
in APPPATH\Views\laporan.php on line 40.
 1 APPPATH\Views\laporan.php(40): CodeIgniter\Debug\Exceptions->errorHandler(2, 'Undefined array key "nama_bencana"', 'C:\\xampp\\htdocs\\sistem-monitoring-kebencanaan\\app\\Views\\laporan.php', 40)
 2 SYSTEMPATH\View\View.php(224): include('C:\\xampp\\htdocs\\sistem-monitoring-kebencanaan\\app\\Views\\laporan.php')
 3 SYSTEMPATH\View\View.php(227): CodeIgniter\View\View->CodeIgniter\View\{closure}()
 4 SYSTEMPATH\Common.php(1173): CodeIgniter\View\View->render('laporan', [], true)
 5 APPPATH\Controllers\LaporanController.php(52): view('laporan', [...])
 6 SYSTEMPATH\CodeIgniter.php(933): App\Controllers\LaporanController->index()
 7 SYSTEMPATH\CodeIgniter.php(507): CodeIgniter\CodeIgniter->runController(Object(App\Controllers\LaporanController))
 8 SYSTEMPATH\CodeIgniter.php(354): CodeIgniter\CodeIgniter->handleRequest(null, Object(Config\Cache), false)
 9 SYSTEMPATH\Boot.php(334): CodeIgniter\CodeIgniter->run()
10 SYSTEMPATH\Boot.php(67): CodeIgniter\Boot::runCodeIgniter(Object(CodeIgniter\CodeIgniter))
11 FCPATH\index.php(56): CodeIgniter\Boot::bootWeb(Object(Config\Paths))
DEBUG - 2025-06-18 16:16:48 --> Session: Class initialized using 'CodeIgniter\Session\Handlers\FileHandler' driver.
DEBUG - 2025-06-18 16:17:04 --> Session: Class initialized using 'CodeIgniter\Session\Handlers\FileHandler' driver.
ERROR - 2025-06-18 16:17:04 --> mysqli_sql_exception: Cannot add or update a child row: a foreign key constraint fails (`monitor_bencana`.`laporan`, CONSTRAINT `fk_laporan_perangkat` FOREIGN KEY (`id_perangkat`) REFERENCES `perangkat` (`id_perangkat`) ON UPDATE CASCADE) in C:\xampp\htdocs\sistem-monitoring-kebencanaan\system\Database\MySQLi\Connection.php:327
Stack trace:
#0 C:\xampp\htdocs\sistem-monitoring-kebencanaan\system\Database\MySQLi\Connection.php(327): mysqli->query('INSERT INTO `la...', 0)
#1 C:\xampp\htdocs\sistem-monitoring-kebencanaan\system\Database\BaseConnection.php(738): CodeIgniter\Database\MySQLi\Connection->execute('INSERT INTO `la...')
#2 C:\xampp\htdocs\sistem-monitoring-kebencanaan\system\Database\BaseConnection.php(652): CodeIgniter\Database\BaseConnection->simpleQuery('INSERT INTO `la...')
#3 C:\xampp\htdocs\sistem-monitoring-kebencanaan\system\Database\BaseBuilder.php(2345): CodeIgniter\Database\BaseConnection->query('INSERT INTO `la...', Array, false)
#4 C:\xampp\htdocs\sistem-monitoring-kebencanaan\system\Model.php(394): CodeIgniter\Database\BaseBuilder->insert()
#5 C:\xampp\htdocs\sistem-monitoring-kebencanaan\system\BaseModel.php(839): CodeIgniter\Model->doInsert(Array)
#6 C:\xampp\htdocs\sistem-monitoring-kebencanaan\system\Model.php(800): CodeIgniter\BaseModel->insert(Array, true)
#7 C:\xampp\htdocs\sistem-monitoring-kebencanaan\app\Controllers\LaporanController.php(86): CodeIgniter\Model->insert(Array)
#8 C:\xampp\htdocs\sistem-monitoring-kebencanaan\system\CodeIgniter.php(933): App\Controllers\LaporanController->simpan()
#9 C:\xampp\htdocs\sistem-monitoring-kebencanaan\system\CodeIgniter.php(507): CodeIgniter\CodeIgniter->runController(Object(App\Controllers\LaporanController))
#10 C:\xampp\htdocs\sistem-monitoring-kebencanaan\system\CodeIgniter.php(354): CodeIgniter\CodeIgniter->handleRequest(NULL, Object(Config\Cache), false)
#11 C:\xampp\htdocs\sistem-monitoring-kebencanaan\system\Boot.php(334): CodeIgniter\CodeIgniter->run()
#12 C:\xampp\htdocs\sistem-monitoring-kebencanaan\system\Boot.php(67): CodeIgniter\Boot::runCodeIgniter(Object(CodeIgniter\CodeIgniter))
#13 C:\xampp\htdocs\sistem-monitoring-kebencanaan\public\index.php(56): CodeIgniter\Boot::bootWeb(Object(Config\Paths))
#14 {main}
CRITICAL - 2025-06-18 16:17:04 --> CodeIgniter\Database\Exceptions\DatabaseException: Cannot add or update a child row: a foreign key constraint fails (`monitor_bencana`.`laporan`, CONSTRAINT `fk_laporan_perangkat` FOREIGN KEY (`id_perangkat`) REFERENCES `perangkat` (`id_perangkat`) ON UPDATE CASCADE)
[Method: POST, Route: laporan/simpan]
in SYSTEMPATH\Database\BaseConnection.php on line 692.
 1 SYSTEMPATH\Database\BaseBuilder.php(2345): CodeIgniter\Database\BaseConnection->query('INSERT INTO `laporan` (`nama_bencana`, `status_bencana`, `deskripsi`) VALUES (:nama_bencana:, :status_bencana:, :deskripsi:)', [...], false)
 2 SYSTEMPATH\Model.php(394): CodeIgniter\Database\BaseBuilder->insert()
 3 SYSTEMPATH\BaseModel.php(839): CodeIgniter\Model->doInsert([...])
 4 SYSTEMPATH\Model.php(800): CodeIgniter\BaseModel->insert([...], true)
 5 APPPATH\Controllers\LaporanController.php(86): CodeIgniter\Model->insert([...])
 6 SYSTEMPATH\CodeIgniter.php(933): App\Controllers\LaporanController->simpan()
 7 SYSTEMPATH\CodeIgniter.php(507): CodeIgniter\CodeIgniter->runController(Object(App\Controllers\LaporanController))
 8 SYSTEMPATH\CodeIgniter.php(354): CodeIgniter\CodeIgniter->handleRequest(null, Object(Config\Cache), false)
 9 SYSTEMPATH\Boot.php(334): CodeIgniter\CodeIgniter->run()
10 SYSTEMPATH\Boot.php(67): CodeIgniter\Boot::runCodeIgniter(Object(CodeIgniter\CodeIgniter))
11 FCPATH\index.php(56): CodeIgniter\Boot::bootWeb(Object(Config\Paths))
CRITICAL - 2025-06-18 16:17:04 --> [Caused by] CodeIgniter\Database\Exceptions\DatabaseException: Cannot add or update a child row: a foreign key constraint fails (`monitor_bencana`.`laporan`, CONSTRAINT `fk_laporan_perangkat` FOREIGN KEY (`id_perangkat`) REFERENCES `perangkat` (`id_perangkat`) ON UPDATE CASCADE)
in SYSTEMPATH\Database\MySQLi\Connection.php on line 332.
 1 SYSTEMPATH\Database\BaseConnection.php(738): CodeIgniter\Database\MySQLi\Connection->execute('INSERT INTO `laporan` (`nama_bencana`, `status_bencana`, `deskripsi`) VALUES (\'kebakaran\', \'Aktif\', \'Tes\')')
 2 SYSTEMPATH\Database\BaseConnection.php(652): CodeIgniter\Database\BaseConnection->simpleQuery('INSERT INTO `laporan` (`nama_bencana`, `status_bencana`, `deskripsi`) VALUES (\'kebakaran\', \'Aktif\', \'Tes\')')
 3 SYSTEMPATH\Database\BaseBuilder.php(2345): CodeIgniter\Database\BaseConnection->query('INSERT INTO `laporan` (`nama_bencana`, `status_bencana`, `deskripsi`) VALUES (:nama_bencana:, :status_bencana:, :deskripsi:)', [...], false)
 4 SYSTEMPATH\Model.php(394): CodeIgniter\Database\BaseBuilder->insert()
 5 SYSTEMPATH\BaseModel.php(839): CodeIgniter\Model->doInsert([...])
 6 SYSTEMPATH\Model.php(800): CodeIgniter\BaseModel->insert([...], true)
 7 APPPATH\Controllers\LaporanController.php(86): CodeIgniter\Model->insert([...])
 8 SYSTEMPATH\CodeIgniter.php(933): App\Controllers\LaporanController->simpan()
 9 SYSTEMPATH\CodeIgniter.php(507): CodeIgniter\CodeIgniter->runController(Object(App\Controllers\LaporanController))
10 SYSTEMPATH\CodeIgniter.php(354): CodeIgniter\CodeIgniter->handleRequest(null, Object(Config\Cache), false)
11 SYSTEMPATH\Boot.php(334): CodeIgniter\CodeIgniter->run()
12 SYSTEMPATH\Boot.php(67): CodeIgniter\Boot::runCodeIgniter(Object(CodeIgniter\CodeIgniter))
13 FCPATH\index.php(56): CodeIgniter\Boot::bootWeb(Object(Config\Paths))
CRITICAL - 2025-06-18 16:17:04 --> [Caused by] mysqli_sql_exception: Cannot add or update a child row: a foreign key constraint fails (`monitor_bencana`.`laporan`, CONSTRAINT `fk_laporan_perangkat` FOREIGN KEY (`id_perangkat`) REFERENCES `perangkat` (`id_perangkat`) ON UPDATE CASCADE)
in SYSTEMPATH\Database\MySQLi\Connection.php on line 327.
 1 SYSTEMPATH\Database\MySQLi\Connection.php(327): mysqli->query('INSERT INTO `laporan` (`nama_bencana`, `status_bencana`, `deskripsi`) VALUES (\'kebakaran\', \'Aktif\', \'Tes\')', 0)
 2 SYSTEMPATH\Database\BaseConnection.php(738): CodeIgniter\Database\MySQLi\Connection->execute('INSERT INTO `laporan` (`nama_bencana`, `status_bencana`, `deskripsi`) VALUES (\'kebakaran\', \'Aktif\', \'Tes\')')
 3 SYSTEMPATH\Database\BaseConnection.php(652): CodeIgniter\Database\BaseConnection->simpleQuery('INSERT INTO `laporan` (`nama_bencana`, `status_bencana`, `deskripsi`) VALUES (\'kebakaran\', \'Aktif\', \'Tes\')')
 4 SYSTEMPATH\Database\BaseBuilder.php(2345): CodeIgniter\Database\BaseConnection->query('INSERT INTO `laporan` (`nama_bencana`, `status_bencana`, `deskripsi`) VALUES (:nama_bencana:, :status_bencana:, :deskripsi:)', [...], false)
 5 SYSTEMPATH\Model.php(394): CodeIgniter\Database\BaseBuilder->insert()
 6 SYSTEMPATH\BaseModel.php(839): CodeIgniter\Model->doInsert([...])
 7 SYSTEMPATH\Model.php(800): CodeIgniter\BaseModel->insert([...], true)
 8 APPPATH\Controllers\LaporanController.php(86): CodeIgniter\Model->insert([...])
 9 SYSTEMPATH\CodeIgniter.php(933): App\Controllers\LaporanController->simpan()
10 SYSTEMPATH\CodeIgniter.php(507): CodeIgniter\CodeIgniter->runController(Object(App\Controllers\LaporanController))
11 SYSTEMPATH\CodeIgniter.php(354): CodeIgniter\CodeIgniter->handleRequest(null, Object(Config\Cache), false)
12 SYSTEMPATH\Boot.php(334): CodeIgniter\CodeIgniter->run()
13 SYSTEMPATH\Boot.php(67): CodeIgniter\Boot::runCodeIgniter(Object(CodeIgniter\CodeIgniter))
14 FCPATH\index.php(56): CodeIgniter\Boot::bootWeb(Object(Config\Paths))
DEBUG - 2025-06-18 16:19:24 --> Session: Class initialized using 'CodeIgniter\Session\Handlers\FileHandler' driver.
ERROR - 2025-06-18 16:19:24 --> mysqli_sql_exception: Cannot add or update a child row: a foreign key constraint fails (`monitor_bencana`.`laporan`, CONSTRAINT `fk_laporan_perangkat` FOREIGN KEY (`id_perangkat`) REFERENCES `perangkat` (`id_perangkat`) ON UPDATE CASCADE) in C:\xampp\htdocs\sistem-monitoring-kebencanaan\system\Database\MySQLi\Connection.php:327
Stack trace:
#0 C:\xampp\htdocs\sistem-monitoring-kebencanaan\system\Database\MySQLi\Connection.php(327): mysqli->query('INSERT INTO `la...', 0)
#1 C:\xampp\htdocs\sistem-monitoring-kebencanaan\system\Database\BaseConnection.php(738): CodeIgniter\Database\MySQLi\Connection->execute('INSERT INTO `la...')
#2 C:\xampp\htdocs\sistem-monitoring-kebencanaan\system\Database\BaseConnection.php(652): CodeIgniter\Database\BaseConnection->simpleQuery('INSERT INTO `la...')
#3 C:\xampp\htdocs\sistem-monitoring-kebencanaan\system\Database\BaseBuilder.php(2345): CodeIgniter\Database\BaseConnection->query('INSERT INTO `la...', Array, false)
#4 C:\xampp\htdocs\sistem-monitoring-kebencanaan\system\Model.php(394): CodeIgniter\Database\BaseBuilder->insert()
#5 C:\xampp\htdocs\sistem-monitoring-kebencanaan\system\BaseModel.php(839): CodeIgniter\Model->doInsert(Array)
#6 C:\xampp\htdocs\sistem-monitoring-kebencanaan\system\Model.php(800): CodeIgniter\BaseModel->insert(Array, true)
#7 C:\xampp\htdocs\sistem-monitoring-kebencanaan\app\Controllers\LaporanController.php(86): CodeIgniter\Model->insert(Array)
#8 C:\xampp\htdocs\sistem-monitoring-kebencanaan\system\CodeIgniter.php(933): App\Controllers\LaporanController->simpan()
#9 C:\xampp\htdocs\sistem-monitoring-kebencanaan\system\CodeIgniter.php(507): CodeIgniter\CodeIgniter->runController(Object(App\Controllers\LaporanController))
#10 C:\xampp\htdocs\sistem-monitoring-kebencanaan\system\CodeIgniter.php(354): CodeIgniter\CodeIgniter->handleRequest(NULL, Object(Config\Cache), false)
#11 C:\xampp\htdocs\sistem-monitoring-kebencanaan\system\Boot.php(334): CodeIgniter\CodeIgniter->run()
#12 C:\xampp\htdocs\sistem-monitoring-kebencanaan\system\Boot.php(67): CodeIgniter\Boot::runCodeIgniter(Object(CodeIgniter\CodeIgniter))
#13 C:\xampp\htdocs\sistem-monitoring-kebencanaan\public\index.php(56): CodeIgniter\Boot::bootWeb(Object(Config\Paths))
#14 {main}
CRITICAL - 2025-06-18 16:19:24 --> CodeIgniter\Database\Exceptions\DatabaseException: Cannot add or update a child row: a foreign key constraint fails (`monitor_bencana`.`laporan`, CONSTRAINT `fk_laporan_perangkat` FOREIGN KEY (`id_perangkat`) REFERENCES `perangkat` (`id_perangkat`) ON UPDATE CASCADE)
[Method: POST, Route: laporan/simpan]
in SYSTEMPATH\Database\BaseConnection.php on line 692.
 1 SYSTEMPATH\Database\BaseBuilder.php(2345): CodeIgniter\Database\BaseConnection->query('INSERT INTO `laporan` (`nama_bencana`, `status_bencana`, `deskripsi`) VALUES (:nama_bencana:, :status_bencana:, :deskripsi:)', [...], false)
 2 SYSTEMPATH\Model.php(394): CodeIgniter\Database\BaseBuilder->insert()
 3 SYSTEMPATH\BaseModel.php(839): CodeIgniter\Model->doInsert([...])
 4 SYSTEMPATH\Model.php(800): CodeIgniter\BaseModel->insert([...], true)
 5 APPPATH\Controllers\LaporanController.php(86): CodeIgniter\Model->insert([...])
 6 SYSTEMPATH\CodeIgniter.php(933): App\Controllers\LaporanController->simpan()
 7 SYSTEMPATH\CodeIgniter.php(507): CodeIgniter\CodeIgniter->runController(Object(App\Controllers\LaporanController))
 8 SYSTEMPATH\CodeIgniter.php(354): CodeIgniter\CodeIgniter->handleRequest(null, Object(Config\Cache), false)
 9 SYSTEMPATH\Boot.php(334): CodeIgniter\CodeIgniter->run()
10 SYSTEMPATH\Boot.php(67): CodeIgniter\Boot::runCodeIgniter(Object(CodeIgniter\CodeIgniter))
11 FCPATH\index.php(56): CodeIgniter\Boot::bootWeb(Object(Config\Paths))
CRITICAL - 2025-06-18 16:19:24 --> [Caused by] CodeIgniter\Database\Exceptions\DatabaseException: Cannot add or update a child row: a foreign key constraint fails (`monitor_bencana`.`laporan`, CONSTRAINT `fk_laporan_perangkat` FOREIGN KEY (`id_perangkat`) REFERENCES `perangkat` (`id_perangkat`) ON UPDATE CASCADE)
in SYSTEMPATH\Database\MySQLi\Connection.php on line 332.
 1 SYSTEMPATH\Database\BaseConnection.php(738): CodeIgniter\Database\MySQLi\Connection->execute('INSERT INTO `laporan` (`nama_bencana`, `status_bencana`, `deskripsi`) VALUES (\'kebakaran\', \'Aktif\', \'Tes\')')
 2 SYSTEMPATH\Database\BaseConnection.php(652): CodeIgniter\Database\BaseConnection->simpleQuery('INSERT INTO `laporan` (`nama_bencana`, `status_bencana`, `deskripsi`) VALUES (\'kebakaran\', \'Aktif\', \'Tes\')')
 3 SYSTEMPATH\Database\BaseBuilder.php(2345): CodeIgniter\Database\BaseConnection->query('INSERT INTO `laporan` (`nama_bencana`, `status_bencana`, `deskripsi`) VALUES (:nama_bencana:, :status_bencana:, :deskripsi:)', [...], false)
 4 SYSTEMPATH\Model.php(394): CodeIgniter\Database\BaseBuilder->insert()
 5 SYSTEMPATH\BaseModel.php(839): CodeIgniter\Model->doInsert([...])
 6 SYSTEMPATH\Model.php(800): CodeIgniter\BaseModel->insert([...], true)
 7 APPPATH\Controllers\LaporanController.php(86): CodeIgniter\Model->insert([...])
 8 SYSTEMPATH\CodeIgniter.php(933): App\Controllers\LaporanController->simpan()
 9 SYSTEMPATH\CodeIgniter.php(507): CodeIgniter\CodeIgniter->runController(Object(App\Controllers\LaporanController))
10 SYSTEMPATH\CodeIgniter.php(354): CodeIgniter\CodeIgniter->handleRequest(null, Object(Config\Cache), false)
11 SYSTEMPATH\Boot.php(334): CodeIgniter\CodeIgniter->run()
12 SYSTEMPATH\Boot.php(67): CodeIgniter\Boot::runCodeIgniter(Object(CodeIgniter\CodeIgniter))
13 FCPATH\index.php(56): CodeIgniter\Boot::bootWeb(Object(Config\Paths))
CRITICAL - 2025-06-18 16:19:24 --> [Caused by] mysqli_sql_exception: Cannot add or update a child row: a foreign key constraint fails (`monitor_bencana`.`laporan`, CONSTRAINT `fk_laporan_perangkat` FOREIGN KEY (`id_perangkat`) REFERENCES `perangkat` (`id_perangkat`) ON UPDATE CASCADE)
in SYSTEMPATH\Database\MySQLi\Connection.php on line 327.
 1 SYSTEMPATH\Database\MySQLi\Connection.php(327): mysqli->query('INSERT INTO `laporan` (`nama_bencana`, `status_bencana`, `deskripsi`) VALUES (\'kebakaran\', \'Aktif\', \'Tes\')', 0)
 2 SYSTEMPATH\Database\BaseConnection.php(738): CodeIgniter\Database\MySQLi\Connection->execute('INSERT INTO `laporan` (`nama_bencana`, `status_bencana`, `deskripsi`) VALUES (\'kebakaran\', \'Aktif\', \'Tes\')')
 3 SYSTEMPATH\Database\BaseConnection.php(652): CodeIgniter\Database\BaseConnection->simpleQuery('INSERT INTO `laporan` (`nama_bencana`, `status_bencana`, `deskripsi`) VALUES (\'kebakaran\', \'Aktif\', \'Tes\')')
 4 SYSTEMPATH\Database\BaseBuilder.php(2345): CodeIgniter\Database\BaseConnection->query('INSERT INTO `laporan` (`nama_bencana`, `status_bencana`, `deskripsi`) VALUES (:nama_bencana:, :status_bencana:, :deskripsi:)', [...], false)
 5 SYSTEMPATH\Model.php(394): CodeIgniter\Database\BaseBuilder->insert()
 6 SYSTEMPATH\BaseModel.php(839): CodeIgniter\Model->doInsert([...])
 7 SYSTEMPATH\Model.php(800): CodeIgniter\BaseModel->insert([...], true)
 8 APPPATH\Controllers\LaporanController.php(86): CodeIgniter\Model->insert([...])
 9 SYSTEMPATH\CodeIgniter.php(933): App\Controllers\LaporanController->simpan()
10 SYSTEMPATH\CodeIgniter.php(507): CodeIgniter\CodeIgniter->runController(Object(App\Controllers\LaporanController))
11 SYSTEMPATH\CodeIgniter.php(354): CodeIgniter\CodeIgniter->handleRequest(null, Object(Config\Cache), false)
12 SYSTEMPATH\Boot.php(334): CodeIgniter\CodeIgniter->run()
13 SYSTEMPATH\Boot.php(67): CodeIgniter\Boot::runCodeIgniter(Object(CodeIgniter\CodeIgniter))
14 FCPATH\index.php(56): CodeIgniter\Boot::bootWeb(Object(Config\Paths))
DEBUG - 2025-06-18 16:20:25 --> Session: Class initialized using 'CodeIgniter\Session\Handlers\FileHandler' driver.
DEBUG - 2025-06-18 16:20:42 --> Session: Class initialized using 'CodeIgniter\Session\Handlers\FileHandler' driver.
DEBUG - 2025-06-18 16:20:44 --> Session: Class initialized using 'CodeIgniter\Session\Handlers\FileHandler' driver.
DEBUG - 2025-06-18 16:20:49 --> Session: Class initialized using 'CodeIgniter\Session\Handlers\FileHandler' driver.
DEBUG - 2025-06-18 16:21:29 --> Session: Class initialized using 'CodeIgniter\Session\Handlers\FileHandler' driver.
DEBUG - 2025-06-18 16:21:57 --> Session: Class initialized using 'CodeIgniter\Session\Handlers\FileHandler' driver.
